{"E:\\projects\\react-markdown\\src\\client\\components\\PlainMarkdownInput\\buttons\\BoldButton.js":{"path":"E:\\projects\\react-markdown\\src\\client\\components\\PlainMarkdownInput\\buttons\\BoldButton.js","statementMap":{"0":{"start":{"line":3,"column":0},"end":{"line":5,"column":3}},"1":{"start":{"line":7,"column":13},"end":{"line":7,"column":29}},"2":{"start":{"line":9,"column":14},"end":{"line":9,"column":44}},"3":{"start":{"line":11,"column":17},"end":{"line":11,"column":38}},"4":{"start":{"line":13,"column":18},"end":{"line":13,"column":52}},"5":{"start":{"line":15,"column":18},"end":{"line":15,"column":39}},"6":{"start":{"line":17,"column":19},"end":{"line":17,"column":54}},"7":{"start":{"line":19,"column":18},"end":{"line":19,"column":48}},"8":{"start":{"line":21,"column":39},"end":{"line":21,"column":93}},"9":{"start":{"line":23,"column":25},"end":{"line":43,"column":1}},"10":{"start":{"line":24,"column":14},"end":{"line":24,"column":24}},"11":{"start":{"line":25,"column":17},"end":{"line":25,"column":30}},"12":{"start":{"line":26,"column":17},"end":{"line":26,"column":30}},"13":{"start":{"line":28,"column":15},"end":{"line":28,"column":54}},"14":{"start":{"line":30,"column":2},"end":{"line":42,"column":4}},"15":{"start":{"line":36,"column":8},"end":{"line":36,"column":120}},"16":{"start":{"line":45,"column":0},"end":{"line":49,"column":2}},"17":{"start":{"line":51,"column":0},"end":{"line":51,"column":37}}},"fnMap":{"0":{"name":"_interopRequireDefault","decl":{"start":{"line":21,"column":9},"end":{"line":21,"column":31}},"loc":{"start":{"line":21,"column":37},"end":{"line":21,"column":95}},"line":21},"1":{"name":"MarkdownBoldButton","decl":{"start":{"line":23,"column":34},"end":{"line":23,"column":52}},"loc":{"start":{"line":23,"column":59},"end":{"line":43,"column":1}},"line":23},"2":{"name":"onClick","decl":{"start":{"line":35,"column":24},"end":{"line":35,"column":31}},"loc":{"start":{"line":35,"column":35},"end":{"line":37,"column":7}},"line":35}},"branchMap":{"0":{"loc":{"start":{"line":21,"column":46},"end":{"line":21,"column":92}},"type":"cond-expr","locations":[{"start":{"line":21,"column":70},"end":{"line":21,"column":73}},{"start":{"line":21,"column":76},"end":{"line":21,"column":92}}],"line":21},"1":{"loc":{"start":{"line":21,"column":46},"end":{"line":21,"column":67}},"type":"binary-expr","locations":[{"start":{"line":21,"column":46},"end":{"line":21,"column":49}},{"start":{"line":21,"column":53},"end":{"line":21,"column":67}}],"line":21},"2":{"loc":{"start":{"line":34,"column":16},"end":{"line":34,"column":73}},"type":"binary-expr","locations":[{"start":{"line":34,"column":16},"end":{"line":34,"column":24}},{"start":{"line":34,"column":28},"end":{"line":34,"column":73}}],"line":34},"3":{"loc":{"start":{"line":36,"column":24},"end":{"line":36,"column":118}},"type":"cond-expr","locations":[{"start":{"line":36,"column":33},"end":{"line":36,"column":75}},{"start":{"line":36,"column":78},"end":{"line":36,"column":118}}],"line":36}},"s":{"0":1,"1":1,"2":1,"3":1,"4":1,"5":1,"6":1,"7":1,"8":3,"9":1,"10":22,"11":22,"12":22,"13":22,"14":22,"15":2,"16":1,"17":1},"f":{"0":3,"1":22,"2":2},"b":{"0":[0,3],"1":[3,3],"2":[22,15],"3":[1,1]},"_coverageSchema":"332fd63041d2c1bcb487cc26dd0d5f7d97098a6c","hash":"6c75a9829b6fc3cf7d434367c2d90f1727dc4070","contentHash":"bd5c697007dd08a0674ee13d99a92707_11.1.0"},"E:\\projects\\react-markdown\\src\\client\\components\\PlainMarkdownInput\\slate\\transforms.js":{"path":"E:\\projects\\react-markdown\\src\\client\\components\\PlainMarkdownInput\\slate\\transforms.js","statementMap":{"0":{"start":{"line":3,"column":0},"end":{"line":5,"column":3}},"1":{"start":{"line":7,"column":15},"end":{"line":7,"column":28}},"2":{"start":{"line":8,"column":15},"end":{"line":8,"column":22}},"3":{"start":{"line":9,"column":15},"end":{"line":9,"column":21}},"4":{"start":{"line":10,"column":15},"end":{"line":10,"column":22}},"5":{"start":{"line":11,"column":15},"end":{"line":11,"column":23}},"6":{"start":{"line":12,"column":15},"end":{"line":12,"column":24}},"7":{"start":{"line":13,"column":15},"end":{"line":13,"column":25}},"8":{"start":{"line":14,"column":15},"end":{"line":14,"column":26}},"9":{"start":{"line":22,"column":15},"end":{"line":27,"column":1}},"10":{"start":{"line":23,"column":18},"end":{"line":23,"column":33}},"11":{"start":{"line":25,"column":20},"end":{"line":25,"column":34}},"12":{"start":{"line":26,"column":2},"end":{"line":26,"column":34}},"13":{"start":{"line":35,"column":18},"end":{"line":40,"column":1}},"14":{"start":{"line":36,"column":20},"end":{"line":36,"column":37}},"15":{"start":{"line":37,"column":18},"end":{"line":37,"column":33}},"16":{"start":{"line":39,"column":2},"end":{"line":39,"column":185}},"17":{"start":{"line":49,"column":16},"end":{"line":66,"column":1}},"18":{"start":{"line":50,"column":20},"end":{"line":50,"column":37}},"19":{"start":{"line":51,"column":18},"end":{"line":51,"column":33}},"20":{"start":{"line":52,"column":18},"end":{"line":52,"column":33}},"21":{"start":{"line":54,"column":20},"end":{"line":54,"column":34}},"22":{"start":{"line":55,"column":10},"end":{"line":55,"column":44}},"23":{"start":{"line":56,"column":15},"end":{"line":56,"column":16}},"24":{"start":{"line":57,"column":2},"end":{"line":64,"column":3}},"25":{"start":{"line":58,"column":17},"end":{"line":58,"column":48}},"26":{"start":{"line":59,"column":4},"end":{"line":63,"column":5}},"27":{"start":{"line":60,"column":6},"end":{"line":60,"column":32}},"28":{"start":{"line":61,"column":6},"end":{"line":61,"column":30}},"29":{"start":{"line":62,"column":6},"end":{"line":62,"column":12}},"30":{"start":{"line":65,"column":2},"end":{"line":65,"column":154}},"31":{"start":{"line":73,"column":24},"end":{"line":85,"column":1}},"32":{"start":{"line":74,"column":20},"end":{"line":74,"column":37}},"33":{"start":{"line":75,"column":18},"end":{"line":75,"column":33}},"34":{"start":{"line":76,"column":18},"end":{"line":76,"column":33}},"35":{"start":{"line":78,"column":20},"end":{"line":78,"column":34}},"36":{"start":{"line":79,"column":2},"end":{"line":84,"column":3}},"37":{"start":{"line":80,"column":15},"end":{"line":80,"column":64}},"38":{"start":{"line":81,"column":4},"end":{"line":81,"column":62}},"39":{"start":{"line":83,"column":4},"end":{"line":83,"column":17}},"40":{"start":{"line":92,"column":25},"end":{"line":104,"column":1}},"41":{"start":{"line":93,"column":20},"end":{"line":93,"column":37}},"42":{"start":{"line":94,"column":18},"end":{"line":94,"column":33}},"43":{"start":{"line":96,"column":10},"end":{"line":96,"column":27}},"44":{"start":{"line":97,"column":2},"end":{"line":102,"column":3}},"45":{"start":{"line":98,"column":15},"end":{"line":98,"column":17}},"46":{"start":{"line":99,"column":4},"end":{"line":99,"column":69}},"47":{"start":{"line":101,"column":4},"end":{"line":101,"column":25}},"48":{"start":{"line":103,"column":2},"end":{"line":103,"column":27}},"49":{"start":{"line":111,"column":27},"end":{"line":117,"column":1}},"50":{"start":{"line":112,"column":20},"end":{"line":112,"column":37}},"51":{"start":{"line":113,"column":18},"end":{"line":113,"column":33}},"52":{"start":{"line":114,"column":18},"end":{"line":114,"column":33}},"53":{"start":{"line":116,"column":2},"end":{"line":116,"column":139}},"54":{"start":{"line":124,"column":22},"end":{"line":136,"column":1}},"55":{"start":{"line":125,"column":20},"end":{"line":125,"column":37}},"56":{"start":{"line":126,"column":18},"end":{"line":126,"column":33}},"57":{"start":{"line":127,"column":18},"end":{"line":127,"column":33}},"58":{"start":{"line":129,"column":20},"end":{"line":129,"column":34}},"59":{"start":{"line":130,"column":2},"end":{"line":135,"column":3}},"60":{"start":{"line":131,"column":15},"end":{"line":131,"column":64}},"61":{"start":{"line":132,"column":4},"end":{"line":132,"column":64}},"62":{"start":{"line":134,"column":4},"end":{"line":134,"column":17}},"63":{"start":{"line":143,"column":23},"end":{"line":155,"column":1}},"64":{"start":{"line":144,"column":20},"end":{"line":144,"column":37}},"65":{"start":{"line":145,"column":18},"end":{"line":145,"column":33}},"66":{"start":{"line":147,"column":10},"end":{"line":147,"column":27}},"67":{"start":{"line":148,"column":2},"end":{"line":153,"column":3}},"68":{"start":{"line":149,"column":15},"end":{"line":149,"column":17}},"69":{"start":{"line":150,"column":4},"end":{"line":150,"column":71}},"70":{"start":{"line":152,"column":4},"end":{"line":152,"column":27}},"71":{"start":{"line":154,"column":2},"end":{"line":154,"column":27}},"72":{"start":{"line":162,"column":25},"end":{"line":168,"column":1}},"73":{"start":{"line":163,"column":20},"end":{"line":163,"column":37}},"74":{"start":{"line":164,"column":18},"end":{"line":164,"column":33}},"75":{"start":{"line":165,"column":18},"end":{"line":165,"column":33}},"76":{"start":{"line":167,"column":2},"end":{"line":167,"column":139}},"77":{"start":{"line":175,"column":31},"end":{"line":187,"column":1}},"78":{"start":{"line":176,"column":20},"end":{"line":176,"column":37}},"79":{"start":{"line":177,"column":18},"end":{"line":177,"column":33}},"80":{"start":{"line":178,"column":18},"end":{"line":178,"column":33}},"81":{"start":{"line":180,"column":20},"end":{"line":180,"column":34}},"82":{"start":{"line":181,"column":2},"end":{"line":186,"column":3}},"83":{"start":{"line":182,"column":15},"end":{"line":182,"column":64}},"84":{"start":{"line":183,"column":4},"end":{"line":183,"column":64}},"85":{"start":{"line":185,"column":4},"end":{"line":185,"column":17}},"86":{"start":{"line":194,"column":32},"end":{"line":206,"column":1}},"87":{"start":{"line":195,"column":20},"end":{"line":195,"column":37}},"88":{"start":{"line":196,"column":18},"end":{"line":196,"column":33}},"89":{"start":{"line":198,"column":10},"end":{"line":198,"column":27}},"90":{"start":{"line":199,"column":2},"end":{"line":204,"column":3}},"91":{"start":{"line":200,"column":15},"end":{"line":200,"column":17}},"92":{"start":{"line":201,"column":4},"end":{"line":201,"column":71}},"93":{"start":{"line":203,"column":4},"end":{"line":203,"column":27}},"94":{"start":{"line":205,"column":2},"end":{"line":205,"column":27}},"95":{"start":{"line":213,"column":34},"end":{"line":219,"column":1}},"96":{"start":{"line":214,"column":20},"end":{"line":214,"column":37}},"97":{"start":{"line":215,"column":18},"end":{"line":215,"column":33}},"98":{"start":{"line":216,"column":18},"end":{"line":216,"column":33}},"99":{"start":{"line":218,"column":2},"end":{"line":218,"column":139}},"100":{"start":{"line":226,"column":32},"end":{"line":233,"column":1}},"101":{"start":{"line":227,"column":18},"end":{"line":227,"column":33}},"102":{"start":{"line":229,"column":20},"end":{"line":229,"column":34}},"103":{"start":{"line":230,"column":15},"end":{"line":230,"column":41}},"104":{"start":{"line":231,"column":15},"end":{"line":231,"column":31}},"105":{"start":{"line":232,"column":2},"end":{"line":232,"column":36}},"106":{"start":{"line":240,"column":23},"end":{"line":253,"column":1}},"107":{"start":{"line":241,"column":20},"end":{"line":241,"column":37}},"108":{"start":{"line":242,"column":18},"end":{"line":242,"column":33}},"109":{"start":{"line":244,"column":10},"end":{"line":244,"column":27}},"110":{"start":{"line":245,"column":12},"end":{"line":245,"column":32}},"111":{"start":{"line":246,"column":2},"end":{"line":251,"column":3}},"112":{"start":{"line":247,"column":15},"end":{"line":247,"column":41}},"113":{"start":{"line":248,"column":4},"end":{"line":248,"column":76}},"114":{"start":{"line":250,"column":4},"end":{"line":250,"column":95}},"115":{"start":{"line":252,"column":2},"end":{"line":252,"column":27}},"116":{"start":{"line":261,"column":28},"end":{"line":266,"column":1}},"117":{"start":{"line":262,"column":23},"end":{"line":262,"column":37}},"118":{"start":{"line":263,"column":17},"end":{"line":263,"column":40}},"119":{"start":{"line":264,"column":15},"end":{"line":264,"column":36}},"120":{"start":{"line":265,"column":2},"end":{"line":265,"column":29}},"121":{"start":{"line":268,"column":31},"end":{"line":268,"column":95}},"122":{"start":{"line":269,"column":29},"end":{"line":269,"column":91}},"123":{"start":{"line":270,"column":27},"end":{"line":270,"column":87}},"124":{"start":{"line":271,"column":27},"end":{"line":271,"column":87}},"125":{"start":{"line":272,"column":29},"end":{"line":272,"column":91}},"126":{"start":{"line":273,"column":28},"end":{"line":273,"column":89}},"127":{"start":{"line":274,"column":28},"end":{"line":274,"column":89}},"128":{"start":{"line":275,"column":27},"end":{"line":275,"column":87}},"129":{"start":{"line":276,"column":30},"end":{"line":276,"column":99}},"130":{"start":{"line":277,"column":30},"end":{"line":277,"column":100}},"131":{"start":{"line":278,"column":32},"end":{"line":278,"column":105}},"132":{"start":{"line":279,"column":31},"end":{"line":279,"column":104}},"133":{"start":{"line":280,"column":31},"end":{"line":280,"column":105}},"134":{"start":{"line":281,"column":30},"end":{"line":281,"column":104}},"135":{"start":{"line":282,"column":32},"end":{"line":282,"column":166}},"136":{"start":{"line":283,"column":34},"end":{"line":283,"column":107}},"137":{"start":{"line":284,"column":30},"end":{"line":284,"column":163}},"138":{"start":{"line":285,"column":28},"end":{"line":285,"column":158}},"139":{"start":{"line":286,"column":28},"end":{"line":286,"column":159}},"140":{"start":{"line":287,"column":30},"end":{"line":287,"column":164}},"141":{"start":{"line":288,"column":29},"end":{"line":288,"column":163}},"142":{"start":{"line":289,"column":29},"end":{"line":289,"column":164}},"143":{"start":{"line":290,"column":28},"end":{"line":290,"column":163}}},"fnMap":{"0":{"name":"hasBlock","decl":{"start":{"line":22,"column":24},"end":{"line":22,"column":32}},"loc":{"start":{"line":22,"column":48},"end":{"line":27,"column":1}},"line":22},"1":{"name":"unwrapBlock","decl":{"start":{"line":35,"column":27},"end":{"line":35,"column":38}},"loc":{"start":{"line":35,"column":61},"end":{"line":40,"column":1}},"line":35},"2":{"name":"wrapBlock","decl":{"start":{"line":49,"column":25},"end":{"line":49,"column":34}},"loc":{"start":{"line":49,"column":60},"end":{"line":66,"column":1}},"line":49},"3":{"name":"hasItalicMarkdown","decl":{"start":{"line":73,"column":61},"end":{"line":73,"column":78}},"loc":{"start":{"line":73,"column":86},"end":{"line":85,"column":1}},"line":73},"4":{"name":"wrapItalicMarkdown","decl":{"start":{"line":92,"column":63},"end":{"line":92,"column":81}},"loc":{"start":{"line":92,"column":89},"end":{"line":104,"column":1}},"line":92},"5":{"name":"unwrapItalicMarkdown","decl":{"start":{"line":111,"column":67},"end":{"line":111,"column":87}},"loc":{"start":{"line":111,"column":95},"end":{"line":117,"column":1}},"line":111},"6":{"name":"hasBoldMarkdown","decl":{"start":{"line":124,"column":57},"end":{"line":124,"column":72}},"loc":{"start":{"line":124,"column":80},"end":{"line":136,"column":1}},"line":124},"7":{"name":"wrapBoldMarkdown","decl":{"start":{"line":143,"column":59},"end":{"line":143,"column":75}},"loc":{"start":{"line":143,"column":83},"end":{"line":155,"column":1}},"line":143},"8":{"name":"unwrapBoldMarkdown","decl":{"start":{"line":162,"column":63},"end":{"line":162,"column":81}},"loc":{"start":{"line":162,"column":89},"end":{"line":168,"column":1}},"line":162},"9":{"name":"hasStrikethroughMarkdown","decl":{"start":{"line":175,"column":75},"end":{"line":175,"column":99}},"loc":{"start":{"line":175,"column":107},"end":{"line":187,"column":1}},"line":175},"10":{"name":"wrapStrikethroughMarkdown","decl":{"start":{"line":194,"column":77},"end":{"line":194,"column":102}},"loc":{"start":{"line":194,"column":110},"end":{"line":206,"column":1}},"line":194},"11":{"name":"unwrapStrikethroughMarkdown","decl":{"start":{"line":213,"column":81},"end":{"line":213,"column":108}},"loc":{"start":{"line":213,"column":116},"end":{"line":219,"column":1}},"line":213},"12":{"name":"unwrapOrderedListMarkdown","decl":{"start":{"line":226,"column":77},"end":{"line":226,"column":102}},"loc":{"start":{"line":226,"column":110},"end":{"line":233,"column":1}},"line":226},"13":{"name":"wrapLinkMarkdown","decl":{"start":{"line":240,"column":59},"end":{"line":240,"column":75}},"loc":{"start":{"line":240,"column":83},"end":{"line":253,"column":1}},"line":240},"14":{"name":"hasMultiLineSelection","decl":{"start":{"line":261,"column":69},"end":{"line":261,"column":90}},"loc":{"start":{"line":261,"column":97},"end":{"line":266,"column":1}},"line":261}},"branchMap":{"0":{"loc":{"start":{"line":59,"column":4},"end":{"line":63,"column":5}},"type":"if","locations":[{"start":{"line":59,"column":4},"end":{"line":63,"column":5}},{"start":{"line":59,"column":4},"end":{"line":63,"column":5}}],"line":59},"1":{"loc":{"start":{"line":79,"column":2},"end":{"line":84,"column":3}},"type":"if","locations":[{"start":{"line":79,"column":2},"end":{"line":84,"column":3}},{"start":{"line":79,"column":2},"end":{"line":84,"column":3}}],"line":79},"2":{"loc":{"start":{"line":79,"column":6},"end":{"line":79,"column":65}},"type":"binary-expr","locations":[{"start":{"line":79,"column":6},"end":{"line":79,"column":26}},{"start":{"line":79,"column":30},"end":{"line":79,"column":65}}],"line":79},"3":{"loc":{"start":{"line":81,"column":11},"end":{"line":81,"column":61}},"type":"binary-expr","locations":[{"start":{"line":81,"column":11},"end":{"line":81,"column":15}},{"start":{"line":81,"column":19},"end":{"line":81,"column":39}},{"start":{"line":81,"column":43},"end":{"line":81,"column":61}}],"line":81},"4":{"loc":{"start":{"line":97,"column":2},"end":{"line":102,"column":3}},"type":"if","locations":[{"start":{"line":97,"column":2},"end":{"line":102,"column":3}},{"start":{"line":97,"column":2},"end":{"line":102,"column":3}}],"line":97},"5":{"loc":{"start":{"line":130,"column":2},"end":{"line":135,"column":3}},"type":"if","locations":[{"start":{"line":130,"column":2},"end":{"line":135,"column":3}},{"start":{"line":130,"column":2},"end":{"line":135,"column":3}}],"line":130},"6":{"loc":{"start":{"line":130,"column":6},"end":{"line":130,"column":65}},"type":"binary-expr","locations":[{"start":{"line":130,"column":6},"end":{"line":130,"column":26}},{"start":{"line":130,"column":30},"end":{"line":130,"column":65}}],"line":130},"7":{"loc":{"start":{"line":132,"column":11},"end":{"line":132,"column":63}},"type":"binary-expr","locations":[{"start":{"line":132,"column":11},"end":{"line":132,"column":15}},{"start":{"line":132,"column":19},"end":{"line":132,"column":40}},{"start":{"line":132,"column":44},"end":{"line":132,"column":63}}],"line":132},"8":{"loc":{"start":{"line":148,"column":2},"end":{"line":153,"column":3}},"type":"if","locations":[{"start":{"line":148,"column":2},"end":{"line":153,"column":3}},{"start":{"line":148,"column":2},"end":{"line":153,"column":3}}],"line":148},"9":{"loc":{"start":{"line":181,"column":2},"end":{"line":186,"column":3}},"type":"if","locations":[{"start":{"line":181,"column":2},"end":{"line":186,"column":3}},{"start":{"line":181,"column":2},"end":{"line":186,"column":3}}],"line":181},"10":{"loc":{"start":{"line":181,"column":6},"end":{"line":181,"column":65}},"type":"binary-expr","locations":[{"start":{"line":181,"column":6},"end":{"line":181,"column":26}},{"start":{"line":181,"column":30},"end":{"line":181,"column":65}}],"line":181},"11":{"loc":{"start":{"line":183,"column":11},"end":{"line":183,"column":63}},"type":"binary-expr","locations":[{"start":{"line":183,"column":11},"end":{"line":183,"column":15}},{"start":{"line":183,"column":19},"end":{"line":183,"column":40}},{"start":{"line":183,"column":44},"end":{"line":183,"column":63}}],"line":183},"12":{"loc":{"start":{"line":199,"column":2},"end":{"line":204,"column":3}},"type":"if","locations":[{"start":{"line":199,"column":2},"end":{"line":204,"column":3}},{"start":{"line":199,"column":2},"end":{"line":204,"column":3}}],"line":199},"13":{"loc":{"start":{"line":246,"column":2},"end":{"line":251,"column":3}},"type":"if","locations":[{"start":{"line":246,"column":2},"end":{"line":251,"column":3}},{"start":{"line":246,"column":2},"end":{"line":251,"column":3}}],"line":246}},"s":{"0":1,"1":1,"2":1,"3":1,"4":1,"5":1,"6":1,"7":1,"8":1,"9":1,"10":148,"11":148,"12":148,"13":1,"14":8,"15":8,"16":8,"17":1,"18":8,"19":8,"20":8,"21":8,"22":8,"23":8,"24":8,"25":20,"26":20,"27":8,"28":8,"29":8,"30":8,"31":1,"32":22,"33":22,"34":22,"35":22,"36":22,"37":3,"38":3,"39":19,"40":1,"41":1,"42":1,"43":1,"44":1,"45":0,"46":0,"47":1,"48":1,"49":1,"50":1,"51":1,"52":1,"53":1,"54":1,"55":22,"56":22,"57":22,"58":22,"59":22,"60":3,"61":3,"62":19,"63":1,"64":1,"65":1,"66":1,"67":1,"68":0,"69":0,"70":1,"71":1,"72":1,"73":1,"74":1,"75":1,"76":1,"77":1,"78":22,"79":22,"80":22,"81":22,"82":22,"83":3,"84":3,"85":19,"86":1,"87":1,"88":1,"89":1,"90":1,"91":0,"92":0,"93":1,"94":1,"95":1,"96":1,"97":1,"98":1,"99":1,"100":1,"101":1,"102":1,"103":1,"104":1,"105":1,"106":1,"107":2,"108":2,"109":2,"110":2,"111":2,"112":1,"113":1,"114":1,"115":2,"116":1,"117":98,"118":98,"119":98,"120":98,"121":1,"122":1,"123":1,"124":1,"125":1,"126":1,"127":1,"128":1,"129":1,"130":1,"131":1,"132":1,"133":1,"134":1,"135":1,"136":1,"137":1,"138":1,"139":1,"140":1,"141":1,"142":1,"143":1},"f":{"0":148,"1":8,"2":8,"3":22,"4":1,"5":1,"6":22,"7":1,"8":1,"9":22,"10":1,"11":1,"12":1,"13":2,"14":98},"b":{"0":[8,12],"1":[3,19],"2":[22,4],"3":[3,3,3],"4":[0,1],"5":[3,19],"6":[22,4],"7":[3,3,3],"8":[0,1],"9":[3,19],"10":[22,4],"11":[3,3,3],"12":[0,1],"13":[1,1]},"_coverageSchema":"332fd63041d2c1bcb487cc26dd0d5f7d97098a6c","hash":"ae4d3302a7f7d2c1dca0456f8aca8d65ad57330f","contentHash":"03e4333962a69553683933ce92384d63_11.1.0"},"E:\\projects\\react-markdown\\src\\client\\components\\PlainMarkdownInput\\buttons\\HeaderFiveButton.js":{"path":"E:\\projects\\react-markdown\\src\\client\\components\\PlainMarkdownInput\\buttons\\HeaderFiveButton.js","statementMap":{"0":{"start":{"line":3,"column":0},"end":{"line":5,"column":3}},"1":{"start":{"line":7,"column":13},"end":{"line":7,"column":29}},"2":{"start":{"line":9,"column":14},"end":{"line":9,"column":44}},"3":{"start":{"line":11,"column":17},"end":{"line":11,"column":38}},"4":{"start":{"line":13,"column":18},"end":{"line":13,"column":52}},"5":{"start":{"line":15,"column":16},"end":{"line":15,"column":55}},"6":{"start":{"line":17,"column":17},"end":{"line":17,"column":50}},"7":{"start":{"line":19,"column":18},"end":{"line":19,"column":48}},"8":{"start":{"line":21,"column":39},"end":{"line":21,"column":93}},"9":{"start":{"line":23,"column":31},"end":{"line":41,"column":1}},"10":{"start":{"line":24,"column":14},"end":{"line":24,"column":24}},"11":{"start":{"line":25,"column":17},"end":{"line":25,"column":30}},"12":{"start":{"line":27,"column":15},"end":{"line":27,"column":60}},"13":{"start":{"line":28,"column":2},"end":{"line":40,"column":4}},"14":{"start":{"line":32,"column":8},"end":{"line":32,"column":132}},"15":{"start":{"line":43,"column":0},"end":{"line":46,"column":2}},"16":{"start":{"line":48,"column":0},"end":{"line":48,"column":43}}},"fnMap":{"0":{"name":"_interopRequireDefault","decl":{"start":{"line":21,"column":9},"end":{"line":21,"column":31}},"loc":{"start":{"line":21,"column":37},"end":{"line":21,"column":95}},"line":21},"1":{"name":"MarkdownHeaderFiveButton","decl":{"start":{"line":23,"column":40},"end":{"line":23,"column":64}},"loc":{"start":{"line":23,"column":71},"end":{"line":41,"column":1}},"line":23},"2":{"name":"onClick","decl":{"start":{"line":31,"column":24},"end":{"line":31,"column":31}},"loc":{"start":{"line":31,"column":35},"end":{"line":33,"column":7}},"line":31}},"branchMap":{"0":{"loc":{"start":{"line":21,"column":46},"end":{"line":21,"column":92}},"type":"cond-expr","locations":[{"start":{"line":21,"column":70},"end":{"line":21,"column":73}},{"start":{"line":21,"column":76},"end":{"line":21,"column":92}}],"line":21},"1":{"loc":{"start":{"line":21,"column":46},"end":{"line":21,"column":67}},"type":"binary-expr","locations":[{"start":{"line":21,"column":46},"end":{"line":21,"column":49}},{"start":{"line":21,"column":53},"end":{"line":21,"column":67}}],"line":21},"2":{"loc":{"start":{"line":32,"column":24},"end":{"line":32,"column":130}},"type":"cond-expr","locations":[{"start":{"line":32,"column":33},"end":{"line":32,"column":81}},{"start":{"line":32,"column":84},"end":{"line":32,"column":130}}],"line":32}},"s":{"0":1,"1":1,"2":1,"3":1,"4":1,"5":1,"6":1,"7":1,"8":3,"9":1,"10":18,"11":18,"12":18,"13":18,"14":2,"15":1,"16":1},"f":{"0":3,"1":18,"2":2},"b":{"0":[0,3],"1":[3,3],"2":[1,1]},"_coverageSchema":"332fd63041d2c1bcb487cc26dd0d5f7d97098a6c","hash":"37310b2fe44730cdfedc77ff356f61ef53df8f66","contentHash":"b5f3bb9dd3b617f25bb065a1d1db4dfa_11.1.0"},"E:\\projects\\react-markdown\\src\\client\\components\\PlainMarkdownInput\\buttons\\HeaderFourButton.js":{"path":"E:\\projects\\react-markdown\\src\\client\\components\\PlainMarkdownInput\\buttons\\HeaderFourButton.js","statementMap":{"0":{"start":{"line":3,"column":0},"end":{"line":5,"column":3}},"1":{"start":{"line":7,"column":13},"end":{"line":7,"column":29}},"2":{"start":{"line":9,"column":14},"end":{"line":9,"column":44}},"3":{"start":{"line":11,"column":17},"end":{"line":11,"column":38}},"4":{"start":{"line":13,"column":18},"end":{"line":13,"column":52}},"5":{"start":{"line":15,"column":16},"end":{"line":15,"column":55}},"6":{"start":{"line":17,"column":17},"end":{"line":17,"column":50}},"7":{"start":{"line":19,"column":18},"end":{"line":19,"column":48}},"8":{"start":{"line":21,"column":39},"end":{"line":21,"column":93}},"9":{"start":{"line":23,"column":31},"end":{"line":41,"column":1}},"10":{"start":{"line":24,"column":14},"end":{"line":24,"column":24}},"11":{"start":{"line":25,"column":17},"end":{"line":25,"column":30}},"12":{"start":{"line":27,"column":15},"end":{"line":27,"column":60}},"13":{"start":{"line":28,"column":2},"end":{"line":40,"column":4}},"14":{"start":{"line":32,"column":8},"end":{"line":32,"column":132}},"15":{"start":{"line":43,"column":0},"end":{"line":46,"column":2}},"16":{"start":{"line":48,"column":0},"end":{"line":48,"column":43}}},"fnMap":{"0":{"name":"_interopRequireDefault","decl":{"start":{"line":21,"column":9},"end":{"line":21,"column":31}},"loc":{"start":{"line":21,"column":37},"end":{"line":21,"column":95}},"line":21},"1":{"name":"MarkdownHeaderFourButton","decl":{"start":{"line":23,"column":40},"end":{"line":23,"column":64}},"loc":{"start":{"line":23,"column":71},"end":{"line":41,"column":1}},"line":23},"2":{"name":"onClick","decl":{"start":{"line":31,"column":24},"end":{"line":31,"column":31}},"loc":{"start":{"line":31,"column":35},"end":{"line":33,"column":7}},"line":31}},"branchMap":{"0":{"loc":{"start":{"line":21,"column":46},"end":{"line":21,"column":92}},"type":"cond-expr","locations":[{"start":{"line":21,"column":70},"end":{"line":21,"column":73}},{"start":{"line":21,"column":76},"end":{"line":21,"column":92}}],"line":21},"1":{"loc":{"start":{"line":21,"column":46},"end":{"line":21,"column":67}},"type":"binary-expr","locations":[{"start":{"line":21,"column":46},"end":{"line":21,"column":49}},{"start":{"line":21,"column":53},"end":{"line":21,"column":67}}],"line":21},"2":{"loc":{"start":{"line":32,"column":24},"end":{"line":32,"column":130}},"type":"cond-expr","locations":[{"start":{"line":32,"column":33},"end":{"line":32,"column":81}},{"start":{"line":32,"column":84},"end":{"line":32,"column":130}}],"line":32}},"s":{"0":1,"1":1,"2":1,"3":1,"4":1,"5":1,"6":1,"7":1,"8":3,"9":1,"10":18,"11":18,"12":18,"13":18,"14":2,"15":1,"16":1},"f":{"0":3,"1":18,"2":2},"b":{"0":[0,3],"1":[3,3],"2":[1,1]},"_coverageSchema":"332fd63041d2c1bcb487cc26dd0d5f7d97098a6c","hash":"2b4004797536fa318e96967f9ef8279d3096fb78","contentHash":"3709b75dc79cd2ed118182d298545c21_11.1.0"},"E:\\projects\\react-markdown\\src\\client\\components\\PlainMarkdownInput\\buttons\\HeaderOneButton.js":{"path":"E:\\projects\\react-markdown\\src\\client\\components\\PlainMarkdownInput\\buttons\\HeaderOneButton.js","statementMap":{"0":{"start":{"line":3,"column":0},"end":{"line":5,"column":3}},"1":{"start":{"line":7,"column":13},"end":{"line":7,"column":29}},"2":{"start":{"line":9,"column":14},"end":{"line":9,"column":44}},"3":{"start":{"line":11,"column":17},"end":{"line":11,"column":38}},"4":{"start":{"line":13,"column":18},"end":{"line":13,"column":52}},"5":{"start":{"line":15,"column":16},"end":{"line":15,"column":55}},"6":{"start":{"line":17,"column":17},"end":{"line":17,"column":50}},"7":{"start":{"line":19,"column":18},"end":{"line":19,"column":48}},"8":{"start":{"line":21,"column":39},"end":{"line":21,"column":93}},"9":{"start":{"line":23,"column":30},"end":{"line":41,"column":1}},"10":{"start":{"line":24,"column":14},"end":{"line":24,"column":24}},"11":{"start":{"line":25,"column":17},"end":{"line":25,"column":30}},"12":{"start":{"line":27,"column":15},"end":{"line":27,"column":59}},"13":{"start":{"line":28,"column":2},"end":{"line":40,"column":4}},"14":{"start":{"line":32,"column":8},"end":{"line":32,"column":130}},"15":{"start":{"line":43,"column":0},"end":{"line":46,"column":2}},"16":{"start":{"line":48,"column":0},"end":{"line":48,"column":42}}},"fnMap":{"0":{"name":"_interopRequireDefault","decl":{"start":{"line":21,"column":9},"end":{"line":21,"column":31}},"loc":{"start":{"line":21,"column":37},"end":{"line":21,"column":95}},"line":21},"1":{"name":"MarkdownHeaderOneButton","decl":{"start":{"line":23,"column":39},"end":{"line":23,"column":62}},"loc":{"start":{"line":23,"column":69},"end":{"line":41,"column":1}},"line":23},"2":{"name":"onClick","decl":{"start":{"line":31,"column":24},"end":{"line":31,"column":31}},"loc":{"start":{"line":31,"column":35},"end":{"line":33,"column":7}},"line":31}},"branchMap":{"0":{"loc":{"start":{"line":21,"column":46},"end":{"line":21,"column":92}},"type":"cond-expr","locations":[{"start":{"line":21,"column":70},"end":{"line":21,"column":73}},{"start":{"line":21,"column":76},"end":{"line":21,"column":92}}],"line":21},"1":{"loc":{"start":{"line":21,"column":46},"end":{"line":21,"column":67}},"type":"binary-expr","locations":[{"start":{"line":21,"column":46},"end":{"line":21,"column":49}},{"start":{"line":21,"column":53},"end":{"line":21,"column":67}}],"line":21},"2":{"loc":{"start":{"line":32,"column":24},"end":{"line":32,"column":128}},"type":"cond-expr","locations":[{"start":{"line":32,"column":33},"end":{"line":32,"column":80}},{"start":{"line":32,"column":83},"end":{"line":32,"column":128}}],"line":32}},"s":{"0":1,"1":1,"2":1,"3":1,"4":1,"5":1,"6":1,"7":1,"8":3,"9":1,"10":18,"11":18,"12":18,"13":18,"14":2,"15":1,"16":1},"f":{"0":3,"1":18,"2":2},"b":{"0":[0,3],"1":[3,3],"2":[1,1]},"_coverageSchema":"332fd63041d2c1bcb487cc26dd0d5f7d97098a6c","hash":"cd18d32369ac72debff2570bdaa4d057a9a11f99","contentHash":"466a97025892b225e23075442f35d0ed_11.1.0"},"E:\\projects\\react-markdown\\src\\client\\components\\PlainMarkdownInput\\buttons\\HeaderSixButton.js":{"path":"E:\\projects\\react-markdown\\src\\client\\components\\PlainMarkdownInput\\buttons\\HeaderSixButton.js","statementMap":{"0":{"start":{"line":3,"column":0},"end":{"line":5,"column":3}},"1":{"start":{"line":7,"column":13},"end":{"line":7,"column":29}},"2":{"start":{"line":9,"column":14},"end":{"line":9,"column":44}},"3":{"start":{"line":11,"column":17},"end":{"line":11,"column":38}},"4":{"start":{"line":13,"column":18},"end":{"line":13,"column":52}},"5":{"start":{"line":15,"column":16},"end":{"line":15,"column":55}},"6":{"start":{"line":17,"column":17},"end":{"line":17,"column":50}},"7":{"start":{"line":19,"column":18},"end":{"line":19,"column":48}},"8":{"start":{"line":21,"column":39},"end":{"line":21,"column":93}},"9":{"start":{"line":23,"column":30},"end":{"line":41,"column":1}},"10":{"start":{"line":24,"column":14},"end":{"line":24,"column":24}},"11":{"start":{"line":25,"column":17},"end":{"line":25,"column":30}},"12":{"start":{"line":27,"column":15},"end":{"line":27,"column":59}},"13":{"start":{"line":28,"column":2},"end":{"line":40,"column":4}},"14":{"start":{"line":32,"column":8},"end":{"line":32,"column":130}},"15":{"start":{"line":43,"column":0},"end":{"line":46,"column":2}},"16":{"start":{"line":48,"column":0},"end":{"line":48,"column":42}}},"fnMap":{"0":{"name":"_interopRequireDefault","decl":{"start":{"line":21,"column":9},"end":{"line":21,"column":31}},"loc":{"start":{"line":21,"column":37},"end":{"line":21,"column":95}},"line":21},"1":{"name":"MarkdownHeaderSixButton","decl":{"start":{"line":23,"column":39},"end":{"line":23,"column":62}},"loc":{"start":{"line":23,"column":69},"end":{"line":41,"column":1}},"line":23},"2":{"name":"onClick","decl":{"start":{"line":31,"column":24},"end":{"line":31,"column":31}},"loc":{"start":{"line":31,"column":35},"end":{"line":33,"column":7}},"line":31}},"branchMap":{"0":{"loc":{"start":{"line":21,"column":46},"end":{"line":21,"column":92}},"type":"cond-expr","locations":[{"start":{"line":21,"column":70},"end":{"line":21,"column":73}},{"start":{"line":21,"column":76},"end":{"line":21,"column":92}}],"line":21},"1":{"loc":{"start":{"line":21,"column":46},"end":{"line":21,"column":67}},"type":"binary-expr","locations":[{"start":{"line":21,"column":46},"end":{"line":21,"column":49}},{"start":{"line":21,"column":53},"end":{"line":21,"column":67}}],"line":21},"2":{"loc":{"start":{"line":32,"column":24},"end":{"line":32,"column":128}},"type":"cond-expr","locations":[{"start":{"line":32,"column":33},"end":{"line":32,"column":80}},{"start":{"line":32,"column":83},"end":{"line":32,"column":128}}],"line":32}},"s":{"0":1,"1":1,"2":1,"3":1,"4":1,"5":1,"6":1,"7":1,"8":3,"9":1,"10":18,"11":18,"12":18,"13":18,"14":2,"15":1,"16":1},"f":{"0":3,"1":18,"2":2},"b":{"0":[0,3],"1":[3,3],"2":[1,1]},"_coverageSchema":"332fd63041d2c1bcb487cc26dd0d5f7d97098a6c","hash":"3a83e98ab6b2d35bee69fea7ba598146a649271c","contentHash":"d11ddffb5f1749e75ff203ccf9c09b0c_11.1.0"},"E:\\projects\\react-markdown\\src\\client\\components\\PlainMarkdownInput\\buttons\\HeaderThreeButton.js":{"path":"E:\\projects\\react-markdown\\src\\client\\components\\PlainMarkdownInput\\buttons\\HeaderThreeButton.js","statementMap":{"0":{"start":{"line":3,"column":0},"end":{"line":5,"column":3}},"1":{"start":{"line":7,"column":13},"end":{"line":7,"column":29}},"2":{"start":{"line":9,"column":14},"end":{"line":9,"column":44}},"3":{"start":{"line":11,"column":17},"end":{"line":11,"column":38}},"4":{"start":{"line":13,"column":18},"end":{"line":13,"column":52}},"5":{"start":{"line":15,"column":16},"end":{"line":15,"column":55}},"6":{"start":{"line":17,"column":17},"end":{"line":17,"column":50}},"7":{"start":{"line":19,"column":18},"end":{"line":19,"column":48}},"8":{"start":{"line":21,"column":39},"end":{"line":21,"column":93}},"9":{"start":{"line":23,"column":32},"end":{"line":41,"column":1}},"10":{"start":{"line":24,"column":14},"end":{"line":24,"column":24}},"11":{"start":{"line":25,"column":17},"end":{"line":25,"column":30}},"12":{"start":{"line":27,"column":15},"end":{"line":27,"column":61}},"13":{"start":{"line":28,"column":2},"end":{"line":40,"column":4}},"14":{"start":{"line":32,"column":8},"end":{"line":32,"column":134}},"15":{"start":{"line":43,"column":0},"end":{"line":46,"column":2}},"16":{"start":{"line":48,"column":0},"end":{"line":48,"column":44}}},"fnMap":{"0":{"name":"_interopRequireDefault","decl":{"start":{"line":21,"column":9},"end":{"line":21,"column":31}},"loc":{"start":{"line":21,"column":37},"end":{"line":21,"column":95}},"line":21},"1":{"name":"MarkdownHeaderThreeButton","decl":{"start":{"line":23,"column":41},"end":{"line":23,"column":66}},"loc":{"start":{"line":23,"column":73},"end":{"line":41,"column":1}},"line":23},"2":{"name":"onClick","decl":{"start":{"line":31,"column":24},"end":{"line":31,"column":31}},"loc":{"start":{"line":31,"column":35},"end":{"line":33,"column":7}},"line":31}},"branchMap":{"0":{"loc":{"start":{"line":21,"column":46},"end":{"line":21,"column":92}},"type":"cond-expr","locations":[{"start":{"line":21,"column":70},"end":{"line":21,"column":73}},{"start":{"line":21,"column":76},"end":{"line":21,"column":92}}],"line":21},"1":{"loc":{"start":{"line":21,"column":46},"end":{"line":21,"column":67}},"type":"binary-expr","locations":[{"start":{"line":21,"column":46},"end":{"line":21,"column":49}},{"start":{"line":21,"column":53},"end":{"line":21,"column":67}}],"line":21},"2":{"loc":{"start":{"line":32,"column":24},"end":{"line":32,"column":132}},"type":"cond-expr","locations":[{"start":{"line":32,"column":33},"end":{"line":32,"column":82}},{"start":{"line":32,"column":85},"end":{"line":32,"column":132}}],"line":32}},"s":{"0":1,"1":1,"2":1,"3":1,"4":1,"5":1,"6":1,"7":1,"8":3,"9":1,"10":18,"11":18,"12":18,"13":18,"14":2,"15":1,"16":1},"f":{"0":3,"1":18,"2":2},"b":{"0":[0,3],"1":[3,3],"2":[1,1]},"_coverageSchema":"332fd63041d2c1bcb487cc26dd0d5f7d97098a6c","hash":"86d479f8d63ba170b4d7f11d1e8fd4df8f6d12fd","contentHash":"8ea4132537656d0c90ea335feafa0467_11.1.0"},"E:\\projects\\react-markdown\\src\\client\\components\\PlainMarkdownInput\\buttons\\HeaderTwoButton.js":{"path":"E:\\projects\\react-markdown\\src\\client\\components\\PlainMarkdownInput\\buttons\\HeaderTwoButton.js","statementMap":{"0":{"start":{"line":3,"column":0},"end":{"line":5,"column":3}},"1":{"start":{"line":7,"column":13},"end":{"line":7,"column":29}},"2":{"start":{"line":9,"column":14},"end":{"line":9,"column":44}},"3":{"start":{"line":11,"column":17},"end":{"line":11,"column":38}},"4":{"start":{"line":13,"column":18},"end":{"line":13,"column":52}},"5":{"start":{"line":15,"column":16},"end":{"line":15,"column":55}},"6":{"start":{"line":17,"column":17},"end":{"line":17,"column":50}},"7":{"start":{"line":19,"column":18},"end":{"line":19,"column":48}},"8":{"start":{"line":21,"column":39},"end":{"line":21,"column":93}},"9":{"start":{"line":23,"column":30},"end":{"line":41,"column":1}},"10":{"start":{"line":24,"column":14},"end":{"line":24,"column":24}},"11":{"start":{"line":25,"column":17},"end":{"line":25,"column":30}},"12":{"start":{"line":27,"column":15},"end":{"line":27,"column":59}},"13":{"start":{"line":28,"column":2},"end":{"line":40,"column":4}},"14":{"start":{"line":32,"column":8},"end":{"line":32,"column":130}},"15":{"start":{"line":43,"column":0},"end":{"line":46,"column":2}},"16":{"start":{"line":48,"column":0},"end":{"line":48,"column":42}}},"fnMap":{"0":{"name":"_interopRequireDefault","decl":{"start":{"line":21,"column":9},"end":{"line":21,"column":31}},"loc":{"start":{"line":21,"column":37},"end":{"line":21,"column":95}},"line":21},"1":{"name":"MarkdownHeaderTwoButton","decl":{"start":{"line":23,"column":39},"end":{"line":23,"column":62}},"loc":{"start":{"line":23,"column":69},"end":{"line":41,"column":1}},"line":23},"2":{"name":"onClick","decl":{"start":{"line":31,"column":24},"end":{"line":31,"column":31}},"loc":{"start":{"line":31,"column":35},"end":{"line":33,"column":7}},"line":31}},"branchMap":{"0":{"loc":{"start":{"line":21,"column":46},"end":{"line":21,"column":92}},"type":"cond-expr","locations":[{"start":{"line":21,"column":70},"end":{"line":21,"column":73}},{"start":{"line":21,"column":76},"end":{"line":21,"column":92}}],"line":21},"1":{"loc":{"start":{"line":21,"column":46},"end":{"line":21,"column":67}},"type":"binary-expr","locations":[{"start":{"line":21,"column":46},"end":{"line":21,"column":49}},{"start":{"line":21,"column":53},"end":{"line":21,"column":67}}],"line":21},"2":{"loc":{"start":{"line":32,"column":24},"end":{"line":32,"column":128}},"type":"cond-expr","locations":[{"start":{"line":32,"column":33},"end":{"line":32,"column":80}},{"start":{"line":32,"column":83},"end":{"line":32,"column":128}}],"line":32}},"s":{"0":1,"1":1,"2":1,"3":1,"4":1,"5":1,"6":1,"7":1,"8":3,"9":1,"10":18,"11":18,"12":18,"13":18,"14":2,"15":1,"16":1},"f":{"0":3,"1":18,"2":2},"b":{"0":[0,3],"1":[3,3],"2":[1,1]},"_coverageSchema":"332fd63041d2c1bcb487cc26dd0d5f7d97098a6c","hash":"66a6bcedb208c6924178e7bd365ce08ea16fee7e","contentHash":"785f49b682ce130699dd1b21471f07f5_11.1.0"},"E:\\projects\\react-markdown\\src\\client\\components\\PlainMarkdownInput\\buttons\\ItalicButton.js":{"path":"E:\\projects\\react-markdown\\src\\client\\components\\PlainMarkdownInput\\buttons\\ItalicButton.js","statementMap":{"0":{"start":{"line":3,"column":0},"end":{"line":5,"column":3}},"1":{"start":{"line":7,"column":13},"end":{"line":7,"column":29}},"2":{"start":{"line":9,"column":14},"end":{"line":9,"column":44}},"3":{"start":{"line":11,"column":17},"end":{"line":11,"column":38}},"4":{"start":{"line":13,"column":18},"end":{"line":13,"column":52}},"5":{"start":{"line":15,"column":18},"end":{"line":15,"column":39}},"6":{"start":{"line":17,"column":19},"end":{"line":17,"column":54}},"7":{"start":{"line":19,"column":18},"end":{"line":19,"column":48}},"8":{"start":{"line":21,"column":39},"end":{"line":21,"column":93}},"9":{"start":{"line":23,"column":27},"end":{"line":42,"column":1}},"10":{"start":{"line":24,"column":14},"end":{"line":24,"column":24}},"11":{"start":{"line":25,"column":17},"end":{"line":25,"column":30}},"12":{"start":{"line":26,"column":17},"end":{"line":26,"column":30}},"13":{"start":{"line":28,"column":15},"end":{"line":28,"column":56}},"14":{"start":{"line":29,"column":2},"end":{"line":41,"column":4}},"15":{"start":{"line":35,"column":8},"end":{"line":35,"column":124}},"16":{"start":{"line":44,"column":0},"end":{"line":48,"column":2}},"17":{"start":{"line":50,"column":0},"end":{"line":50,"column":39}}},"fnMap":{"0":{"name":"_interopRequireDefault","decl":{"start":{"line":21,"column":9},"end":{"line":21,"column":31}},"loc":{"start":{"line":21,"column":37},"end":{"line":21,"column":95}},"line":21},"1":{"name":"MarkdownItalicButton","decl":{"start":{"line":23,"column":36},"end":{"line":23,"column":56}},"loc":{"start":{"line":23,"column":63},"end":{"line":42,"column":1}},"line":23},"2":{"name":"onClick","decl":{"start":{"line":34,"column":24},"end":{"line":34,"column":31}},"loc":{"start":{"line":34,"column":35},"end":{"line":36,"column":7}},"line":34}},"branchMap":{"0":{"loc":{"start":{"line":21,"column":46},"end":{"line":21,"column":92}},"type":"cond-expr","locations":[{"start":{"line":21,"column":70},"end":{"line":21,"column":73}},{"start":{"line":21,"column":76},"end":{"line":21,"column":92}}],"line":21},"1":{"loc":{"start":{"line":21,"column":46},"end":{"line":21,"column":67}},"type":"binary-expr","locations":[{"start":{"line":21,"column":46},"end":{"line":21,"column":49}},{"start":{"line":21,"column":53},"end":{"line":21,"column":67}}],"line":21},"2":{"loc":{"start":{"line":33,"column":16},"end":{"line":33,"column":73}},"type":"binary-expr","locations":[{"start":{"line":33,"column":16},"end":{"line":33,"column":24}},{"start":{"line":33,"column":28},"end":{"line":33,"column":73}}],"line":33},"3":{"loc":{"start":{"line":35,"column":24},"end":{"line":35,"column":122}},"type":"cond-expr","locations":[{"start":{"line":35,"column":33},"end":{"line":35,"column":77}},{"start":{"line":35,"column":80},"end":{"line":35,"column":122}}],"line":35}},"s":{"0":1,"1":1,"2":1,"3":1,"4":1,"5":1,"6":1,"7":1,"8":3,"9":1,"10":22,"11":22,"12":22,"13":22,"14":22,"15":2,"16":1,"17":1},"f":{"0":3,"1":22,"2":2},"b":{"0":[0,3],"1":[3,3],"2":[22,15],"3":[1,1]},"_coverageSchema":"332fd63041d2c1bcb487cc26dd0d5f7d97098a6c","hash":"eb45013b978aaa7ded8b210cf2080d593e7453af","contentHash":"5f42afa6be688274b81efda398852799_11.1.0"},"E:\\projects\\react-markdown\\src\\client\\components\\PlainMarkdownInput\\buttons\\LinkButton.js":{"path":"E:\\projects\\react-markdown\\src\\client\\components\\PlainMarkdownInput\\buttons\\LinkButton.js","statementMap":{"0":{"start":{"line":3,"column":0},"end":{"line":5,"column":3}},"1":{"start":{"line":7,"column":13},"end":{"line":7,"column":29}},"2":{"start":{"line":9,"column":14},"end":{"line":9,"column":44}},"3":{"start":{"line":11,"column":17},"end":{"line":11,"column":38}},"4":{"start":{"line":13,"column":18},"end":{"line":13,"column":52}},"5":{"start":{"line":15,"column":18},"end":{"line":15,"column":48}},"6":{"start":{"line":17,"column":39},"end":{"line":17,"column":93}},"7":{"start":{"line":19,"column":25},"end":{"line":36,"column":1}},"8":{"start":{"line":20,"column":14},"end":{"line":20,"column":24}},"9":{"start":{"line":21,"column":17},"end":{"line":21,"column":30}},"10":{"start":{"line":22,"column":17},"end":{"line":22,"column":30}},"11":{"start":{"line":23,"column":2},"end":{"line":35,"column":4}},"12":{"start":{"line":29,"column":8},"end":{"line":29,"column":66}},"13":{"start":{"line":38,"column":0},"end":{"line":42,"column":2}},"14":{"start":{"line":44,"column":0},"end":{"line":44,"column":37}}},"fnMap":{"0":{"name":"_interopRequireDefault","decl":{"start":{"line":17,"column":9},"end":{"line":17,"column":31}},"loc":{"start":{"line":17,"column":37},"end":{"line":17,"column":95}},"line":17},"1":{"name":"MarkdownLinkButton","decl":{"start":{"line":19,"column":34},"end":{"line":19,"column":52}},"loc":{"start":{"line":19,"column":59},"end":{"line":36,"column":1}},"line":19},"2":{"name":"onClick","decl":{"start":{"line":28,"column":24},"end":{"line":28,"column":31}},"loc":{"start":{"line":28,"column":35},"end":{"line":30,"column":7}},"line":28}},"branchMap":{"0":{"loc":{"start":{"line":17,"column":46},"end":{"line":17,"column":92}},"type":"cond-expr","locations":[{"start":{"line":17,"column":70},"end":{"line":17,"column":73}},{"start":{"line":17,"column":76},"end":{"line":17,"column":92}}],"line":17},"1":{"loc":{"start":{"line":17,"column":46},"end":{"line":17,"column":67}},"type":"binary-expr","locations":[{"start":{"line":17,"column":46},"end":{"line":17,"column":49}},{"start":{"line":17,"column":53},"end":{"line":17,"column":67}}],"line":17},"2":{"loc":{"start":{"line":27,"column":16},"end":{"line":27,"column":73}},"type":"binary-expr","locations":[{"start":{"line":27,"column":16},"end":{"line":27,"column":24}},{"start":{"line":27,"column":28},"end":{"line":27,"column":73}}],"line":27}},"s":{"0":1,"1":1,"2":1,"3":1,"4":1,"5":1,"6":2,"7":1,"8":18,"9":18,"10":18,"11":18,"12":2,"13":1,"14":1},"f":{"0":2,"1":18,"2":2},"b":{"0":[0,2],"1":[2,2],"2":[18,11]},"_coverageSchema":"332fd63041d2c1bcb487cc26dd0d5f7d97098a6c","hash":"4600c008f1e5215b0650d379bd804e77a1f7744b","contentHash":"b51fe4bc4ec3cb3d38da517f67306268_11.1.0"},"E:\\projects\\react-markdown\\src\\client\\components\\PlainMarkdownInput\\buttons\\OrderedListButton.js":{"path":"E:\\projects\\react-markdown\\src\\client\\components\\PlainMarkdownInput\\buttons\\OrderedListButton.js","statementMap":{"0":{"start":{"line":3,"column":0},"end":{"line":5,"column":3}},"1":{"start":{"line":7,"column":13},"end":{"line":7,"column":29}},"2":{"start":{"line":9,"column":14},"end":{"line":9,"column":44}},"3":{"start":{"line":11,"column":17},"end":{"line":11,"column":38}},"4":{"start":{"line":13,"column":18},"end":{"line":13,"column":52}},"5":{"start":{"line":15,"column":18},"end":{"line":15,"column":39}},"6":{"start":{"line":17,"column":19},"end":{"line":17,"column":54}},"7":{"start":{"line":19,"column":18},"end":{"line":19,"column":48}},"8":{"start":{"line":21,"column":39},"end":{"line":21,"column":93}},"9":{"start":{"line":23,"column":32},"end":{"line":42,"column":1}},"10":{"start":{"line":24,"column":14},"end":{"line":24,"column":24}},"11":{"start":{"line":25,"column":17},"end":{"line":25,"column":30}},"12":{"start":{"line":26,"column":17},"end":{"line":26,"column":30}},"13":{"start":{"line":28,"column":15},"end":{"line":28,"column":61}},"14":{"start":{"line":29,"column":2},"end":{"line":41,"column":4}},"15":{"start":{"line":35,"column":8},"end":{"line":35,"column":134}},"16":{"start":{"line":44,"column":0},"end":{"line":48,"column":2}},"17":{"start":{"line":50,"column":0},"end":{"line":50,"column":44}}},"fnMap":{"0":{"name":"_interopRequireDefault","decl":{"start":{"line":21,"column":9},"end":{"line":21,"column":31}},"loc":{"start":{"line":21,"column":37},"end":{"line":21,"column":95}},"line":21},"1":{"name":"MarkdownOrderedListButton","decl":{"start":{"line":23,"column":41},"end":{"line":23,"column":66}},"loc":{"start":{"line":23,"column":73},"end":{"line":42,"column":1}},"line":23},"2":{"name":"onClick","decl":{"start":{"line":34,"column":24},"end":{"line":34,"column":31}},"loc":{"start":{"line":34,"column":35},"end":{"line":36,"column":7}},"line":34}},"branchMap":{"0":{"loc":{"start":{"line":21,"column":46},"end":{"line":21,"column":92}},"type":"cond-expr","locations":[{"start":{"line":21,"column":70},"end":{"line":21,"column":73}},{"start":{"line":21,"column":76},"end":{"line":21,"column":92}}],"line":21},"1":{"loc":{"start":{"line":21,"column":46},"end":{"line":21,"column":67}},"type":"binary-expr","locations":[{"start":{"line":21,"column":46},"end":{"line":21,"column":49}},{"start":{"line":21,"column":53},"end":{"line":21,"column":67}}],"line":21},"2":{"loc":{"start":{"line":33,"column":16},"end":{"line":33,"column":73}},"type":"binary-expr","locations":[{"start":{"line":33,"column":16},"end":{"line":33,"column":24}},{"start":{"line":33,"column":28},"end":{"line":33,"column":73}}],"line":33},"3":{"loc":{"start":{"line":35,"column":24},"end":{"line":35,"column":132}},"type":"cond-expr","locations":[{"start":{"line":35,"column":33},"end":{"line":35,"column":82}},{"start":{"line":35,"column":85},"end":{"line":35,"column":132}}],"line":35}},"s":{"0":1,"1":1,"2":1,"3":1,"4":1,"5":1,"6":1,"7":1,"8":3,"9":1,"10":20,"11":20,"12":20,"13":20,"14":20,"15":2,"16":1,"17":1},"f":{"0":3,"1":20,"2":2},"b":{"0":[0,3],"1":[3,3],"2":[20,13],"3":[1,1]},"_coverageSchema":"332fd63041d2c1bcb487cc26dd0d5f7d97098a6c","hash":"40e2ea755e67655ef862183740bf17e7470994b3","contentHash":"03107e4a763268bea2c9b86ac128debd_11.1.0"},"E:\\projects\\react-markdown\\src\\client\\components\\PlainMarkdownInput\\buttons\\StrikethroughButton.js":{"path":"E:\\projects\\react-markdown\\src\\client\\components\\PlainMarkdownInput\\buttons\\StrikethroughButton.js","statementMap":{"0":{"start":{"line":3,"column":0},"end":{"line":5,"column":3}},"1":{"start":{"line":7,"column":13},"end":{"line":7,"column":29}},"2":{"start":{"line":9,"column":14},"end":{"line":9,"column":44}},"3":{"start":{"line":11,"column":17},"end":{"line":11,"column":38}},"4":{"start":{"line":13,"column":18},"end":{"line":13,"column":52}},"5":{"start":{"line":15,"column":18},"end":{"line":15,"column":39}},"6":{"start":{"line":17,"column":19},"end":{"line":17,"column":54}},"7":{"start":{"line":19,"column":18},"end":{"line":19,"column":48}},"8":{"start":{"line":21,"column":39},"end":{"line":21,"column":93}},"9":{"start":{"line":23,"column":34},"end":{"line":42,"column":1}},"10":{"start":{"line":24,"column":14},"end":{"line":24,"column":24}},"11":{"start":{"line":25,"column":17},"end":{"line":25,"column":30}},"12":{"start":{"line":26,"column":17},"end":{"line":26,"column":30}},"13":{"start":{"line":28,"column":15},"end":{"line":28,"column":63}},"14":{"start":{"line":29,"column":2},"end":{"line":41,"column":4}},"15":{"start":{"line":35,"column":8},"end":{"line":35,"column":138}},"16":{"start":{"line":44,"column":0},"end":{"line":48,"column":2}},"17":{"start":{"line":50,"column":0},"end":{"line":50,"column":46}}},"fnMap":{"0":{"name":"_interopRequireDefault","decl":{"start":{"line":21,"column":9},"end":{"line":21,"column":31}},"loc":{"start":{"line":21,"column":37},"end":{"line":21,"column":95}},"line":21},"1":{"name":"MarkdownStrikethroughButton","decl":{"start":{"line":23,"column":43},"end":{"line":23,"column":70}},"loc":{"start":{"line":23,"column":77},"end":{"line":42,"column":1}},"line":23},"2":{"name":"onClick","decl":{"start":{"line":34,"column":24},"end":{"line":34,"column":31}},"loc":{"start":{"line":34,"column":35},"end":{"line":36,"column":7}},"line":34}},"branchMap":{"0":{"loc":{"start":{"line":21,"column":46},"end":{"line":21,"column":92}},"type":"cond-expr","locations":[{"start":{"line":21,"column":70},"end":{"line":21,"column":73}},{"start":{"line":21,"column":76},"end":{"line":21,"column":92}}],"line":21},"1":{"loc":{"start":{"line":21,"column":46},"end":{"line":21,"column":67}},"type":"binary-expr","locations":[{"start":{"line":21,"column":46},"end":{"line":21,"column":49}},{"start":{"line":21,"column":53},"end":{"line":21,"column":67}}],"line":21},"2":{"loc":{"start":{"line":33,"column":16},"end":{"line":33,"column":73}},"type":"binary-expr","locations":[{"start":{"line":33,"column":16},"end":{"line":33,"column":24}},{"start":{"line":33,"column":28},"end":{"line":33,"column":73}}],"line":33},"3":{"loc":{"start":{"line":35,"column":24},"end":{"line":35,"column":136}},"type":"cond-expr","locations":[{"start":{"line":35,"column":33},"end":{"line":35,"column":84}},{"start":{"line":35,"column":87},"end":{"line":35,"column":136}}],"line":35}},"s":{"0":1,"1":1,"2":1,"3":1,"4":1,"5":1,"6":1,"7":1,"8":3,"9":1,"10":22,"11":22,"12":22,"13":22,"14":22,"15":2,"16":1,"17":1},"f":{"0":3,"1":22,"2":2},"b":{"0":[0,3],"1":[3,3],"2":[22,15],"3":[1,1]},"_coverageSchema":"332fd63041d2c1bcb487cc26dd0d5f7d97098a6c","hash":"cf15b2e6c8db47ab33e8fef8788f662f5c27e034","contentHash":"5e921a7d3a53077b0f4fcac16d5283ca_11.1.0"},"E:\\projects\\react-markdown\\src\\client\\components\\PlainMarkdownInput\\buttons\\UnorderedListButton.js":{"path":"E:\\projects\\react-markdown\\src\\client\\components\\PlainMarkdownInput\\buttons\\UnorderedListButton.js","statementMap":{"0":{"start":{"line":3,"column":0},"end":{"line":5,"column":3}},"1":{"start":{"line":7,"column":13},"end":{"line":7,"column":29}},"2":{"start":{"line":9,"column":14},"end":{"line":9,"column":44}},"3":{"start":{"line":11,"column":17},"end":{"line":11,"column":38}},"4":{"start":{"line":13,"column":18},"end":{"line":13,"column":52}},"5":{"start":{"line":15,"column":18},"end":{"line":15,"column":39}},"6":{"start":{"line":17,"column":19},"end":{"line":17,"column":54}},"7":{"start":{"line":19,"column":18},"end":{"line":19,"column":48}},"8":{"start":{"line":21,"column":39},"end":{"line":21,"column":93}},"9":{"start":{"line":23,"column":34},"end":{"line":42,"column":1}},"10":{"start":{"line":24,"column":14},"end":{"line":24,"column":24}},"11":{"start":{"line":25,"column":17},"end":{"line":25,"column":30}},"12":{"start":{"line":26,"column":17},"end":{"line":26,"column":30}},"13":{"start":{"line":28,"column":15},"end":{"line":28,"column":63}},"14":{"start":{"line":29,"column":2},"end":{"line":41,"column":4}},"15":{"start":{"line":35,"column":8},"end":{"line":35,"column":138}},"16":{"start":{"line":44,"column":0},"end":{"line":48,"column":2}},"17":{"start":{"line":50,"column":0},"end":{"line":50,"column":46}}},"fnMap":{"0":{"name":"_interopRequireDefault","decl":{"start":{"line":21,"column":9},"end":{"line":21,"column":31}},"loc":{"start":{"line":21,"column":37},"end":{"line":21,"column":95}},"line":21},"1":{"name":"MarkdownUnorderedListButton","decl":{"start":{"line":23,"column":43},"end":{"line":23,"column":70}},"loc":{"start":{"line":23,"column":77},"end":{"line":42,"column":1}},"line":23},"2":{"name":"onClick","decl":{"start":{"line":34,"column":24},"end":{"line":34,"column":31}},"loc":{"start":{"line":34,"column":35},"end":{"line":36,"column":7}},"line":34}},"branchMap":{"0":{"loc":{"start":{"line":21,"column":46},"end":{"line":21,"column":92}},"type":"cond-expr","locations":[{"start":{"line":21,"column":70},"end":{"line":21,"column":73}},{"start":{"line":21,"column":76},"end":{"line":21,"column":92}}],"line":21},"1":{"loc":{"start":{"line":21,"column":46},"end":{"line":21,"column":67}},"type":"binary-expr","locations":[{"start":{"line":21,"column":46},"end":{"line":21,"column":49}},{"start":{"line":21,"column":53},"end":{"line":21,"column":67}}],"line":21},"2":{"loc":{"start":{"line":33,"column":16},"end":{"line":33,"column":73}},"type":"binary-expr","locations":[{"start":{"line":33,"column":16},"end":{"line":33,"column":24}},{"start":{"line":33,"column":28},"end":{"line":33,"column":73}}],"line":33},"3":{"loc":{"start":{"line":35,"column":24},"end":{"line":35,"column":136}},"type":"cond-expr","locations":[{"start":{"line":35,"column":33},"end":{"line":35,"column":84}},{"start":{"line":35,"column":87},"end":{"line":35,"column":136}}],"line":35}},"s":{"0":1,"1":1,"2":1,"3":1,"4":1,"5":1,"6":1,"7":1,"8":3,"9":1,"10":20,"11":20,"12":20,"13":20,"14":20,"15":2,"16":1,"17":1},"f":{"0":3,"1":20,"2":2},"b":{"0":[0,3],"1":[3,3],"2":[20,13],"3":[1,1]},"_coverageSchema":"332fd63041d2c1bcb487cc26dd0d5f7d97098a6c","hash":"b24de8dfd7d474a1cc8daae0da9d34bdda415713","contentHash":"d11ed04b6c1cdf93ba56d22d2925a1a2_11.1.0"},"E:\\projects\\react-markdown\\src\\client\\components\\PlainMarkdownInput\\index.js":{"path":"E:\\projects\\react-markdown\\src\\client\\components\\PlainMarkdownInput\\index.js","statementMap":{"0":{"start":{"line":3,"column":0},"end":{"line":5,"column":3}},"1":{"start":{"line":6,"column":0},"end":{"line":6,"column":64}}},"fnMap":{},"branchMap":{},"s":{"0":1,"1":1},"f":{},"b":{},"_coverageSchema":"332fd63041d2c1bcb487cc26dd0d5f7d97098a6c","hash":"1de418bcd24016e72e60c87a16b0d62ee6e7af91","contentHash":"ad388d0b9c28d210f33d8beca66c58cf_11.1.0"},"E:\\projects\\react-markdown\\src\\client\\components\\PlainMarkdownInput\\PlainMarkdownInput.react.js":{"path":"E:\\projects\\react-markdown\\src\\client\\components\\PlainMarkdownInput\\PlainMarkdownInput.react.js","statementMap":{"0":{"start":{"line":3,"column":0},"end":{"line":5,"column":3}},"1":{"start":{"line":7,"column":19},"end":{"line":7,"column":563}},"2":{"start":{"line":7,"column":76},"end":{"line":7,"column":347}},"3":{"start":{"line":7,"column":134},"end":{"line":7,"column":142}},"4":{"start":{"line":7,"column":144},"end":{"line":7,"column":199}},"5":{"start":{"line":7,"column":200},"end":{"line":7,"column":231}},"6":{"start":{"line":7,"column":232},"end":{"line":7,"column":286}},"7":{"start":{"line":7,"column":259},"end":{"line":7,"column":286}},"8":{"start":{"line":7,"column":287},"end":{"line":7,"column":345}},"9":{"start":{"line":7,"column":350},"end":{"line":7,"column":559}},"10":{"start":{"line":7,"column":407},"end":{"line":7,"column":475}},"11":{"start":{"line":7,"column":423},"end":{"line":7,"column":475}},"12":{"start":{"line":7,"column":476},"end":{"line":7,"column":536}},"13":{"start":{"line":7,"column":493},"end":{"line":7,"column":536}},"14":{"start":{"line":7,"column":537},"end":{"line":7,"column":556}},"15":{"start":{"line":9,"column":13},"end":{"line":9,"column":29}},"16":{"start":{"line":11,"column":14},"end":{"line":11,"column":44}},"17":{"start":{"line":13,"column":17},"end":{"line":13,"column":38}},"18":{"start":{"line":15,"column":18},"end":{"line":15,"column":52}},"19":{"start":{"line":17,"column":24},"end":{"line":17,"column":98}},"20":{"start":{"line":19,"column":25},"end":{"line":19,"column":66}},"21":{"start":{"line":21,"column":22},"end":{"line":21,"column":67}},"22":{"start":{"line":23,"column":23},"end":{"line":23,"column":62}},"23":{"start":{"line":25,"column":14},"end":{"line":25,"column":39}},"24":{"start":{"line":27,"column":15},"end":{"line":27,"column":46}},"25":{"start":{"line":29,"column":17},"end":{"line":29,"column":45}},"26":{"start":{"line":31,"column":18},"end":{"line":31,"column":52}},"27":{"start":{"line":33,"column":18},"end":{"line":33,"column":47}},"28":{"start":{"line":35,"column":0},"end":{"line":35,"column":37}},"29":{"start":{"line":37,"column":17},"end":{"line":37,"column":45}},"30":{"start":{"line":39,"column":15},"end":{"line":39,"column":48}},"31":{"start":{"line":41,"column":15},"end":{"line":41,"column":35}},"32":{"start":{"line":43,"column":19},"end":{"line":43,"column":44}},"33":{"start":{"line":45,"column":28},"end":{"line":45,"column":61}},"34":{"start":{"line":47,"column":29},"end":{"line":47,"column":74}},"35":{"start":{"line":49,"column":39},"end":{"line":49,"column":93}},"36":{"start":{"line":51,"column":50},"end":{"line":51,"column":151}},"37":{"start":{"line":51,"column":92},"end":{"line":51,"column":149}},"38":{"start":{"line":53,"column":50},"end":{"line":53,"column":151}},"39":{"start":{"line":53,"column":63},"end":{"line":53,"column":149}},"40":{"start":{"line":53,"column":152},"end":{"line":53,"column":238}},"41":{"start":{"line":55,"column":43},"end":{"line":55,"column":208}},"42":{"start":{"line":55,"column":106},"end":{"line":55,"column":206}},"43":{"start":{"line":55,"column":209},"end":{"line":55,"column":373}},"44":{"start":{"line":55,"column":374},"end":{"line":55,"column":492}},"45":{"start":{"line":55,"column":390},"end":{"line":55,"column":492}},"46":{"start":{"line":57,"column":25},"end":{"line":249,"column":28}},"47":{"start":{"line":58,"column":2},"end":{"line":58,"column":50}},"48":{"start":{"line":65,"column":4},"end":{"line":65,"column":46}},"49":{"start":{"line":67,"column":4},"end":{"line":69,"column":5}},"50":{"start":{"line":68,"column":6},"end":{"line":68,"column":35}},"51":{"start":{"line":71,"column":4},"end":{"line":105,"column":55}},"52":{"start":{"line":77,"column":24},"end":{"line":77,"column":40}},"53":{"start":{"line":79,"column":21},"end":{"line":79,"column":23}},"54":{"start":{"line":80,"column":16},"end":{"line":80,"column":45}},"55":{"start":{"line":81,"column":22},"end":{"line":81,"column":53}},"56":{"start":{"line":82,"column":6},"end":{"line":87,"column":7}},"57":{"start":{"line":83,"column":8},"end":{"line":86,"column":9}},"58":{"start":{"line":84,"column":10},"end":{"line":84,"column":23}},"59":{"start":{"line":85,"column":10},"end":{"line":85,"column":16}},"60":{"start":{"line":89,"column":6},"end":{"line":94,"column":7}},"61":{"start":{"line":90,"column":19},"end":{"line":90,"column":48}},"62":{"start":{"line":91,"column":20},"end":{"line":91,"column":58}},"63":{"start":{"line":92,"column":8},"end":{"line":92,"column":51}},"64":{"start":{"line":93,"column":8},"end":{"line":93,"column":64}},"65":{"start":{"line":95,"column":6},"end":{"line":95,"column":82}},"66":{"start":{"line":97,"column":6},"end":{"line":97,"column":51}},"67":{"start":{"line":99,"column":23},"end":{"line":99,"column":46}},"68":{"start":{"line":101,"column":6},"end":{"line":101,"column":92}},"69":{"start":{"line":103,"column":6},"end":{"line":103,"column":49}},"70":{"start":{"line":104,"column":6},"end":{"line":104,"column":43}},"71":{"start":{"line":108,"column":2},"end":{"line":246,"column":6}},"72":{"start":{"line":111,"column":6},"end":{"line":111,"column":67}},"73":{"start":{"line":112,"column":6},"end":{"line":112,"column":44}},"74":{"start":{"line":117,"column":6},"end":{"line":119,"column":7}},"75":{"start":{"line":118,"column":8},"end":{"line":118,"column":45}},"76":{"start":{"line":124,"column":24},"end":{"line":124,"column":73}},"77":{"start":{"line":125,"column":18},"end":{"line":125,"column":56}},"78":{"start":{"line":126,"column":22},"end":{"line":126,"column":32}},"79":{"start":{"line":127,"column":6},"end":{"line":129,"column":7}},"80":{"start":{"line":128,"column":8},"end":{"line":128,"column":37}},"81":{"start":{"line":130,"column":6},"end":{"line":130,"column":61}},"82":{"start":{"line":131,"column":6},"end":{"line":131,"column":50}},"83":{"start":{"line":136,"column":21},"end":{"line":136,"column":52}},"84":{"start":{"line":137,"column":6},"end":{"line":137,"column":48}},"85":{"start":{"line":138,"column":6},"end":{"line":141,"column":8}},"86":{"start":{"line":142,"column":6},"end":{"line":142,"column":50}},"87":{"start":{"line":147,"column":31},"end":{"line":147,"column":54}},"88":{"start":{"line":148,"column":6},"end":{"line":148,"column":76}},"89":{"start":{"line":149,"column":6},"end":{"line":149,"column":62}},"90":{"start":{"line":150,"column":6},"end":{"line":150,"column":78}},"91":{"start":{"line":151,"column":6},"end":{"line":151,"column":46}},"92":{"start":{"line":156,"column":6},"end":{"line":156,"column":58}},"93":{"start":{"line":161,"column":19},"end":{"line":161,"column":29}},"94":{"start":{"line":162,"column":24},"end":{"line":162,"column":42}},"95":{"start":{"line":163,"column":23},"end":{"line":163,"column":40}},"96":{"start":{"line":164,"column":19},"end":{"line":164,"column":29}},"97":{"start":{"line":165,"column":21},"end":{"line":165,"column":36}},"98":{"start":{"line":166,"column":23},"end":{"line":166,"column":40}},"99":{"start":{"line":167,"column":21},"end":{"line":167,"column":36}},"100":{"start":{"line":170,"column":35},"end":{"line":176,"column":8}},"101":{"start":{"line":171,"column":8},"end":{"line":175,"column":11}},"102":{"start":{"line":178,"column":6},"end":{"line":244,"column":8}},"103":{"start":{"line":248,"column":2},"end":{"line":248,"column":28}},"104":{"start":{"line":251,"column":0},"end":{"line":257,"column":2}},"105":{"start":{"line":259,"column":0},"end":{"line":265,"column":2}},"106":{"start":{"line":267,"column":0},"end":{"line":267,"column":37}}},"fnMap":{"0":{"name":"(anonymous_0)","decl":{"start":{"line":7,"column":19},"end":{"line":7,"column":20}},"loc":{"start":{"line":7,"column":31},"end":{"line":7,"column":561}},"line":7},"1":{"name":"defineProperties","decl":{"start":{"line":7,"column":42},"end":{"line":7,"column":58}},"loc":{"start":{"line":7,"column":74},"end":{"line":7,"column":349}},"line":7},"2":{"name":"(anonymous_2)","decl":{"start":{"line":7,"column":357},"end":{"line":7,"column":358}},"loc":{"start":{"line":7,"column":405},"end":{"line":7,"column":558}},"line":7},"3":{"name":"_interopRequireDefault","decl":{"start":{"line":49,"column":9},"end":{"line":49,"column":31}},"loc":{"start":{"line":49,"column":37},"end":{"line":49,"column":95}},"line":49},"4":{"name":"_classCallCheck","decl":{"start":{"line":51,"column":9},"end":{"line":51,"column":24}},"loc":{"start":{"line":51,"column":48},"end":{"line":51,"column":153}},"line":51},"5":{"name":"_possibleConstructorReturn","decl":{"start":{"line":53,"column":9},"end":{"line":53,"column":35}},"loc":{"start":{"line":53,"column":48},"end":{"line":53,"column":240}},"line":53},"6":{"name":"_inherits","decl":{"start":{"line":55,"column":9},"end":{"line":55,"column":18}},"loc":{"start":{"line":55,"column":41},"end":{"line":55,"column":494}},"line":55},"7":{"name":"(anonymous_7)","decl":{"start":{"line":57,"column":25},"end":{"line":57,"column":26}},"loc":{"start":{"line":57,"column":53},"end":{"line":249,"column":1}},"line":57},"8":{"name":"PlainMarkdownInput","decl":{"start":{"line":60,"column":11},"end":{"line":60,"column":29}},"loc":{"start":{"line":60,"column":32},"end":{"line":106,"column":3}},"line":60},"9":{"name":"(anonymous_9)","decl":{"start":{"line":74,"column":28},"end":{"line":74,"column":29}},"loc":{"start":{"line":74,"column":43},"end":{"line":98,"column":5}},"line":74},"10":{"name":"(anonymous_10)","decl":{"start":{"line":98,"column":32},"end":{"line":98,"column":33}},"loc":{"start":{"line":98,"column":44},"end":{"line":105,"column":5}},"line":98},"11":{"name":"componentWillMount","decl":{"start":{"line":110,"column":20},"end":{"line":110,"column":38}},"loc":{"start":{"line":110,"column":41},"end":{"line":113,"column":5}},"line":110},"12":{"name":"componentWillReceiveProps","decl":{"start":{"line":116,"column":20},"end":{"line":116,"column":45}},"loc":{"start":{"line":116,"column":57},"end":{"line":120,"column":5}},"line":116},"13":{"name":"handleNewValue","decl":{"start":{"line":123,"column":20},"end":{"line":123,"column":34}},"loc":{"start":{"line":123,"column":42},"end":{"line":132,"column":5}},"line":123},"14":{"name":"setDataToNode","decl":{"start":{"line":135,"column":20},"end":{"line":135,"column":33}},"loc":{"start":{"line":135,"column":57},"end":{"line":143,"column":5}},"line":135},"15":{"name":"setNodesToState","decl":{"start":{"line":146,"column":20},"end":{"line":146,"column":35}},"loc":{"start":{"line":146,"column":56},"end":{"line":152,"column":5}},"line":146},"16":{"name":"onKeyDown","decl":{"start":{"line":155,"column":20},"end":{"line":155,"column":29}},"loc":{"start":{"line":155,"column":50},"end":{"line":157,"column":5}},"line":155},"17":{"name":"render","decl":{"start":{"line":160,"column":20},"end":{"line":160,"column":26}},"loc":{"start":{"line":160,"column":29},"end":{"line":245,"column":5}},"line":160},"18":{"name":"(anonymous_18)","decl":{"start":{"line":170,"column":61},"end":{"line":170,"column":62}},"loc":{"start":{"line":170,"column":89},"end":{"line":176,"column":7}},"line":170},"19":{"name":"onFullScreen","decl":{"start":{"line":262,"column":25},"end":{"line":262,"column":37}},"loc":{"start":{"line":262,"column":40},"end":{"line":262,"column":42}},"line":262},"20":{"name":"onChange","decl":{"start":{"line":263,"column":21},"end":{"line":263,"column":29}},"loc":{"start":{"line":263,"column":32},"end":{"line":263,"column":34}},"line":263}},"branchMap":{"0":{"loc":{"start":{"line":7,"column":168},"end":{"line":7,"column":198}},"type":"binary-expr","locations":[{"start":{"line":7,"column":168},"end":{"line":7,"column":189}},{"start":{"line":7,"column":193},"end":{"line":7,"column":198}}],"line":7},"1":{"loc":{"start":{"line":7,"column":232},"end":{"line":7,"column":286}},"type":"if","locations":[{"start":{"line":7,"column":232},"end":{"line":7,"column":286}},{"start":{"line":7,"column":232},"end":{"line":7,"column":286}}],"line":7},"2":{"loc":{"start":{"line":7,"column":407},"end":{"line":7,"column":475}},"type":"if","locations":[{"start":{"line":7,"column":407},"end":{"line":7,"column":475}},{"start":{"line":7,"column":407},"end":{"line":7,"column":475}}],"line":7},"3":{"loc":{"start":{"line":7,"column":476},"end":{"line":7,"column":536}},"type":"if","locations":[{"start":{"line":7,"column":476},"end":{"line":7,"column":536}},{"start":{"line":7,"column":476},"end":{"line":7,"column":536}}],"line":7},"4":{"loc":{"start":{"line":49,"column":46},"end":{"line":49,"column":92}},"type":"cond-expr","locations":[{"start":{"line":49,"column":70},"end":{"line":49,"column":73}},{"start":{"line":49,"column":76},"end":{"line":49,"column":92}}],"line":49},"5":{"loc":{"start":{"line":49,"column":46},"end":{"line":49,"column":67}},"type":"binary-expr","locations":[{"start":{"line":49,"column":46},"end":{"line":49,"column":49}},{"start":{"line":49,"column":53},"end":{"line":49,"column":67}}],"line":49},"6":{"loc":{"start":{"line":51,"column":50},"end":{"line":51,"column":151}},"type":"if","locations":[{"start":{"line":51,"column":50},"end":{"line":51,"column":151}},{"start":{"line":51,"column":50},"end":{"line":51,"column":151}}],"line":51},"7":{"loc":{"start":{"line":53,"column":50},"end":{"line":53,"column":151}},"type":"if","locations":[{"start":{"line":53,"column":50},"end":{"line":53,"column":151}},{"start":{"line":53,"column":50},"end":{"line":53,"column":151}}],"line":53},"8":{"loc":{"start":{"line":53,"column":159},"end":{"line":53,"column":237}},"type":"cond-expr","locations":[{"start":{"line":53,"column":226},"end":{"line":53,"column":230}},{"start":{"line":53,"column":233},"end":{"line":53,"column":237}}],"line":53},"9":{"loc":{"start":{"line":53,"column":159},"end":{"line":53,"column":223}},"type":"binary-expr","locations":[{"start":{"line":53,"column":159},"end":{"line":53,"column":163}},{"start":{"line":53,"column":168},"end":{"line":53,"column":192}},{"start":{"line":53,"column":196},"end":{"line":53,"column":222}}],"line":53},"10":{"loc":{"start":{"line":55,"column":43},"end":{"line":55,"column":208}},"type":"if","locations":[{"start":{"line":55,"column":43},"end":{"line":55,"column":208}},{"start":{"line":55,"column":43},"end":{"line":55,"column":208}}],"line":55},"11":{"loc":{"start":{"line":55,"column":47},"end":{"line":55,"column":102}},"type":"binary-expr","locations":[{"start":{"line":55,"column":47},"end":{"line":55,"column":79}},{"start":{"line":55,"column":83},"end":{"line":55,"column":102}}],"line":55},"12":{"loc":{"start":{"line":55,"column":244},"end":{"line":55,"column":278}},"type":"binary-expr","locations":[{"start":{"line":55,"column":244},"end":{"line":55,"column":254}},{"start":{"line":55,"column":258},"end":{"line":55,"column":278}}],"line":55},"13":{"loc":{"start":{"line":55,"column":374},"end":{"line":55,"column":492}},"type":"if","locations":[{"start":{"line":55,"column":374},"end":{"line":55,"column":492}},{"start":{"line":55,"column":374},"end":{"line":55,"column":492}}],"line":55},"14":{"loc":{"start":{"line":55,"column":390},"end":{"line":55,"column":491}},"type":"cond-expr","locations":[{"start":{"line":55,"column":414},"end":{"line":55,"column":457}},{"start":{"line":55,"column":460},"end":{"line":55,"column":491}}],"line":55},"15":{"loc":{"start":{"line":71,"column":77},"end":{"line":71,"column":150}},"type":"binary-expr","locations":[{"start":{"line":71,"column":77},"end":{"line":71,"column":105}},{"start":{"line":71,"column":109},"end":{"line":71,"column":150}}],"line":71},"16":{"loc":{"start":{"line":77,"column":24},"end":{"line":77,"column":40}},"type":"binary-expr","locations":[{"start":{"line":77,"column":24},"end":{"line":77,"column":33}},{"start":{"line":77,"column":37},"end":{"line":77,"column":40}}],"line":77},"17":{"loc":{"start":{"line":83,"column":8},"end":{"line":86,"column":9}},"type":"if","locations":[{"start":{"line":83,"column":8},"end":{"line":86,"column":9}},{"start":{"line":83,"column":8},"end":{"line":86,"column":9}}],"line":83},"18":{"loc":{"start":{"line":89,"column":6},"end":{"line":94,"column":7}},"type":"if","locations":[{"start":{"line":89,"column":6},"end":{"line":94,"column":7}},{"start":{"line":89,"column":6},"end":{"line":94,"column":7}}],"line":89},"19":{"loc":{"start":{"line":101,"column":37},"end":{"line":101,"column":91}},"type":"cond-expr","locations":[{"start":{"line":101,"column":50},"end":{"line":101,"column":58}},{"start":{"line":101,"column":61},"end":{"line":101,"column":91}}],"line":101},"20":{"loc":{"start":{"line":117,"column":6},"end":{"line":119,"column":7}},"type":"if","locations":[{"start":{"line":117,"column":6},"end":{"line":119,"column":7}},{"start":{"line":117,"column":6},"end":{"line":119,"column":7}}],"line":117},"21":{"loc":{"start":{"line":137,"column":13},"end":{"line":137,"column":47}},"type":"binary-expr","locations":[{"start":{"line":137,"column":13},"end":{"line":137,"column":17}},{"start":{"line":137,"column":21},"end":{"line":137,"column":47}}],"line":137},"22":{"loc":{"start":{"line":214,"column":28},"end":{"line":214,"column":91}},"type":"binary-expr","locations":[{"start":{"line":214,"column":28},"end":{"line":214,"column":79}},{"start":{"line":214,"column":83},"end":{"line":214,"column":91}}],"line":214}},"s":{"0":1,"1":1,"2":1,"3":7,"4":7,"5":7,"6":7,"7":7,"8":7,"9":1,"10":1,"11":1,"12":1,"13":0,"14":1,"15":1,"16":1,"17":1,"18":1,"19":1,"20":1,"21":1,"22":1,"23":1,"24":1,"25":1,"26":1,"27":1,"28":1,"29":1,"30":1,"31":1,"32":1,"33":1,"34":1,"35":7,"36":8,"37":0,"38":16,"39":0,"40":16,"41":1,"42":0,"43":1,"44":1,"45":1,"46":1,"47":1,"48":8,"49":8,"50":24,"51":8,"52":2,"53":2,"54":2,"55":2,"56":2,"57":2,"58":2,"59":2,"60":2,"61":2,"62":2,"63":2,"64":2,"65":2,"66":2,"67":2,"68":2,"69":2,"70":2,"71":1,"72":8,"73":8,"74":4,"75":3,"76":11,"77":11,"78":11,"79":11,"80":11,"81":11,"82":11,"83":13,"84":13,"85":13,"86":13,"87":13,"88":13,"89":13,"90":13,"91":13,"92":0,"93":16,"94":16,"95":16,"96":16,"97":16,"98":16,"99":16,"100":16,"101":0,"102":16,"103":1,"104":1,"105":1,"106":1},"f":{"0":1,"1":1,"2":1,"3":7,"4":8,"5":16,"6":1,"7":1,"8":8,"9":2,"10":2,"11":8,"12":4,"13":11,"14":13,"15":13,"16":0,"17":16,"18":0,"19":2,"20":2},"b":{"0":[7,7],"1":[7,0],"2":[1,0],"3":[0,1],"4":[4,3],"5":[7,7],"6":[0,8],"7":[0,16],"8":[8,8],"9":[16,8,0],"10":[0,1],"11":[1,0],"12":[1,1],"13":[1,0],"14":[1,0],"15":[8,0],"16":[2,1],"17":[2,0],"18":[2,0],"19":[1,1],"20":[3,1],"21":[13,11],"22":[16,16]},"_coverageSchema":"332fd63041d2c1bcb487cc26dd0d5f7d97098a6c","hash":"68c191e91d3eb6d68ca00590646ac7a2bef85fd9","contentHash":"9447db940a955954c22bb00e0d742b11_11.1.0"},"E:\\projects\\react-markdown\\src\\client\\components\\SlateEditor\\plugins\\slate-fullscreen-plugin\\FullScreenButton.js":{"path":"E:\\projects\\react-markdown\\src\\client\\components\\SlateEditor\\plugins\\slate-fullscreen-plugin\\FullScreenButton.js","statementMap":{"0":{"start":{"line":3,"column":0},"end":{"line":5,"column":3}},"1":{"start":{"line":7,"column":13},"end":{"line":7,"column":29}},"2":{"start":{"line":9,"column":14},"end":{"line":9,"column":44}},"3":{"start":{"line":11,"column":18},"end":{"line":11,"column":39}},"4":{"start":{"line":13,"column":19},"end":{"line":13,"column":54}},"5":{"start":{"line":15,"column":22},"end":{"line":15,"column":67}},"6":{"start":{"line":17,"column":23},"end":{"line":17,"column":62}},"7":{"start":{"line":19,"column":15},"end":{"line":19,"column":53}},"8":{"start":{"line":21,"column":16},"end":{"line":21,"column":48}},"9":{"start":{"line":23,"column":17},"end":{"line":23,"column":38}},"10":{"start":{"line":25,"column":18},"end":{"line":25,"column":52}},"11":{"start":{"line":27,"column":39},"end":{"line":27,"column":93}},"12":{"start":{"line":29,"column":23},"end":{"line":46,"column":1}},"13":{"start":{"line":30,"column":16},"end":{"line":30,"column":28}},"14":{"start":{"line":31,"column":19},"end":{"line":31,"column":34}},"15":{"start":{"line":33,"column":2},"end":{"line":45,"column":4}},"16":{"start":{"line":48,"column":0},"end":{"line":51,"column":2}},"17":{"start":{"line":53,"column":0},"end":{"line":56,"column":2}},"18":{"start":{"line":58,"column":0},"end":{"line":58,"column":35}}},"fnMap":{"0":{"name":"_interopRequireDefault","decl":{"start":{"line":27,"column":9},"end":{"line":27,"column":31}},"loc":{"start":{"line":27,"column":37},"end":{"line":27,"column":95}},"line":27},"1":{"name":"FullScreenButton","decl":{"start":{"line":29,"column":32},"end":{"line":29,"column":48}},"loc":{"start":{"line":29,"column":55},"end":{"line":46,"column":1}},"line":29},"2":{"name":"onClick","decl":{"start":{"line":54,"column":20},"end":{"line":54,"column":27}},"loc":{"start":{"line":54,"column":30},"end":{"line":54,"column":32}},"line":54}},"branchMap":{"0":{"loc":{"start":{"line":27,"column":46},"end":{"line":27,"column":92}},"type":"cond-expr","locations":[{"start":{"line":27,"column":70},"end":{"line":27,"column":73}},{"start":{"line":27,"column":76},"end":{"line":27,"column":92}}],"line":27},"1":{"loc":{"start":{"line":27,"column":46},"end":{"line":27,"column":67}},"type":"binary-expr","locations":[{"start":{"line":27,"column":46},"end":{"line":27,"column":49}},{"start":{"line":27,"column":53},"end":{"line":27,"column":67}}],"line":27}},"s":{"0":1,"1":1,"2":1,"3":1,"4":1,"5":1,"6":1,"7":1,"8":1,"9":1,"10":1,"11":5,"12":1,"13":16,"14":16,"15":16,"16":1,"17":1,"18":1},"f":{"0":5,"1":16,"2":0},"b":{"0":[0,5],"1":[5,5]},"_coverageSchema":"332fd63041d2c1bcb487cc26dd0d5f7d97098a6c","hash":"94838290aee8869e4f8d830d03e9031ae56ecadd","contentHash":"bbdc1d7dec47bc8a9f4a3126a91e4c11_11.1.0"},"E:\\projects\\react-markdown\\src\\client\\components\\PlainMarkdownInput\\slate\\schema.js":{"path":"E:\\projects\\react-markdown\\src\\client\\components\\PlainMarkdownInput\\slate\\schema.js","statementMap":{"0":{"start":{"line":3,"column":0},"end":{"line":5,"column":3}},"1":{"start":{"line":7,"column":13},"end":{"line":7,"column":29}},"2":{"start":{"line":9,"column":14},"end":{"line":9,"column":44}},"3":{"start":{"line":11,"column":17},"end":{"line":11,"column":38}},"4":{"start":{"line":13,"column":18},"end":{"line":13,"column":52}},"5":{"start":{"line":15,"column":13},"end":{"line":15,"column":29}},"6":{"start":{"line":17,"column":39},"end":{"line":17,"column":93}},"7":{"start":{"line":23,"column":15},"end":{"line":52,"column":1}},"8":{"start":{"line":24,"column":22},"end":{"line":24,"column":28}},"9":{"start":{"line":26,"column":2},"end":{"line":51,"column":3}},"10":{"start":{"line":27,"column":16},"end":{"line":27,"column":25}},"11":{"start":{"line":28,"column":4},"end":{"line":31,"column":5}},"12":{"start":{"line":29,"column":6},"end":{"line":29,"column":36}},"13":{"start":{"line":30,"column":6},"end":{"line":30,"column":15}},"14":{"start":{"line":33,"column":18},"end":{"line":33,"column":31}},"15":{"start":{"line":34,"column":17},"end":{"line":34,"column":29}},"16":{"start":{"line":35,"column":15},"end":{"line":35,"column":
[...]
n":223}},"type":"binary-expr","locations":[{"start":{"line":31,"column":159},"end":{"line":31,"column":163}},{"start":{"line":31,"column":168},"end":{"line":31,"column":192}},{"start":{"line":31,"column":196},"end":{"line":31,"column":222}}],"line":31},"10":{"loc":{"start":{"line":33,"column":43},"end":{"line":33,"column":208}},"type":"if","locations":[{"start":{"line":33,"column":43},"end":{"line":33,"column":208}},{"start":{"line":33,"column":43},"end":{"line":33,"column":208}}],"line":33},"11":{"loc":{"start":{"line":33,"column":47},"end":{"line":33,"column":102}},"type":"binary-expr","locations":[{"start":{"line":33,"column":47},"end":{"line":33,"column":79}},{"start":{"line":33,"column":83},"end":{"line":33,"column":102}}],"line":33},"12":{"loc":{"start":{"line":33,"column":244},"end":{"line":33,"column":278}},"type":"binary-expr","locations":[{"start":{"line":33,"column":244},"end":{"line":33,"column":254}},{"start":{"line":33,"column":258},"end":{"line":33,"column":278}}],"line":33},"13":{"loc":{"start":{"line":33,"column":374},"end":{"line":33,"column":492}},"type":"if","locations":[{"start":{"line":33,"column":374},"end":{"line":33,"column":492}},{"start":{"line":33,"column":374},"end":{"line":33,"column":492}}],"line":33},"14":{"loc":{"start":{"line":33,"column":390},"end":{"line":33,"column":491}},"type":"cond-expr","locations":[{"start":{"line":33,"column":414},"end":{"line":33,"column":457}},{"start":{"line":33,"column":460},"end":{"line":33,"column":491}}],"line":33},"15":{"loc":{"start":{"line":41,"column":45},"end":{"line":41,"column":104}},"type":"binary-expr","locations":[{"start":{"line":41,"column":45},"end":{"line":41,"column":66}},{"start":{"line":41,"column":70},"end":{"line":41,"column":104}}],"line":41}},"s":{"0":1,"1":1,"2":1,"3":1,"4":1,"5":1,"6":1,"7":1,"8":1,"9":1,"10":1,"11":1,"12":1,"13":0,"14":1,"15":1,"16":1,"17":1,"18":1,"19":1,"20":1,"21":1,"22":1,"23":1,"24":4,"25":8,"26":0,"27":8,"28":0,"29":8,"30":1,"31":0,"32":1,"33":1,"34":1,"35":1,"36":1,"37":8,"38":8,"39":1,"40":16,"41":16,"42":16,"43":16,"44":16,"45":16,"46":16,"47":16,"48":16,"49":1,"50":1,"51":1},"f":{"0":1,"1":1,"2":1,"3":4,"4":8,"5":8,"6":1,"7":1,"8":8,"9":16},"b":{"0":[1,1],"1":[1,0],"2":[1,0],"3":[0,1],"4":[1,3],"5":[4,4],"6":[0,8],"7":[0,8],"8":[0,8],"9":[8,0,0],"10":[0,1],"11":[1,0],"12":[1,1],"13":[1,0],"14":[1,0],"15":[8,0]},"_coverageSchema":"332fd63041d2c1bcb487cc26dd0d5f7d97098a6c","hash":"9517dda9eb42c82ca879a2e0a840a9c45a9168cd","contentHash":"2517c0347272120e59766e8686ea8c90_11.1.0"},"E:\\projects\\react-markdown\\src\\client\\components\\SlateEditor\\Utils.js":{"path":"E:\\projects\\react-markdown\\src\\client\\components\\SlateEditor\\Utils.js","statementMap":{"0":{"start":{"line":3,"column":0},"end":{"line":5,"column":3}},"1":{"start":{"line":7,"column":15},"end":{"line":7,"column":256}},"2":{"start":{"line":7,"column":52},"end":{"line":7,"column":239}},"3":{"start":{"line":7,"column":110},"end":{"line":7,"column":122}},"4":{"start":{"line":7,"column":124},"end":{"line":7,"column":237}},"5":{"start":{"line":7,"column":150},"end":{"line":7,"column":235}},"6":{"start":{"line":7,"column":207},"end":{"line":7,"column":233}},"7":{"start":{"line":7,"column":240},"end":{"line":7,"column":254}},"8":{"start":{"line":9,"column":13},"end":{"line":9,"column":29}},"9":{"start":{"line":11,"column":14},"end":{"line":11,"column":44}},"10":{"start":{"line":13,"column":14},"end":{"line":13,"column":38}},"11":{"start":{"line":15,"column":15},"end":{"line":15,"column":46}},"12":{"start":{"line":17,"column":39},"end":{"line":17,"column":93}},"13":{"start":{"line":19,"column":19},"end":{"line":30,"column":1}},"14":{"start":{"line":20,"column":15},"end":{"line":20,"column":23}},"15":{"start":{"line":21,"column":2},"end":{"line":23,"column":3}},"16":{"start":{"line":22,"column":4},"end":{"line":22,"column":22}},"17":{"start":{"line":24,"column":2},"end":{"line":26,"column":5}},"18":{"start":{"line":25,"column":4},"end":{"line":25,"column":14}},"19":{"start":{"line":27,"column":2},"end":{"line":29,"column":5}},"20":{"start":{"line":28,"column":4},"end":{"line":28,"column":68}},"21":{"start":{"line":32,"column":0},"end":{"line":34,"column":2}}},"fnMap":{"0":{"name":"(anonymous_0)","decl":{"start":{"line":7,"column":32},"end":{"line":7,"column":33}},"loc":{"start":{"line":7,"column":50},"end":{"line":7,"column":256}},"line":7},"1":{"name":"_interopRequireDefault","decl":{"start":{"line":17,"column":9},"end":{"line":17,"column":31}},"loc":{"start":{"line":17,"column":37},"end":{"line":17,"column":95}},"line":17},"2":{"name":"cloneElement","decl":{"start":{"line":19,"column":28},"end":{"line":19,"column":40}},"loc":{"start":{"line":19,"column":58},"end":{"line":30,"column":1}},"line":19},"3":{"name":"(anonymous_3)","decl":{"start":{"line":24,"column":41},"end":{"line":24,"column":42}},"loc":{"start":{"line":24,"column":55},"end":{"line":26,"column":3}},"line":24},"4":{"name":"(anonymous_4)","decl":{"start":{"line":27,"column":46},"end":{"line":27,"column":47}},"loc":{"start":{"line":27,"column":63},"end":{"line":29,"column":3}},"line":27}},"branchMap":{"0":{"loc":{"start":{"line":7,"column":15},"end":{"line":7,"column":256}},"type":"binary-expr","locations":[{"start":{"line":7,"column":15},"end":{"line":7,"column":28}},{"start":{"line":7,"column":32},"end":{"line":7,"column":256}}],"line":7},"1":{"loc":{"start":{"line":7,"column":150},"end":{"line":7,"column":235}},"type":"if","locations":[{"start":{"line":7,"column":150},"end":{"line":7,"column":235}},{"start":{"line":7,"column":150},"end":{"line":7,"column":235}}],"line":7},"2":{"loc":{"start":{"line":17,"column":46},"end":{"line":17,"column":92}},"type":"cond-expr","locations":[{"start":{"line":17,"column":70},"end":{"line":17,"column":73}},{"start":{"line":17,"column":76},"end":{"line":17,"column":92}}],"line":17},"3":{"loc":{"start":{"line":17,"column":46},"end":{"line":17,"column":67}},"type":"binary-expr","locations":[{"start":{"line":17,"column":46},"end":{"line":17,"column":49}},{"start":{"line":17,"column":53},"end":{"line":17,"column":67}}],"line":17},"4":{"loc":{"start":{"line":21,"column":2},"end":{"line":23,"column":3}},"type":"if","locations":[{"start":{"line":21,"column":2},"end":{"line":23,"column":3}},{"start":{"line":21,"column":2},"end":{"line":23,"column":3}}],"line":21},"5":{"loc":{"start":{"line":21,"column":6},"end":{"line":21,"column":30}},"type":"binary-expr","locations":[{"start":{"line":21,"column":6},"end":{"line":21,"column":12}},{"start":{"line":21,"column":16},"end":{"line":21,"column":30}}],"line":21}},"s":{"0":1,"1":1,"2":0,"3":0,"4":0,"5":0,"6":0,"7":0,"8":1,"9":1,"10":1,"11":1,"12":2,"13":1,"14":128,"15":128,"16":64,"17":128,"18":288,"19":128,"20":256,"21":1},"f":{"0":0,"1":2,"2":128,"3":288,"4":256},"b":{"0":[1,0],"1":[0,0],"2":[0,2],"3":[2,2],"4":[64,64],"5":[128,128]},"_coverageSchema":"332fd63041d2c1bcb487cc26dd0d5f7d97098a6c","hash":"8ddb359061d656ff4e28dd8bffb5cd67773b1853","contentHash":"76bafbb029b6f59f8520c8f67e4e8464_11.1.0"},"E:\\projects\\react-markdown\\src\\client\\components\\SlateEditor\\SlateToolbar.js":{"path":"E:\\projects\\react-markdown\\src\\client\\components\\SlateEditor\\SlateToolbar.js","statementMap":{"0":{"start":{"line":3,"column":0},"end":{"line":5,"column":3}},"1":{"start":{"line":7,"column":13},"end":{"line":7,"column":29}},"2":{"start":{"line":9,"column":14},"end":{"line":9,"column":44}},"3":{"start":{"line":11,"column":13},"end":{"line":11,"column":31}},"4":{"start":{"line":13,"column":14},"end":{"line":13,"column":44}},"5":{"start":{"line":15,"column":0},"end":{"line":15,"column":31}},"6":{"start":{"line":17,"column":39},"end":{"line":17,"column":93}},"7":{"start":{"line":19,"column":60},"end":{"line":19,"column":62}},"8":{"start":{"line":19,"column":64},"end":{"line":19,"column":203}},"9":{"start":{"line":19,"column":85},"end":{"line":19,"column":120}},"10":{"start":{"line":19,"column":111},"end":{"line":19,"column":120}},"11":{"start":{"line":19,"column":121},"end":{"line":19,"column":181}},"12":{"start":{"line":19,"column":172},"end":{"line":19,"column":181}},"13":{"start":{"line":19,"column":182},"end":{"line":19,"column":201}},"14":{"start":{"line":19,"column":204},"end":{"line":19,"column":218}},"15":{"start":{"line":21,"column":0},"end":{"line":30,"column":2}},"16":{"start":{"line":22,"column":17},"end":{"line":22,"column":30}},"17":{"start":{"line":23,"column":13},"end":{"line":23,"column":57}},"18":{"start":{"line":25,"column":2},"end":{"line":29,"column":4}}},"fnMap":{"0":{"name":"_interopRequireDefault","decl":{"start":{"line":17,"column":9},"end":{"line":17,"column":31}},"loc":{"start":{"line":17,"column":37},"end":{"line":17,"column":95}},"line":17},"1":{"name":"_objectWithoutProperties","decl":{"start":{"line":19,"column":9},"end":{"line":19,"column":33}},"loc":{"start":{"line":19,"column":45},"end":{"line":19,"column":220}},"line":19},"2":{"name":"(anonymous_2)","decl":{"start":{"line":21,"column":18},"end":{"line":21,"column":19}},"loc":{"start":{"line":21,"column":34},"end":{"line":30,"column":1}},"line":21}},"branchMap":{"0":{"loc":{"start":{"line":17,"column":46},"end":{"line":17,"column":92}},"type":"cond-expr","locations":[{"start":{"line":17,"column":70},"end":{"line":17,"column":73}},{"start":{"line":17,"column":76},"end":{"line":17,"column":92}}],"line":17},"1":{"loc":{"start":{"line":17,"column":46},"end":{"line":17,"column":67}},"type":"binary-expr","locations":[{"start":{"line":17,"column":46},"end":{"line":17,"column":49}},{"start":{"line":17,"column":53},"end":{"line":17,"column":67}}],"line":17},"2":{"loc":{"start":{"line":19,"column":85},"end":{"line":19,"column":120}},"type":"if","locations":[{"start":{"line":19,"column":85},"end":{"line":19,"column":120}},{"start":{"line":19,"column":85},"end":{"line":19,"column":120}}],"line":19},"3":{"loc":{"start":{"line":19,"column":121},"end":{"line":19,"column":181}},"type":"if","locations":[{"start":{"line":19,"column":121},"end":{"line":19,"column":181}},{"start":{"line":19,"column":121},"end":{"line":19,"column":181}}],"line":19}},"s":{"0":1,"1":1,"2":1,"3":1,"4":1,"5":1,"6":2,"7":16,"8":16,"9":96,"10":16,"11":80,"12":0,"13":80,"14":16,"15":1,"16":16,"17":16,"18":16},"f":{"0":2,"1":16,"2":16},"b":{"0":[1,1],"1":[2,2],"2":[16,80],"3":[0,80]},"_coverageSchema":"332fd63041d2c1bcb487cc26dd0d5f7d97098a6c","hash":"3a28b29bddd8cc6d34dee9dd2eb417ed14608883","contentHash":"d98ffa764b368c1226fe8efcf7b0b44c_11.1.0"},"E:\\projects\\react-markdown\\src\\client\\components\\SlateEditor\\SlateToolbarGroup.js":{"path":"E:\\projects\\react-markdown\\src\\client\\components\\SlateEditor\\SlateToolbarGroup.js","statementMap":{"0":{"start":{"line":3,"column":0},"end":{"line":5,"column":3}},"1":{"start":{"line":7,"column":13},"end":{"line":7,"column":29}},"2":{"start":{"line":9,"column":14},"end":{"line":9,"column":44}},"3":{"start":{"line":11,"column":13},"end":{"line":11,"column":31}},"4":{"start":{"line":13,"column":14},"end":{"line":13,"column":44}},"5":{"start":{"line":15,"column":17},"end":{"line":15,"column":38}},"6":{"start":{"line":17,"column":18},"end":{"line":17,"column":52}},"7":{"start":{"line":19,"column":39},"end":{"line":19,"column":93}},"8":{"start":{"line":21,"column":60},"end":{"line":21,"column":62}},"9":{"start":{"line":21,"column":64},"end":{"line":21,"column":203}},"10":{"start":{"line":21,"column":85},"end":{"line":21,"column":120}},"11":{"start":{"line":21,"column":111},"end":{"line":21,"column":120}},"12":{"start":{"line":21,"column":121},"end":{"line":21,"column":181}},"13":{"start":{"line":21,"column":172},"end":{"line":21,"column":181}},"14":{"start":{"line":21,"column":182},"end":{"line":21,"column":201}},"15":{"start":{"line":21,"column":204},"end":{"line":21,"column":218}},"16":{"start":{"line":23,"column":16},"end":{"line":25,"column":1}},"17":{"start":{"line":27,"column":19},"end":{"line":29,"column":1}},"18":{"start":{"line":31,"column":19},"end":{"line":41,"column":1}},"19":{"start":{"line":32,"column":17},"end":{"line":32,"column":30}},"20":{"start":{"line":33,"column":18},"end":{"line":33,"column":32}},"21":{"start":{"line":34,"column":13},"end":{"line":34,"column":70}},"22":{"start":{"line":36,"column":2},"end":{"line":40,"column":4}},"23":{"start":{"line":43,"column":0},"end":{"line":43,"column":35}},"24":{"start":{"line":44,"column":0},"end":{"line":44,"column":41}},"25":{"start":{"line":46,"column":0},"end":{"line":46,"column":31}}},"fnMap":{"0":{"name":"_interopRequireDefault","decl":{"start":{"line":19,"column":9},"end":{"line":19,"column":31}},"loc":{"start":{"line":19,"column":37},"end":{"line":19,"column":95}},"line":19},"1":{"name":"_objectWithoutProperties","decl":{"start":{"line":21,"column":9},"end":{"line":21,"column":33}},"loc":{"start":{"line":21,"column":45},"end":{"line":21,"column":220}},"line":21},"2":{"name":"SlateToolbar","decl":{"start":{"line":31,"column":28},"end":{"line":31,"column":40}},"loc":{"start":{"line":31,"column":47},"end":{"line":41,"column":1}},"line":31}},"branchMap":{"0":{"loc":{"start":{"line":19,"column":46},"end":{"line":19,"column":92}},"type":"cond-expr","locations":[{"start":{"line":19,"column":70},"end":{"line":19,"column":73}},{"start":{"line":19,"column":76},"end":{"line":19,"column":92}}],"line":19},"1":{"loc":{"start":{"line":19,"column":46},"end":{"line":19,"column":67}},"type":"binary-expr","locations":[{"start":{"line":19,"column":46},"end":{"line":19,"column":49}},{"start":{"line":19,"column":53},"end":{"line":19,"column":67}}],"line":19},"2":{"loc":{"start":{"line":21,"column":85},"end":{"line":21,"column":120}},"type":"if","locations":[{"start":{"line":21,"column":85},"end":{"line":21,"column":120}},{"start":{"line":21,"column":85},"end":{"line":21,"column":120}}],"line":21},"3":{"loc":{"start":{"line":21,"column":121},"end":{"line":21,"column":181}},"type":"if","locations":[{"start":{"line":21,"column":121},"end":{"line":21,"column":181}},{"start":{"line":21,"column":121},"end":{"line":21,"column":181}}],"line":21}},"s":{"0":1,"1":1,"2":1,"3":1,"4":1,"5":1,"6":1,"7":3,"8":96,"9":96,"10":672,"11":192,"12":480,"13":0,"14":480,"15":96,"16":1,"17":1,"18":1,"19":96,"20":96,"21":96,"22":96,"23":1,"24":1,"25":1},"f":{"0":3,"1":96,"2":96},"b":{"0":[1,2],"1":[3,3],"2":[192,480],"3":[0,480]},"_coverageSchema":"332fd63041d2c1bcb487cc26dd0d5f7d97098a6c","hash":"14ec840e6f89b9d7bb6e45ba62bddfa30694cf0e","contentHash":"6a81a83ae5a81b72e3575e63fd7bc824_11.1.0"},"E:\\projects\\react-markdown\\src\\client\\components\\SlateEditor\\SlateContent.js":{"path":"E:\\projects\\react-markdown\\src\\client\\components\\SlateEditor\\SlateContent.js","statementMap":{"0":{"start":{"line":3,"column":0},"end":{"line":5,"column":3}},"1":{"start":{"line":7,"column":15},"end":{"line":7,"column":256}},"2":{"start":{"line":7,"column":52},"end":{"line":7,"column":239}},"3":{"start":{"line":7,"column":110},"end":{"line":7,"column":122}},"4":{"start":{"line":7,"column":124},"end":{"line":7,"column":237}},"5":{"start":{"line":7,"column":150},"end":{"line":7,"column":235}},"6":{"start":{"line":7,"column":207},"end":{"line":7,"column":233}},"7":{"start":{"line":7,"column":240},"end":{"line":7,"column":254}},"8":{"start":{"line":9,"column":13},"end":{"line":9,"column":29}},"9":{"start":{"line":11,"column":14},"end":{"line":11,"column":44}},"10":{"start":{"line":13,"column":18},"end":{"line":13,"column":40}},"11":{"start":{"line":15,"column":17},"end":{"line":15,"column":38}},"12":{"start":{"line":17,"column":18},"end":{"line":17,"column":52}},"13":{"start":{"line":19,"column":0},"end":{"line":19,"column":31}},"14":{"start":{"line":21,"column":39},"end":{"line":21,"column":93}},"15":{"start":{"line":23,"column":60},"end":{"line":23,"column":62}},"16":{"start":{"line":23,"column":64},"end":{"line":23,"column":203}},"17":{"start":{"line":23,"column":85},"end":{"line":23,"column":120}},"18":{"start":{"line":23,"column":111},"end":{"line":23,"column":120}},"19":{"start":{"line":23,"column":121},"end":{"line":23,"column":181}},"20":{"start":{"line":23,"column":172},"end":{"line":23,"column":181}},"21":{"start":{"line":23,"column":182},"end":{"line":23,"column":201}},"22":{"start":{"line":23,"column":204},"end":{"line":23,"column":218}},"23":{"start":{"line":25,"column":19},"end":{"line":48,"column":1}},"24":{"start":{"line":26,"column":14},"end":{"line":26,"column":24}},"25":{"start":{"line":27,"column":16},"end":{"line":27,"column":28}},"26":{"start":{"line":28,"column":15},"end":{"line":28,"column":26}},"27":{"start":{"line":29,"column":17},"end":{"line":29,"column":30}},"28":{"start":{"line":30,"column":17},"end":{"line":30,"column":30}},"29":{"start":{"line":31,"column":17},"end":{"line":31,"column":30}},"30":{"start":{"line":32,"column":13},"end":{"line":32,"column":111}},"31":{"start":{"line":34,"column":2},"end":{"line":47,"column":4}},"32":{"start":{"line":50,"column":0},"end":{"line":56,"column":2}},"33":{"start":{"line":58,"column":0},"end":{"line":61,"column":2}},"34":{"start":{"line":63,"column":0},"end":{"line":63,"column":31}}},"fnMap":{"0":{"name":"(anonymous_0)","decl":{"start":{"line":7,"column":32},"end":{"line":7,"column":33}},"loc":{"start":{"line":7,"column":50},"end":{"line":7,"column":256}},"line":7},"1":{"name":"_interopRequireDefault","decl":{"start":{"line":21,"column":9},"end":{"line":21,"column":31}},"loc":{"start":{"line":21,"column":37},"end":{"line":21,"column":95}},"line":21},"2":{"name":"_objectWithoutProperties","decl":{"start":{"line":23,"column":9},"end":{"line":23,"column":33}},"loc":{"start":{"line":23,"column":45},"end":{"line":23,"column":220}},"line":23},"3":{"name":"SlateContent","decl":{"start":{"line":25,"column":28},"end":{"line":25,"column":40}},"loc":{"start":{"line":25,"column":47},"end":{"line":48,"column":1}},"line":25},"4":{"name":"onChange","decl":{"start":{"line":59,"column":21},"end":{"line":59,"column":29}},"loc":{"start":{"line":59,"column":32},"end":{"line":59,"column":34}},"line":59}},"branchMap":{"0":{"loc":{"start":{"line":7,"column":15},"end":{"line":7,"column":256}},"type":"binary-expr","locations":[{"start":{"line":7,"column":15},"end":{"line":7,"column":28}},{"start":{"line":7,"column":32},"end":{"line":7,"column":256}}],"line":7},"1":{"loc":{"start":{"line":7,"column":150},"end":{"line":7,"column":235}},"type":"if","locations":[{"start":{"line":7,"column":150},"end":{"line":7,"column":235}},{"start":{"line":7,"column":150},"end":{"line":7,"column":235}}],"line":7},"2":{"loc":{"start":{"line":21,"column":46},"end":{"line":21,"column":92}},"type":"cond-expr","locations":[{"start":{"line":21,"column":70},"end":{"line":21,"column":73}},{"start":{"line":21,"column":76},"end":{"line":21,"column":92}}],"line":21},"3":{"loc":{"start":{"line":21,"column":46},"end":{"line":21,"column":67}},"type":"binary-expr","locations":[{"start":{"line":21,"column":46},"end":{"line":21,"column":49}},{"start":{"line":21,"column":53},"end":{"line":21,"column":67}}],"line":21},"4":{"loc":{"start":{"line":23,"column":85},"end":{"line":23,"column":120}},"type":"if","locations":[{"start":{"line":23,"column":85},"end":{"line":23,"column":120}},{"start":{"line":23,"column":85},"end":{"line":23,"column":120}}],"line":23},"5":{"loc":{"start":{"line":23,"column":121},"end":{"line":23,"column":181}},"type":"if","locations":[{"start":{"line":23,"column":121},"end":{"line":23,"column":181}},{"start":{"line":23,"column":121},"end":{"line":23,"column":181}}],"line":23}},"s":{"0":1,"1":1,"2":0,"3":0,"4":0,"5":0,"6":0,"7":0,"8":1,"9":1,"10":1,"11":1,"12":1,"13":1,"14":2,"15":16,"16":16,"17":80,"18":80,"19":0,"20":0,"21":0,"22":16,"23":1,"24":16,"25":16,"26":16,"27":16,"28":16,"29":16,"30":16,"31":16,"32":1,"33":1,"34":1},"f":{"0":0,"1":2,"2":16,"3":16,"4":0},"b":{"0":[1,0],"1":[0,0],"2":[0,2],"3":[2,2],"4":[80,0],"5":[0,0]},"_coverageSchema":"332fd63041d2c1bcb487cc26dd0d5f7d97098a6c","hash":"29ec850bc928f78f3b1a2343524356beca82d86d","contentHash":"4a5ca4849f7a665e6ad133c8a1638fae_11.1.0"}}