{"E:\\projects\\react-markdown\\src\\client\\components\\MarkdownInput\\index.js":{"path":"E:\\projects\\react-markdown\\src\\client\\components\\MarkdownInput\\index.js","statementMap":{},"fnMap":{},"branchMap":{},"s":{},"f":{},"b":{}},"E:\\projects\\react-markdown\\src\\client\\components\\PlainMarkdownInput\\buttons\\BoldButton.js":{"path":"E:\\projects\\react-markdown\\src\\client\\components\\PlainMarkdownInput\\buttons\\BoldButton.js","statementMap":{"0":{"start":{"line":6,"column":27},"end":{"line":20,"column":1}},"1":{"start":{"line":7,"column":17},"end":{"line":7,"column":39}},"2":{"start":{"line":9,"column":2},"end":{"line":19,"column":4}},"3":{"start":{"line":13,"column":20},"end":{"line":13,"column":90}},"4":{"start":{"line":22,"column":0},"end":{"line":26,"column":2}}},"fnMap":{"0":{"name":"(anonymous_0)","decl":{"start":{"line":6,"column":27},"end":{"line":6,"column":28}},"loc":{"start":{"line":6,"column":62},"end":{"line":20,"column":1}},"line":6},"1":{"name":"(anonymous_1)","decl":{"start":{"line":13,"column":15},"end":{"line":13,"column":16}},"loc":{"start":{"line":13,"column":20},"end":{"line":13,"column":90}},"line":13}},"branchMap":{"0":{"loc":{"start":{"line":12,"column":16},"end":{"line":12,"column":56}},"type":"binary-expr","locations":[{"start":{"line":12,"column":16},"end":{"line":12,"column":24}},{"start":{"line":12,"column":28},"end":{"line":12,"column":56}}],"line":12},"1":{"loc":{"start":{"line":13,"column":29},"end":{"line":13,"column":89}},"type":"cond-expr","locations":[{"start":{"line":13,"column":38},"end":{"line":13,"column":63}},{"start":{"line":13,"column":66},"end":{"line":13,"column":89}}],"line":13}},"s":{"0":0,"1":0,"2":0,"3":0,"4":0},"f":{"0":0,"1":0},"b":{"0":[0,0],"1":[0,0]}},"E:\\projects\\react-markdown\\src\\client\\components\\PlainMarkdownInput\\buttons\\HeaderFiveButton.js":{"path":"E:\\projects\\react-markdown\\src\\client\\components\\PlainMarkdownInput\\buttons\\HeaderFiveButton.js","statementMap":{"0":{"start":{"line":11,"column":33},"end":{"line":20,"column":1}},"1":{"start":{"line":12,"column":17},"end":{"line":12,"column":45}},"2":{"start":{"line":13,"column":2},"end":{"line":19,"column":4}},"3":{"start":{"line":15,"column":20},"end":{"line":15,"column":102}},"4":{"start":{"line":22,"column":0},"end":{"line":25,"column":2}}},"fnMap":{"0":{"name":"(anonymous_0)","decl":{"start":{"line":11,"column":33},"end":{"line":11,"column":34}},"loc":{"start":{"line":11,"column":58},"end":{"line":20,"column":1}},"line":11},"1":{"name":"(anonymous_1)","decl":{"start":{"line":15,"column":15},"end":{"line":15,"column":16}},"loc":{"start":{"line":15,"column":20},"end":{"line":15,"column":102}},"line":15}},"branchMap":{"0":{"loc":{"start":{"line":15,"column":29},"end":{"line":15,"column":101}},"type":"cond-expr","locations":[{"start":{"line":15,"column":38},"end":{"line":15,"column":69}},{"start":{"line":15,"column":72},"end":{"line":15,"column":101}}],"line":15}},"s":{"0":0,"1":0,"2":0,"3":0,"4":0},"f":{"0":0,"1":0},"b":{"0":[0,0]}},"E:\\projects\\react-markdown\\src\\client\\components\\PlainMarkdownInput\\buttons\\HeaderFourButton.js":{"path":"E:\\projects\\react-markdown\\src\\client\\components\\PlainMarkdownInput\\buttons\\HeaderFourButton.js","statementMap":{"0":{"start":{"line":11,"column":33},"end":{"line":20,"column":1}},"1":{"start":{"line":12,"column":17},"end":{"line":12,"column":45}},"2":{"start":{"line":13,"column":2},"end":{"line":19,"column":4}},"3":{"start":{"line":15,"column":20},"end":{"line":15,"column":102}},"4":{"start":{"line":22,"column":0},"end":{"line":25,"column":2}}},"fnMap":{"0":{"name":"(anonymous_0)","decl":{"start":{"line":11,"column":33},"end":{"line":11,"column":34}},"loc":{"start":{"line":11,"column":58},"end":{"line":20,"column":1}},"line":11},"1":{"name":"(anonymous_1)","decl":{"start":{"line":15,"column":15},"end":{"line":15,"column":16}},"loc":{"start":{"line":15,"column":20},"end":{"line":15,"column":102}},"line":15}},"branchMap":{"0":{"loc":{"start":{"line":15,"column":29},"end":{"line":15,"column":101}},"type":"cond-expr","locations":[{"start":{"line":15,"column":38},"end":{"line":15,"column":69}},{"start":{"line":15,"column":72},"end":{"line":15,"column":101}}],"line":15}},"s":{"0":0,"1":0,"2":0,"3":0,"4":0},"f":{"0":0,"1":0},"b":{"0":[0,0]}},"E:\\projects\\react-markdown\\src\\client\\components\\PlainMarkdownInput\\buttons\\HeaderOneButton.js":{"path":"E:\\projects\\react-markdown\\src\\client\\components\\PlainMarkdownInput\\buttons\\HeaderOneButton.js","statementMap":{"0":{"start":{"line":11,"column":32},"end":{"line":20,"column":1}},"1":{"start":{"line":12,"column":17},"end":{"line":12,"column":44}},"2":{"start":{"line":13,"column":2},"end":{"line":19,"column":4}},"3":{"start":{"line":15,"column":20},"end":{"line":15,"column":100}},"4":{"start":{"line":22,"column":0},"end":{"line":25,"column":2}}},"fnMap":{"0":{"name":"(anonymous_0)","decl":{"start":{"line":11,"column":32},"end":{"line":11,"column":33}},"loc":{"start":{"line":11,"column":57},"end":{"line":20,"column":1}},"line":11},"1":{"name":"(anonymous_1)","decl":{"start":{"line":15,"column":15},"end":{"line":15,"column":16}},"loc":{"start":{"line":15,"column":20},"end":{"line":15,"column":100}},"line":15}},"branchMap":{"0":{"loc":{"start":{"line":15,"column":29},"end":{"line":15,"column":99}},"type":"cond-expr","locations":[{"start":{"line":15,"column":38},"end":{"line":15,"column":68}},{"start":{"line":15,"column":71},"end":{"line":15,"column":99}}],"line":15}},"s":{"0":0,"1":0,"2":0,"3":0,"4":0},"f":{"0":0,"1":0},"b":{"0":[0,0]}},"E:\\projects\\react-markdown\\src\\client\\components\\PlainMarkdownInput\\buttons\\HeaderSixButton.js":{"path":"E:\\projects\\react-markdown\\src\\client\\components\\PlainMarkdownInput\\buttons\\HeaderSixButton.js","statementMap":{"0":{"start":{"line":11,"column":32},"end":{"line":20,"column":1}},"1":{"start":{"line":12,"column":17},"end":{"line":12,"column":44}},"2":{"start":{"line":13,"column":2},"end":{"line":19,"column":4}},"3":{"start":{"line":15,"column":20},"end":{"line":15,"column":100}},"4":{"start":{"line":22,"column":0},"end":{"line":25,"column":2}}},"fnMap":{"0":{"name":"(anonymous_0)","decl":{"start":{"line":11,"column":32},"end":{"line":11,"column":33}},"loc":{"start":{"line":11,"column":57},"end":{"line":20,"column":1}},"line":11},"1":{"name":"(anonymous_1)","decl":{"start":{"line":15,"column":15},"end":{"line":15,"column":16}},"loc":{"start":{"line":15,"column":20},"end":{"line":15,"column":100}},"line":15}},"branchMap":{"0":{"loc":{"start":{"line":15,"column":29},"end":{"line":15,"column":99}},"type":"cond-expr","locations":[{"start":{"line":15,"column":38},"end":{"line":15,"column":68}},{"start":{"line":15,"column":71},"end":{"line":15,"column":99}}],"line":15}},"s":{"0":0,"1":0,"2":0,"3":0,"4":0},"f":{"0":0,"1":0},"b":{"0":[0,0]}},"E:\\projects\\react-markdown\\src\\client\\components\\PlainMarkdownInput\\buttons\\HeaderThreeButton.js":{"path":"E:\\projects\\react-markdown\\src\\client\\components\\PlainMarkdownInput\\buttons\\HeaderThreeButton.js","statementMap":{"0":{"start":{"line":11,"column":34},"end":{"line":20,"column":1}},"1":{"start":{"line":12,"column":17},"end":{"line":12,"column":46}},"2":{"start":{"line":13,"column":2},"end":{"line":19,"column":4}},"3":{"start":{"line":15,"column":20},"end":{"line":15,"column":104}},"4":{"start":{"line":22,"column":0},"end":{"line":25,"column":2}}},"fnMap":{"0":{"name":"(anonymous_0)","decl":{"start":{"line":11,"column":34},"end":{"line":11,"column":35}},"loc":{"start":{"line":11,"column":59},"end":{"line":20,"column":1}},"line":11},"1":{"name":"(anonymous_1)","decl":{"start":{"line":15,"column":15},"end":{"line":15,"column":16}},"loc":{"start":{"line":15,"column":20},"end":{"line":15,"column":104}},"line":15}},"branchMap":{"0":{"loc":{"start":{"line":15,"column":29},"end":{"line":15,"column":103}},"type":"cond-expr","locations":[{"start":{"line":15,"column":38},"end":{"line":15,"column":70}},{"start":{"line":15,"column":73},"end":{"line":15,"column":103}}],"line":15}},"s":{"0":0,"1":0,"2":0,"3":0,"4":0},"f":{"0":0,"1":0},"b":{"0":[0,0]}},"E:\\projects\\react-markdown\\src\\client\\components\\PlainMarkdownInput\\buttons\\HeaderTwoButton.js":{"path":"E:\\projects\\react-markdown\\src\\client\\components\\PlainMarkdownInput\\buttons\\HeaderTwoButton.js","statementMap":{"0":{"start":{"line":11,"column":32},"end":{"line":20,"column":1}},"1":{"start":{"line":12,"column":17},"end":{"line":12,"column":44}},"2":{"start":{"line":13,"column":2},"end":{"line":19,"column":4}},"3":{"start":{"line":15,"column":20},"end":{"line":15,"column":100}},"4":{"start":{"line":22,"column":0},"end":{"line":25,"column":2}}},"fnMap":{"0":{"name":"(anonymous_0)","decl":{"start":{"line":11,"column":32},"end":{"line":11,"column":33}},"loc":{"start":{"line":11,"column":57},"end":{"line":20,"column":1}},"line":11},"1":{"name":"(anonymous_1)","decl":{"start":{"line":15,"column":15},"end":{"line":15,"column":16}},"loc":{"start":{"line":15,"column":20},"end":{"line":15,"column":100}},"line":15}},"branchMap":{"0":{"loc":{"start":{"line":15,"column":29},"end":{"line":15,"column":99}},"type":"cond-expr","locations":[{"start":{"line":15,"column":38},"end":{"line":15,"column":68}},{"start":{"line":15,"column":71},"end":{"line":15,"column":99}}],"line":15}},"s":{"0":0,"1":0,"2":0,"3":0,"4":0},"f":{"0":0,"1":0},"b":{"0":[0,0]}},"E:\\projects\\react-markdown\\src\\client\\components\\PlainMarkdownInput\\buttons\\index.js":{"path":"E:\\projects\\react-markdown\\src\\client\\components\\PlainMarkdownInput\\buttons\\index.js","statementMap":{},"fnMap":{},"branchMap":{},"s":{},"f":{},"b":{}},"E:\\projects\\react-markdown\\src\\client\\components\\PlainMarkdownInput\\buttons\\ItalicButton.js":{"path":"E:\\projects\\react-markdown\\src\\client\\components\\PlainMarkdownInput\\buttons\\ItalicButton.js","statementMap":{"0":{"start":{"line":12,"column":29},"end":{"line":25,"column":1}},"1":{"start":{"line":13,"column":17},"end":{"line":13,"column":41}},"2":{"start":{"line":14,"column":2},"end":{"line":24,"column":4}},"3":{"start":{"line":18,"column":20},"end":{"line":18,"column":94}},"4":{"start":{"line":27,"column":0},"end":{"line":31,"column":2}}},"fnMap":{"0":{"name":"(anonymous_0)","decl":{"start":{"line":12,"column":29},"end":{"line":12,"column":30}},"loc":{"start":{"line":12,"column":64},"end":{"line":25,"column":1}},"line":12},"1":{"name":"(anonymous_1)","decl":{"start":{"line":18,"column":15},"end":{"line":18,"column":16}},"loc":{"start":{"line":18,"column":20},"end":{"line":18,"column":94}},"line":18}},"branchMap":{"0":{"loc":{"start":{"line":17,"column":16},"end":{"line":17,"column":56}},"type":"binary-expr","locations":[{"start":{"line":17,"column":16},"end":{"line":17,"column":24}},{"start":{"line":17,"column":28},"end":{"line":17,"column":56}}],"line":17},"1":{"loc":{"start":{"line":18,"column":29},"end":{"line":18,"column":93}},"type":"cond-expr","locations":[{"start":{"line":18,"column":38},"end":{"line":18,"column":65}},{"start":{"line":18,"column":68},"end":{"line":18,"column":93}}],"line":18}},"s":{"0":0,"1":0,"2":0,"3":0,"4":0},"f":{"0":0,"1":0},"b":{"0":[0,0],"1":[0,0]}},"E:\\projects\\react-markdown\\src\\client\\components\\PlainMarkdownInput\\buttons\\LinkButton.js":{"path":"E:\\projects\\react-markdown\\src\\client\\components\\PlainMarkdownInput\\buttons\\LinkButton.js","statementMap":{"0":{"start":{"line":6,"column":27},"end":{"line":16,"column":1}},"1":{"start":{"line":7,"column":2},"end":{"line":15,"column":11}},"2":{"start":{"line":10,"column":18},"end":{"line":10,"column":51}},"3":{"start":{"line":18,"column":0},"end":{"line":22,"column":2}}},"fnMap":{"0":{"name":"(anonymous_0)","decl":{"start":{"line":6,"column":27},"end":{"line":6,"column":28}},"loc":{"start":{"line":7,"column":2},"end":{"line":15,"column":11}},"line":7},"1":{"name":"(anonymous_1)","decl":{"start":{"line":10,"column":13},"end":{"line":10,"column":14}},"loc":{"start":{"line":10,"column":18},"end":{"line":10,"column":51}},"line":10}},"branchMap":{"0":{"loc":{"start":{"line":9,"column":14},"end":{"line":9,"column":54}},"type":"binary-expr","locations":[{"start":{"line":9,"column":14},"end":{"line":9,"column":22}},{"start":{"line":9,"column":26},"end":{"line":9,"column":54}}],"line":9}},"s":{"0":0,"1":0,"2":0,"3":0},"f":{"0":0,"1":0},"b":{"0":[0,0]}},"E:\\projects\\react-markdown\\src\\client\\components\\PlainMarkdownInput\\buttons\\OrderedListButton.js":{"path":"E:\\projects\\react-markdown\\src\\client\\components\\PlainMarkdownInput\\buttons\\OrderedListButton.js","statementMap":{"0":{"start":{"line":12,"column":34},"end":{"line":25,"column":1}},"1":{"start":{"line":13,"column":17},"end":{"line":13,"column":46}},"2":{"start":{"line":14,"column":2},"end":{"line":24,"column":3}},"3":{"start":{"line":18,"column":20},"end":{"line":18,"column":104}},"4":{"start":{"line":27,"column":0},"end":{"line":31,"column":2}}},"fnMap":{"0":{"name":"(anonymous_0)","decl":{"start":{"line":12,"column":34},"end":{"line":12,"column":35}},"loc":{"start":{"line":12,"column":69},"end":{"line":25,"column":1}},"line":12},"1":{"name":"(anonymous_1)","decl":{"start":{"line":18,"column":15},"end":{"line":18,"column":16}},"loc":{"start":{"line":18,"column":20},"end":{"line":18,"column":104}},"line":18}},"branchMap":{"0":{"loc":{"start":{"line":17,"column":16},"end":{"line":17,"column":56}},"type":"binary-expr","locations":[{"start":{"line":17,"column":16},"end":{"line":17,"column":24}},{"start":{"line":17,"column":28},"end":{"line":17,"column":56}}],"line":17},"1":{"loc":{"start":{"line":18,"column":29},"end":{"line":18,"column":103}},"type":"cond-expr","locations":[{"start":{"line":18,"column":38},"end":{"line":18,"column":70}},{"start":{"line":18,"column":73},"end":{"line":18,"column":103}}],"line":18}},"s":{"0":0,"1":0,"2":0,"3":0,"4":0},"f":{"0":0,"1":0},"b":{"0":[0,0],"1":[0,0]}},"E:\\projects\\react-markdown\\src\\client\\components\\PlainMarkdownInput\\buttons\\StrikethroughButton.js":{"path":"E:\\projects\\react-markdown\\src\\client\\components\\PlainMarkdownInput\\buttons\\StrikethroughButton.js","statementMap":{"0":{"start":{"line":12,"column":36},"end":{"line":25,"column":1}},"1":{"start":{"line":13,"column":17},"end":{"line":13,"column":48}},"2":{"start":{"line":14,"column":2},"end":{"line":24,"column":4}},"3":{"start":{"line":18,"column":20},"end":{"line":18,"column":108}},"4":{"start":{"line":27,"column":0},"end":{"line":31,"column":2}}},"fnMap":{"0":{"name":"(anonymous_0)","decl":{"start":{"line":12,"column":36},"end":{"line":12,"column":37}},"loc":{"start":{"line":12,"column":71},"end":{"line":25,"column":1}},"line":12},"1":{"name":"(anonymous_1)","decl":{"start":{"line":18,"column":15},"end":{"line":18,"column":16}},"loc":{"start":{"line":18,"column":20},"end":{"line":18,"column":108}},"line":18}},"branchMap":{"0":{"loc":{"start":{"line":17,"column":16},"end":{"line":17,"column":56}},"type":"binary-expr","locations":[{"start":{"line":17,"column":16},"end":{"line":17,"column":24}},{"start":{"line":17,"column":28},"end":{"line":17,"column":56}}],"line":17},"1":{"loc":{"start":{"line":18,"column":29},"end":{"line":18,"column":107}},"type":"cond-expr","locations":[{"start":{"line":18,"column":38},"end":{"line":18,"column":72}},{"start":{"line":18,"column":75},"end":{"line":18,"column":107}}],"line":18}},"s":{"0":0,"1":0,"2":0,"3":0,"4":0},"f":{"0":0,"1":0},"b":{"0":[0,0],"1":[0,0]}},"E:\\projects\\react-markdown\\src\\client\\components\\PlainMarkdownInput\\buttons\\UnorderedListButton.js":{"path":"E:\\projects\\react-markdown\\src\\client\\components\\PlainMarkdownInput\\buttons\\UnorderedListButton.js","statementMap":{"0":{"start":{"line":12,"column":36},"end":{"line":25,"column":1}},"1":{"start":{"line":13,"column":17},"end":{"line":13,"column":48}},"2":{"start":{"line":14,"column":2},"end":{"line":24,"column":4}},"3":{"start":{"line":18,"column":20},"end":{"line":18,"column":108}},"4":{"start":{"line":27,"column":0},"end":{"line":31,"column":2}}},"fnMap":{"0":{"name":"(anonymous_0)","decl":{"start":{"line":12,"column":36},"end":{"line":12,"column":37}},"loc":{"start":{"line":12,"column":71},"end":{"line":25,"column":1}},"line":12},"1":{"name":"(anonymous_1)","decl":{"start":{"line":18,"column":15},"end":{"line":18,"column":16}},"loc":{"start":{"line":18,"column":20},"end":{"line":18,"column":108}},"line":18}},"branchMap":{"0":{"loc":{"start":{"line":17,"column":16},"end":{"line":17,"column":56}},"type":"binary-expr","locations":[{"start":{"line":17,"column":16},"end":{"line":17,"column":24}},{"start":{"line":17,"column":28},"end":{"line":17,"column":56}}],"line":17},"1":{"loc":{"start":{"line":18,"column":29},"end":{"line":18,"column":107}},"type":"cond-expr","locations":[{"start":{"line":18,"column":38},"end":{"line":18,"column":72}},{"start":{"line":18,"column":75},"end":{"line":18,"column":107}}],"line":18}},"s":{"0":0,"1":0,"2":0,"3":0,"4":0},"f":{"0":0,"1":0},"b":{"0":[0,0],"1":[0,0]}},"E:\\projects\\react-markdown\\src\\client\\components\\PlainMarkdownInput\\index.js":{"path":"E:\\projects\\react-markdown\\src\\client\\components\\PlainMarkdownInput\\index.js","statementMap":{},"fnMap":{},"branchMap":{},"s":{},"f":{},"b":{}},"E:\\projects\\react-markdown\\src\\client\\components\\PlainMarkdownInput\\slate\\schema.js":{"path":"E:\\projects\\react-markdown\\src\\client\\components\\PlainMarkdownInput\\slate\\schema.js","statementMap":{"0":{"start":{"line":9,"column":17},"end":{"line":33,"column":1}},"1":{"start":{"line":10,"column":22},"end":{"line":10,"column":28}},"2":{"start":{"line":12,"column":2},"end":{"line":32,"column":3}},"3":{"start":{"line":13,"column":18},"end":{"line":13,"column":27}},"4":{"start":{"line":14,"column":4},"end":{"line":17,"column":5}},"5":{"start":{"line":15,"column":6},"end":{"line":15,"column":36}},"6":{"start":{"line":16,"column":6},"end":{"line":16,"column":15}},"7":{"start":{"line":19,"column":38},"end":{"line":19,"column":43}},"8":{"start":{"line":20,"column":4},"end":{"line":20,"column":49}},"9":{"start":{"line":21,"column":17},"end":{"line":21,"column":38}},"10":{"start":{"line":22,"column":4},"end":{"line":29,"column":5}},"11":{"start":{"line":23,"column":17},"end":{"line":23,"column":34}},"12":{"start":{"line":24,"column":22},"end":{"line":24,"column":26}},"13":{"start":{"line":26,"column":6},"end":{"line":26,"column":30}},"14":{"start":{"line":27,"column":6},"end":{"line":27,"column":38}},"15":{"start":{"line":28,"column":6},"end":{"line":28,"column":30}},"16":{"start":{"line":31,"column":4},"end":{"line":31,"column":28}},"17":{"start":{"line":36,"column":2},"end":{"line":38,"column":3}},"18":{"start":{"line":37,"column":4},"end":{"line":37,"column":37}},"19":{"start":{"line":39,"column":2},"end":{"line":47,"column":3}},"20":{"start":{"line":40,"column":21},"end":{"line":40,"column":48}},"21":{"start":{"line":41,"column":4},"end":{"line":41,"column":47}},"22":{"start":{"line":42,"column":4},"end":{"line":45,"column":6}},"23":{"start":{"line":46,"column":4},"end":{"line":46,"column":37}},"24":{"start":{"line":48,"column":2},"end":{"line":48,"column":25}},"25":{"start":{"line":51,"column":24},"end":{"line":69,"column":1}},"26":{"start":{"line":52,"column":15},"end":{"line":52,"column":41}},"27":{"start":{"line":53,"column":17},"end":{"line":53,"column":27}},"28":{"start":{"line":55,"column":2},"end":{"line":57,"column":3}},"29":{"start":{"line":56,"column":4},"end":{"line":56,"column":68}},"30":{"start":{"line":59,"column":2},"end":{"line":66,"column":3}},"31":{"start":{"line":60,"column":22},"end":{"line":60,"column":74}},"32":{"start":{"line":61,"column":4},"end":{"line":65,"column":6}},"33":{"start":{"line":68,"column":2},"end":{"line":68,"column":14}},"34":{"start":{"line":71,"column":0},"end":{"line":74,"column":2}},"35":{"start":{"line":76,"column":15},"end":{"line":82,"column":1}},"36":{"start":{"line":78,"column":17},"end":{"line":78,"column":21}}},"fnMap":{"0":{"name":"addMarks","decl":{"start":{"line":9,"column":26},"end":{"line":9,"column":34}},"loc":{"start":{"line":9,"column":63},"end":{"line":33,"column":1}},"line":9},"1":{"name":"markdownDecorator","decl":{"start":{"line":35,"column":9},"end":{"line":35,"column":26}},"loc":{"start":{"line":35,"column":40},"end":{"line":49,"column":1}},"line":35},"2":{"name":"(anonymous_2)","decl":{"start":{"line":51,"column":24},"end":{"line":51,"column":25}},"loc":{"start":{"line":51,"column":33},"end":{"line":69,"column":1}},"line":51},"3":{"name":"(anonymous_3)","decl":{"start":{"line":78,"column":11},"end":{"line":78,"column":12}},"loc":{"start":{"line":78,"column":17},"end":{"line":78,"column":21}},"line":78}},"branchMap":{"0":{"loc":{"start":{"line":14,"column":4},"end":{"line":17,"column":5}},"type":"if","locations":[{"start":{"line":14,"column":4},"end":{"line":17,"column":5}},{"start":{"line":14,"column":4},"end":{"line":17,"column":5}}],"line":14},"1":{"loc":{"start":{"line":36,"column":2},"end":{"line":38,"column":3}},"type":"if","locations":[{"start":{"line":36,"column":2},"end":{"line":38,"column":3}},{"start":{"line":36,"column":2},"end":{"line":38,"column":3}}],"line":36},"2":{"loc":{"start":{"line":36,"column":6},"end":{"line":36,"column":57}},"type":"binary-expr","locations":[{"start":{"line":36,"column":6},"end":{"line":36,"column":20}},{"start":{"line":36,"column":24},"end":{"line":36,"column":57}}],"line":36},"3":{"loc":{"start":{"line":39,"column":2},"end":{"line":47,"column":3}},"type":"if","locations":[{"start":{"line":39,"column":2},"end":{"line":47,"column":3}},{"start":{"line":39,"column":2},"end":{"line":47,"column":3}}],"line":39},"4":{"loc":{"start":{"line":55,"column":2},"end":{"line":57,"column":3}},"type":"if","locations":[{"start":{"line":55,"column":2},"end":{"line":57,"column":3}},{"start":{"line":55,"column":2},"end":{"line":57,"column":3}}],"line":55},"5":{"loc":{"start":{"line":59,"column":2},"end":{"line":66,"column":3}},"type":"if","locations":[{"start":{"line":59,"column":2},"end":{"line":66,"column":3}},{"start":{"line":59,"column":2},"end":{"line":66,"column":3}}],"line":59},"6":{"loc":{"start":{"line":60,"column":22},"end":{"line":60,"column":74}},"type":"cond-expr","locations":[{"start":{"line":60,"column":40},"end":{"line":60,"column":69}},{"start":{"line":60,"column":72},"end":{"line":60,"column":74}}],"line":60}},"s":{"0":0,"1":0,"2":0,"3":0,"4":0,"5":0,"6":0,"7":0,"8":0,"9":0,"10":0,"11":0,"12":0,"13":0,"14":0,"15":0,"16":0,"17":0,"18":0,"19":0,"20":0,"21":0,"22":0,"23":0,"24":0,"25":0,"26":0,"27":0,"28":0,"29":0,"30":0,"31":0,"32":0,"33":0,"34":0,"35":0,"36":0},"f":{"0":0,"1":0,"2":0,"3":0},"b":{"0":[0,0],"1":[0,0],"2":[0,0],"3":[0,0],"4":[0,0],"5":[0,0],"6":[0,0]}},"E:\\projects\\react-markdown\\src\\client\\components\\PlainMarkdownInput\\slate\\shortcuts.js":{"path":"E:\\projects\\react-markdown\\src\\client\\components\\PlainMarkdownInput\\slate\\shortcuts.js","statementMap":{"0":{"start":{"line":16,"column":22},"end":{"line":16,"column":36}},"1":{"start":{"line":17,"column":28},"end":{"line":17,"column":37}},"2":{"start":{"line":22,"column":35},"end":{"line":54,"column":1}},"3":{"start":{"line":23,"column":2},"end":{"line":51,"column":3}},"4":{"start":{"line":24,"column":4},"end":{"line":50,"column":5}},"5":{"start":{"line":25,"column":6},"end":{"line":25,"column":29}},"6":{"start":{"line":27,"column":16},"end":{"line":27,"column":33}},"7":{"start":{"line":28,"column":28},"end":{"line":28,"column":33}},"8":{"start":{"line":29,"column":26},"end":{"line":29,"column":40}},"9":{"start":{"line":30,"column":6},"end":{"line":34,"column":7}},"10":{"start":{"line":31,"column":8},"end":{"line":31,"column":77}},"11":{"start":{"line":33,"column":8},"end":{"line":33,"column":40}},"12":{"start":{"line":35,"column":6},"end":{"line":35,"column":31}},"13":{"start":{"line":36,"column":11},"end":{"line":50,"column":5}},"14":{"start":{"line":37,"column":6},"end":{"line":37,"column":29}},"15":{"start":{"line":39,"column":16},"end":{"line":39,"column":33}},"16":{"start":{"line":40,"column":28},"end":{"line":40,"column":33}},"17":{"start":{"line":41,"column":26},"end":{"line":41,"column":40}},"18":{"start":{"line":43,"column":6},"end":{"line":48,"column":7}},"19":{"start":{"line":44,"column":8},"end":{"line":44,"column":77}},"20":{"start":{"line":46,"column":23},"end":{"line":46,"column":76}},"21":{"start":{"line":47,"column":8},"end":{"line":47,"column":53}},"22":{"start":{"line":49,"column":6},"end":{"line":49,"column":31}},"23":{"start":{"line":53,"column":2},"end":{"line":53,"column":19}},"24":{"start":{"line":57,"column":17},"end":{"line":57,"column":63}},"25":{"start":{"line":59,"column":2},"end":{"line":61,"column":3}},"26":{"start":{"line":60,"column":4},"end":{"line":60,"column":18}},"27":{"start":{"line":63,"column":2},"end":{"line":84,"column":3}},"28":{"start":{"line":64,"column":4},"end":{"line":83,"column":5}},"29":{"start":{"line":65,"column":6},"end":{"line":69,"column":7}},"30":{"start":{"line":66,"column":8},"end":{"line":66,"column":41}},"31":{"start":{"line":68,"column":8},"end":{"line":68,"column":39}},"32":{"start":{"line":70,"column":11},"end":{"line":83,"column":5}},"33":{"start":{"line":71,"column":6},"end":{"line":75,"column":7}},"34":{"start":{"line":72,"column":8},"end":{"line":72,"column":43}},"35":{"start":{"line":74,"column":8},"end":{"line":74,"column":41}},"36":{"start":{"line":76,"column":11},"end":{"line":83,"column":5}},"37":{"start":{"line":77,"column":6},"end":{"line":77,"column":29}},"38":{"start":{"line":78,"column":6},"end":{"line":82,"column":7}},"39":{"start":{"line":79,"column":8},"end":{"line":79,"column":50}},"40":{"start":{"line":81,"column":8},"end":{"line":81,"column":48}},"41":{"start":{"line":86,"column":2},"end":{"line":86,"column":19}}},"fnMap":{"0":{"name":"(anonymous_0)","decl":{"start":{"line":22,"column":35},"end":{"line":22,"column":36}},"loc":{"start":{"line":22,"column":59},"end":{"line":54,"column":1}},"line":22},"1":{"name":"(anonymous_1)","decl":{"start":{"line":56,"column":15},"end":{"line":56,"column":16}},"loc":{"start":{"line":56,"column":39},"end":{"line":87,"column":1}},"line":56}},"branchMap":{"0":{"loc":{"start":{"line":23,"column":2},"end":{"line":51,"column":3}},"type":"if","locations":[{"start":{"line":23,"column":2},"end":{"line":51,"column":3}},{"start":{"line":23,"column":2},"end":{"line":51,"column":3}}],"line":23},"1":{"loc":{"start":{"line":24,"column":4},"end":{"line":50,"column":5}},"type":"if","locations":[{"start":{"line":24,"column":4},"end":{"line":50,"column":5}},{"start":{"line":24,"column":4},"end":{"line":50,"column":5}}],"line":24},"2":{"loc":{"start":{"line":30,"column":6},"end":{"line":34,"column":7}},"type":"if","locations":[{"start":{"line":30,"column":6},"end":{"line":34,"column":7}},{"start":{"line":30,"column":6},"end":{"line":34,"column":7}}],"line":30},"3":{"loc":{"start":{"line":36,"column":11},"end":{"line":50,"column":5}},"type":"if","locations":[{"start":{"line":36,"column":11},"end":{"line":50,"column":5}},{"start":{"line":36,"column":11},"end":{"line":50,"column":5}}],"line":36},"4":{"loc":{"start":{"line":43,"column":6},"end":{"line":48,"column":7}},"type":"if","locations":[{"start":{"line":43,"column":6},"end":{"line":48,"column":7}},{"start":{"line":43,"column":6},"end":{"line":48,"column":7}}],"line":43},"5":{"loc":{"start":{"line":59,"column":2},"end":{"line":61,"column":3}},"type":"if","locations":[{"start":{"line":59,"column":2},"end":{"line":61,"column":3}},{"start":{"line":59,"column":2},"end":{"line":61,"column":3}}],"line":59},"6":{"loc":{"start":{"line":63,"column":2},"end":{"line":84,"column":3}},"type":"if","locations":[{"start":{"line":63,"column":2},"end":{"line":84,"column":3}},{"start":{"line":63,"column":2},"end":{"line":84,"column":3}}],"line":63},"7":{"loc":{"start":{"line":64,"column":4},"end":{"line":83,"column":5}},"type":"if","locations":[{"start":{"line":64,"column":4},"end":{"line":83,"column":5}},{"start":{"line":64,"column":4},"end":{"line":83,"column":5}}],"line":64},"8":{"loc":{"start":{"line":65,"column":6},"end":{"line":69,"column":7}},"type":"if","locations":[{"start":{"line":65,"column":6},"end":{"line":69,"column":7}},{"start":{"line":65,"column":6},"end":{"line":69,"column":7}}],"line":65},"9":{"loc":{"start":{"line":70,"column":11},"end":{"line":83,"column":5}},"type":"if","locations":[{"start":{"line":70,"column":11},"end":{"line":83,"column":5}},{"start":{"line":70,"column":11},"end":{"line":83,"column":5}}],"line":70},"10":{"loc":{"start":{"line":71,"column":6},"end":{"line":75,"column":7}},"type":"if","locations":[{"start":{"line":71,"column":6},"end":{"line":75,"column":7}},{"start":{"line":71,"column":6},"end":{"line":75,"column":7}}],"line":71},"11":{"loc":{"start":{"line":76,"column":11},"end":{"line":83,"column":5}},"type":"if","locations":[{"start":{"line":76,"column":11},"end":{"line":83,"column":5}},{"start":{"line":76,"column":11},"end":{"line":83,"column":5}}],"line":76},"12":{"loc":{"start":{"line":78,"column":6},"end":{"line":82,"column":7}},"type":"if","locations":[{"start":{"line":78,"column":6},"end":{"line":82,"column":7}},{"start":{"line":78,"column":6},"end":{"line":82,"column":7}}],"line":78}},"s":{"0":0,"1":0,"2":0,"3":0,"4":0,"5":0,"6":0,"7":0,"8":0,"9":0,"10":0,"11":0,"12":0,"13":0,"14":0,"15":0,"16":0,"17":0,"18":0,"19":0,"20":0,"21":0,"22":0,"23":0,"24":0,"25":0,"26":0,"27":0,"28":0,"29":0,"30":0,"31":0,"32":0,"33":0,"34":0,"35":0,"36":0,"37":0,"38":0,"39":0,"40":0,"41":0},"f":{"0":0,"1":0},"b":{"0":[0,0],"1":[0,0],"2":[0,0],"3":[0,0],"4":[0,0],"5":[0,0],"6":[0,0],"7":[0,0],"8":[0,0],"9":[0,0],"10":[0,0],"11":[0,0],"12":[0,0]}},"E:\\projects\\react-markdown\\src\\client\\components\\PlainMarkdownInput\\slate\\tokenizer.js":{"path":"E:\\projects\\react-markdown\\src\\client\\components\\PlainMarkdownInput\\slate\\tokenizer.js","statementMap":{"0":{"start":{"line":4,"column":17},"end":{"line":13,"column":2}},"1":{"start":{"line":15,"column":19},"end":{"line":20,"column":1}},"2":{"start":{"line":21,"column":20},"end":{"line":23,"column":1}},"3":{"start":{"line":24,"column":20},"end":{"line":40,"column":1}},"4":{"start":{"line":43,"column":2},"end":{"line":58,"column":3}},"5":{"start":{"line":44,"column":4},"end":{"line":57,"column":5}},"6":{"start":{"line":45,"column":6},"end":{"line":45,"column":85}},"7":{"start":{"line":46,"column":11},"end":{"line":57,"column":5}},"8":{"start":{"line":47,"column":20},"end":{"line":47,"column":80}},"9":{"start":{"line":48,"column":19},"end":{"line":48,"column":33}},"10":{"start":{"line":49,"column":6},"end":{"line":51,"column":7}},"11":{"start":{"line":50,"column":8},"end":{"line":50,"column":28}},"12":{"start":{"line":52,"column":6},"end":{"line":56,"column":8}},"13":{"start":{"line":59,"column":2},"end":{"line":59,"column":16}},"14":{"start":{"line":70,"column":2},"end":{"line":72,"column":3}},"15":{"start":{"line":71,"column":4},"end":{"line":71,"column":25}},"16":{"start":{"line":73,"column":2},"end":{"line":75,"column":8}},"17":{"start":{"line":74,"column":4},"end":{"line":74,"column":51}},"18":{"start":{"line":79,"column":2},"end":{"line":93,"column":4}},"19":{"start":{"line":106,"column":2},"end":{"line":110,"column":3}},"20":{"start":{"line":107,"column":4},"end":{"line":107,"column":44}},"21":{"start":{"line":108,"column":9},"end":{"line":110,"column":3}},"22":{"start":{"line":109,"column":4},"end":{"line":109,"column":47}},"23":{"start":{"line":111,"column":16},"end":{"line":111,"column":54}},"24":{"start":{"line":112,"column":2},"end":{"line":116,"column":4}},"25":{"start":{"line":120,"column":18},"end":{"line":124,"column":3}},"26":{"start":{"line":125,"column":2},"end":{"line":127,"column":3}},"27":{"start":{"line":126,"column":4},"end":{"line":126,"column":26}},"28":{"start":{"line":128,"column":2},"end":{"line":128,"column":17}},"29":{"start":{"line":132,"column":18},"end":{"line":132,"column":20}},"30":{"start":{"line":133,"column":18},"end":{"line":133,"column":20}},"31":{"start":{"line":134,"column":2},"end":{"line":144,"column":3}},"32":{"start":{"line":135,"column":4},"end":{"line":143,"column":5}},"33":{"start":{"line":136,"column":6},"end":{"line":136,"column":29}},"34":{"start":{"line":138,"column":6},"end":{"line":141,"column":7}},"35":{"start":{"line":139,"column":8},"end":{"line":139,"column":43}},"36":{"start":{"line":140,"column":8},"end":{"line":140,"column":23}},"37":{"start":{"line":142,"column":6},"end":{"line":142,"column":29}},"38":{"start":{"line":145,"column":2},"end":{"line":147,"column":3}},"39":{"start":{"line":146,"column":4},"end":{"line":146,"column":39}},"40":{"start":{"line":148,"column":2},"end":{"line":148,"column":19}},"41":{"start":{"line":152,"column":2},"end":{"line":157,"column":3}},"42":{"start":{"line":153,"column":4},"end":{"line":153,"column":43}},"43":{"start":{"line":154,"column":4},"end":{"line":154,"column":23}},"44":{"start":{"line":156,"column":4},"end":{"line":156,"column":23}},"45":{"start":{"line":158,"column":2},"end":{"line":158,"column":15}},"46":{"start":{"line":162,"column":2},"end":{"line":166,"column":4}},"47":{"start":{"line":170,"column":2},"end":{"line":174,"column":5}},"48":{"start":{"line":178,"column":12},"end":{"line":178,"column":52}},"49":{"start":{"line":179,"column":2},"end":{"line":181,"column":3}},"50":{"start":{"line":180,"column":4},"end":{"line":180,"column":43}},"51":{"start":{"line":182,"column":2},"end":{"line":182,"column":53}},"52":{"start":{"line":183,"column":2},"end":{"line":185,"column":3}},"53":{"start":{"line":184,"column":4},"end":{"line":184,"column":51}},"54":{"start":{"line":186,"column":2},"end":{"line":186,"column":29}},"55":{"start":{"line":190,"column":2},"end":{"line":190,"column":43}},"56":{"start":{"line":194,"column":2},"end":{"line":194,"column":42}},"57":{"start":{"line":198,"column":2},"end":{"line":202,"column":3}},"58":{"start":{"line":199,"column":4},"end":{"line":201,"column":5}},"59":{"start":{"line":200,"column":6},"end":{"line":200,"column":15}},"60":{"start":{"line":204,"column":2},"end":{"line":204,"column":12}},"61":{"start":{"line":208,"column":2},"end":{"line":212,"column":3}},"62":{"start":{"line":209,"column":4},"end":{"line":211,"column":5}},"63":{"start":{"line":210,"column":6},"end":{"line":210,"column":25}},"64":{"start":{"line":213,"column":2},"end":{"line":213,"column":15}},"65":{"start":{"line":217,"column":20},"end":{"line":217,"column":71}},"66":{"start":{"line":218,"column":2},"end":{"line":220,"column":3}},"67":{"start":{"line":219,"column":4},"end":{"line":219,"column":33}},"68":{"start":{"line":221,"column":2},"end":{"line":223,"column":3}},"69":{"start":{"line":222,"column":4},"end":{"line":222,"column":56}},"70":{"start":{"line":224,"column":2},"end":{"line":224,"column":21}},"71":{"start":{"line":237,"column":19},"end":{"line":237,"column":60}},"72":{"start":{"line":238,"column":20},"end":{"line":238,"column":37}},"73":{"start":{"line":239,"column":2},"end":{"line":260,"column":4}},"74":{"start":{"line":274,"column":19},"end":{"line":278,"column":5}},"75":{"start":{"line":279,"column":22},"end":{"line":279,"column":49}},"76":{"start":{"line":280,"column":2},"end":{"line":284,"column":4}},"77":{"start":{"line":295,"column":20},"end":{"line":295,"column":22}},"78":{"start":{"line":296,"column":10},"end":{"line":296,"column":11}},"79":{"start":{"line":297,"column":2},"end":{"line":325,"column":3}},"80":{"start":{"line":298,"column":4},"end":{"line":324,"column":5}},"81":{"start":{"line":299,"column":6},"end":{"line":301,"column":7}},"82":{"start":{"line":300,"column":8},"end":{"line":300,"column":34}},"83":{"start":{"line":302,"column":6},"end":{"line":302,"column":10}},"84":{"start":{"line":304,"column":22},"end":{"line":304,"column":36}},"85":{"start":{"line":305,"column":6},"end":{"line":321,"column":7}},"86":{"start":{"line":306,"column":25},"end":{"line":306,"column":45}},"87":{"start":{"line":307,"column":25},"end":{"line":307,"column":75}},"88":{"start":{"line":308,"column":8},"end":{"line":320,"column":9}},"89":{"start":{"line":309,"column":28},"end":{"line":309,"column":63}},"90":{"start":{"line":310,"column":10},"end":{"line":312,"column":11}},"91":{"start":{"line":311,"column":12},"end":{"line":311,"column":29}},"92":{"start":{"line":313,"column":10},"end":{"line":317,"column":11}},"93":{"start":{"line":314,"column":12},"end":{"line":314,"column":73}},"94":{"start":{"line":316,"column":12},"end":{"line":316,"column":87}},"95":{"start":{"line":318,"column":10},"end":{"line":318,"column":27}},"96":{"start":{"line":319,"column":10},"end":{"line":319,"column":19}},"97":{"start":{"line":322,"column":6},"end":{"line":322,"column":32}},"98":{"start":{"line":323,"column":6},"end":{"line":323,"column":10}},"99":{"start":{"line":326,"column":2},"end":{"line":326,"column":19}},"100":{"start":{"line":330,"column":2},"end":{"line":334,"column":3}},"101":{"start":{"line":331,"column":4},"end":{"line":331,"column":71}},"102":{"start":{"line":333,"column":4},"end":{"line":333,"column":56}},"103":{"start":{"line":335,"column":2},"end":{"line":338,"column":4}},"104":{"start":{"line":343,"column":2},"end":{"line":343,"column":56}},"105":{"start":{"line":344,"column":2},"end":{"line":344,"column":48}},"106":{"start":{"line":345,"column":2},"end":{"line":345,"column":22}},"107":{"start":{"line":346,"column":2},"end":{"line":346,"column":15}},"108":{"start":{"line":351,"column":2},"end":{"line":356,"column":3}},"109":{"start":{"line":352,"column":4},"end":{"line":352,"column":40}},"110":{"start":{"line":353,"column":9},"end":{"line":356,"column":3}},"111":{"start":{"line":355,"column":4},"end":{"line":355,"column":34}},"112":{"start":{"line":357,"column":2},"end":{"line":357,"column":16}},"113":{"start":{"line":371,"column":15},"end":{"line":371,"column":35}},"114":{"start":{"line":372,"column":2},"end":{"line":387,"column":3}},"115":{"start":{"line":373,"column":4},"end":{"line":375,"column":5}},"116":{"start":{"line":374,"column":6},"end":{"line":374,"column":42}},"117":{"start":{"line":377,"column":4},"end":{"line":386,"column":5}},"118":{"start":{"line":379,"column":6},"end":{"line":379,"column":62}},"119":{"start":{"line":380,"column":11},"end":{"line":386,"column":5}},"120":{"start":{"line":381,"column":6},"end":{"line":381,"column":32}},"121":{"start":{"line":382,"column":11},"end":{"line":386,"column":5}},"122":{"start":{"line":383,"column":6},"end":{"line":383,"column":40}},"123":{"start":{"line":385,"column":6},"end":{"line":385,"column":35}},"124":{"start":{"line":389,"column":2},"end":{"line":389,"column":32}},"125":{"start":{"line":390,"column":2},"end":{"line":398,"column":3}},"126":{"start":{"line":391,"column":4},"end":{"line":397,"column":5}},"127":{"start":{"line":392,"column":6},"end":{"line":392,"column":29}},"128":{"start":{"line":393,"column":11},"end":{"line":397,"column":5}},"129":{"start":{"line":394,"column":6},"end":{"line":394,"column":37}},"130":{"start":{"line":396,"column":6},"end":{"line":396,"column":35}},"131":{"start":{"line":400,"column":2},"end":{"line":400,"column":16}},"132":{"start":{"line":404,"column":2},"end":{"line":404,"column":46}},"133":{"start":{"line":409,"column":2},"end":{"line":417,"column":3}},"134":{"start":{"line":412,"column":4},"end":{"line":412,"column":59}},"135":{"start":{"line":413,"column":4},"end":{"line":413,"column":58}},"136":{"start":{"line":414,"column":4},"end":{"line":414,"column":28}},"137":{"start":{"line":415,"column":9},"end":{"line":417,"column":3}},"138":{"start":{"line":416,"column":4},"end":{"line":416,"column":37}},"139":{"start":{"line":419,"column":2},"end":{"line":419,"column":16}},"140":{"start":{"line":424,"column":18},"end":{"line":424,"column":31}},"141":{"start":{"line":426,"column":2},"end":{"line":454,"column":3}},"142":{"start":{"line":427,"column":22},"end":{"line":427,"column":36}},"143":{"start":{"line":428,"column":4},"end":{"line":434,"column":5}},"144":{"start":{"line":429,"column":6},"end":{"line":433,"column":7}},"145":{"start":{"line":430,"column":8},"end":{"line":430,"column":34}},"146":{"start":{"line":431,"column":13},"end":{"line":433,"column":7}},"147":{"start":{"line":432,"column":8},"end":{"line":432,"column":38}},"148":{"start":{"line":435,"column":4},"end":{"line":453,"column":5}},"149":{"start":{"line":436,"column":23},"end":{"line":436,"column":49}},"150":{"start":{"line":437,"column":6},"end":{"line":441,"column":7}},"151":{"start":{"line":438,"column":8},"end":{"line":440,"column":9}},"152":{"start":{"line":439,"column":10},"end":{"line":439,"column":85}},"153":{"start":{"line":442,"column":6},"end":{"line":445,"column":7}},"154":{"start":{"line":443,"column":22},"end":{"line":443,"column":84}},"155":{"start":{"line":444,"column":8},"end":{"line":444,"column":80}},"156":{"start":{"line":446,"column":6},"end":{"line":448,"column":7}},"157":{"start":{"line":447,"column":8},"end":{"line":447,"column":46}},"158":{"start":{"line":449,"column":6},"end":{"line":452,"column":7}},"159":{"start":{"line":450,"column":8},"end":{"line":450,"column":70}},"160":{"start":{"line":456,"column":2},"end":{"line":456,"column":16}},"161":{"start":{"line":459,"column":21},"end":{"line":465,"column":1}},"162":{"start":{"line":460,"column":15},"end":{"line":460,"column":41}},"163":{"start":{"line":461,"column":2},"end":{"line":461,"column":38}},"164":{"start":{"line":462,"column":2},"end":{"line":462,"column":30}},"165":{"start":{"line":463,"column":2},"end":{"line":463,"column":41}},"166":{"start":{"line":464,"column":2},"end":{"line":464,"column":31}}},"fnMap":{"0":{"name":"changeText","decl":{"start":{"line":42,"column":9},"end":{"line":42,"column":19}},"loc":{"start":{"line":42,"column":41},"end":{"line":60,"column":1}},"line":42},"1":{"name":"getTokensLength","decl":{"start":{"line":69,"column":9},"end":{"line":69,"column":24}},"loc":{"start":{"line":69,"column":33},"end":{"line":76,"column":1}},"line":69},"2":{"name":"(anonymous_2)","decl":{"start":{"line":73,"column":23},"end":{"line":73,"column":24}},"loc":{"start":{"line":73,"column":39},"end":{"line":75,"column":3}},"line":73},"3":{"name":"getEmptyText","decl":{"start":{"line":78,"column":9},"end":{"line":78,"column":21}},"loc":{"start":{"line":78,"column":24},"end":{"line":94,"column":1}},"line":78},"4":{"name":"getHeaderContent","decl":{"start":{"line":105,"column":9},"end":{"line":105,"column":25}},"loc":{"start":{"line":105,"column":48},"end":{"line":117,"column":1}},"line":105},"5":{"name":"getBlockContent","decl":{"start":{"line":119,"column":9},"end":{"line":119,"column":24}},"loc":{"start":{"line":119,"column":62},"end":{"line":129,"column":1}},"line":119},"6":{"name":"joinArrString","decl":{"start":{"line":131,"column":9},"end":{"line":131,"column":22}},"loc":{"start":{"line":131,"column":28},"end":{"line":149,"column":1}},"line":131},"7":{"name":"parseBlockquote","decl":{"start":{"line":151,"column":9},"end":{"line":151,"column":24}},"loc":{"start":{"line":151,"column":32},"end":{"line":159,"column":1}},"line":151},"8":{"name":"getHRToken","decl":{"start":{"line":161,"column":9},"end":{"line":161,"column":19}},"loc":{"start":{"line":161,"column":28},"end":{"line":167,"column":1}},"line":161},"9":{"name":"getList","decl":{"start":{"line":169,"column":9},"end":{"line":169,"column":16}},"loc":{"start":{"line":169,"column":39},"end":{"line":175,"column":1}},"line":169},"10":{"name":"parseCodeBlock","decl":{"start":{"line":177,"column":9},"end":{"line":177,"column":23}},"loc":{"start":{"line":177,"column":32},"end":{"line":187,"column":1}},"line":177},"11":{"name":"getEmphasisType","decl":{"start":{"line":189,"column":9},"end":{"line":189,"column":24}},"loc":{"start":{"line":189,"column":34},"end":{"line":191,"column":1}},"line":189},"12":{"name":"getCloseTag","decl":{"start":{"line":193,"column":9},"end":{"line":193,"column":20}},"loc":{"start":{"line":193,"column":30},"end":{"line":195,"column":1}},"line":193},"13":{"name":"getClosePos","decl":{"start":{"line":197,"column":9},"end":{"line":197,"column":20}},"loc":{"start":{"line":197,"column":57},"end":{"line":205,"column":1}},"line":197},"14":{"name":"getAttr","decl":{"start":{"line":207,"column":9},"end":{"line":207,"column":16}},"loc":{"start":{"line":207,"column":34},"end":{"line":214,"column":1}},"line":207},"15":{"name":"getOneEmphasis","decl":{"start":{"line":216,"column":9},"end":{"line":216,"column":23}},"loc":{"start":{"line":216,"column":52},"end":{"line":225,"column":1}},"line":216},"16":{"name":"getUrlToken","decl":{"start":{"line":236,"column":9},"end":{"line":236,"column":20}},"loc":{"start":{"line":236,"column":51},"end":{"line":261,"column":1}},"line":236},"17":{"name":"getEmphasisToken","decl":{"start":{"line":273,"column":9},"end":{"line":273,"column":25}},"loc":{"start":{"line":273,"column":65},"end":{"line":285,"column":1}},"line":273},"18":{"name":"parseEmphasis","decl":{"start":{"line":294,"column":9},"end":{"line":294,"column":22}},"loc":{"start":{"line":294,"column":31},"end":{"line":327,"column":1}},"line":294},"19":{"name":"getListToken","decl":{"start":{"line":329,"column":9},"end":{"line":329,"column":21}},"loc":{"start":{"line":329,"column":30},"end":{"line":339,"column":1}},"line":329},"20":{"name":"getBlockquoteToken","decl":{"start":{"line":342,"column":9},"end":{"line":342,"column":27}},"loc":{"start":{"line":342,"column":35},"end":{"line":347,"column":1}},"line":342},"21":{"name":"parseBlock","decl":{"start":{"line":350,"column":9},"end":{"line":350,"column":19}},"loc":{"start":{"line":350,"column":28},"end":{"line":358,"column":1}},"line":350},"22":{"name":"restoreSpaces","decl":{"start":{"line":370,"column":9},"end":{"line":370,"column":22}},"loc":{"start":{"line":370,"column":39},"end":{"line":401,"column":1}},"line":370},"23":{"name":"processEmphasis","decl":{"start":{"line":403,"column":9},"end":{"line":403,"column":24}},"loc":{"start":{"line":403,"column":33},"end":{"line":405,"column":1}},"line":403},"24":{"name":"processInline","decl":{"start":{"line":408,"column":9},"end":{"line":408,"column":22}},"loc":{"start":{"line":408,"column":31},"end":{"line":420,"column":1}},"line":408},"25":{"name":"processBlockTokens","decl":{"start":{"line":423,"column":9},"end":{"line":423,"column":27}},"loc":{"start":{"line":423,"column":36},"end":{"line":457,"column":1}},"line":423},"26":{"name":"(anonymous_26)","decl":{"start":{"line":459,"column":21},"end":{"line":459,"column":22}},"loc":{"start":{"line":459,"column":38},"end":{"line":465,"column":1}},"line":459}},"branchMap":{"0":{"loc":{"start":{"line":42,"column":28},"end":{"line":42,"column":39}},"type":"default-arg","locations":[{"start":{"line":42,"column":37},"end":{"line":42,"column":39}}],"line":42},"1":{"loc":{"start":{"line":44,"column":4},"end":{"line":57,"column":5}},"type":"if","locations":[{"start":{"line":44,"column":4},"end":{"line":57,"column":5}},{"start":{"line":44,"column":4},"end":{"line":57,"column":5}}],"line":44},"2":{"loc":{"start":{"line":45,"column":19},"end":{"line":45,"column":63}},"type":"cond-expr","locations":[{"start":{"line":45,"column":46},"end":{"line":45,"column":58}},{"start":{"line":45,"column":61},"end":{"line":45,"column":63}}],"line":45},"3":{"loc":{"start":{"line":45,"column":19},"end":{"line":45,"column":43}},"type":"binary-expr","locations":[{"start":{"line":45,"column":19},"end":{"line":45,"column":26}},{"start":{"line":45,"column":30},"end":{"line":45,"column":43}}],"line":45},"4":{"loc":{"start":{"line":46,"column":11},"end":{"line":57,"column":5}},"type":"if","locations":[{"start":{"line":46,"column":11},"end":{"line":57,"column":5}},{"start":{"line":46,"column":11},"end":{"line":57,"column":5}}],"line":46},"5":{"loc":{"start":{"line":49,"column":6},"end":{"line":51,"column":7}},"type":"if","locations":[{"start":{"line":49,"column":6},"end":{"line":51,"column":7}},{"start":{"line":49,"column":6},"end":{"line":51,"column":7}}],"line":49},"6":{"loc":{"start":{"line":70,"column":2},"end":{"line":72,"column":3}},"type":"if","locations":[{"start":{"line":70,"column":2},"end":{"line":72,"column":3}},{"start":{"line":70,"column":2},"end":{"line":72,"column":3}}],"line":70},"7":{"loc":{"start":{"line":74,"column":18},"end":{"line":74,"column":49}},"type":"cond-expr","locations":[{"start":{"line":74,"column":33},"end":{"line":74,"column":45}},{"start":{"line":74,"column":48},"end":{"line":74,"column":49}}],"line":74},"8":{"loc":{"start":{"line":106,"column":2},"end":{"line":110,"column":3}},"type":"if","locations":[{"start":{"line":106,"column":2},"end":{"line":110,"column":3}},{"start":{"line":106,"column":2},"end":{"line":110,"column":3}}],"line":106},"9":{"loc":{"start":{"line":108,"column":9},"end":{"line":110,"column":3}},"type":"if","locations":[{"start":{"line":108,"column":9},"end":{"line":110,"column":3}},{"start":{"line":108,"column":9},"end":{"line":110,"column":3}}],"line":108},"10":{"loc":{"start":{"line":119,"column":47},"end":{"line":119,"column":60}},"type":"default-arg","locations":[{"start":{"line":119,"column":55},"end":{"line":119,"column":60}}],"line":119},"11":{"loc":{"start":{"line":125,"column":2},"end":{"line":127,"column":3}},"type":"if","locations":[{"start":{"line":125,"column":2},"end":{"line":127,"column":3}},{"start":{"line":125,"column":2},"end":{"line":127,"column":3}}],"line":125},"12":{"loc":{"start":{"line":135,"column":4},"end":{"line":143,"column":5}},"type":"if","locations":[{"start":{"line":135,"column":4},"end":{"line":143,"column":5}},{"start":{"line":135,"column":4},"end":{"line":143,"column":5}}],"line":135},"13":{"loc":{"start":{"line":138,"column":6},"end":{"line":141,"column":7}},"type":"if","locations":[{"start":{"line":138,"column":6},"end":{"line":141,"column":7}},{"start":{"line":138,"column":6},"end":{"line":141,"column":7}}],"line":138},"14":{"loc":{"start":{"line":145,"column":2},"end":{"line":147,"column":3}},"type":"if","locations":[{"start":{"line":145,"column":2},"end":{"line":147,"column":3}},{"start":{"line":145,"column":2},"end":{"line":147,"column":3}}],"line":145},"15":{"loc":{"start":{"line":152,"column":2},"end":{"line":157,"column":3}},"type":"if","locations":[{"start":{"line":152,"column":2},"end":{"line":157,"column":3}},{"start":{"line":152,"column":2},"end":{"line":157,"column":3}}],"line":152},"16":{"loc":{"start":{"line":179,"column":2},"end":{"line":181,"column":3}},"type":"if","locations":[{"start":{"line":179,"column":2},"end":{"line":181,"column":3}},{"start":{"line":179,"column":2},"end":{"line":181,"column":3}}],"line":179},"17":{"loc":{"start":{"line":183,"column":2},"end":{"line":185,"column":3}},"type":"if","locations":[{"start":{"line":183,"column":2},"end":{"line":185,"column":3}},{"start":{"line":183,"column":2},"end":{"line":185,"column":3}}],"line":183},"18":{"loc":{"start":{"line":199,"column":4},"end":{"line":201,"column":5}},"type":"if","locations":[{"start":{"line":199,"column":4},"end":{"line":201,"column":5}},{"start":{"line":199,"column":4},"end":{"line":201,"column":5}}],"line":199},"19":{"loc":{"start":{"line":199,"column":8},"end":{"line":199,"column":66}},"type":"binary-expr","locations":[{"start":{"line":199,"column":8},"end":{"line":199,"column":35}},{"start":{"line":199,"column":39},"end":{"line":199,"column":66}}],"line":199},"20":{"loc":{"start":{"line":209,"column":4},"end":{"line":211,"column":5}},"type":"if","locations":[{"start":{"line":209,"column":4},"end":{"line":211,"column":5}},{"start":{"line":209,"column":4},"end":{"line":211,"column":5}}],"line":209},"21":{"loc":{"start":{"line":218,"column":2},"end":{"line":220,"column":3}},"type":"if","locations":[{"start":{"line":218,"column":2},"end":{"line":220,"column":3}},{"start":{"line":218,"column":2},"end":{"line":220,"column":3}}],"line":218},"22":{"loc":{"start":{"line":218,"column":6},"end":{"line":218,"column":60}},"type":"binary-expr","locations":[{"start":{"line":218,"column":6},"end":{"line":218,"column":32}},{"start":{"line":218,"column":36},"end":{"line":218,"column":60}}],"line":218},"23":{"loc":{"start":{"line":221,"column":2},"end":{"line":223,"column":3}},"type":"if","locations":[{"start":{"line":221,"column":2},"end":{"line":223,"column":3}},{"start":{"line":221,"column":2},"end":{"line":223,"column":3}}],"line":221},"24":{"loc":{"start":{"line":298,"column":4},"end":{"line":324,"column":5}},"type":"if","locations":[{"start":{"line":298,"column":4},"end":{"line":324,"column":5}},{"start":{"line":298,"column":4},"end":{"line":324,"column":5}}],"line":298},"25":{"loc":{"start":{"line":299,"column":6},"end":{"line":301,"column":7}},"type":"if","locations":[{"start":{"line":299,"column":6},"end":{"line":301,"column":7}},{"start":{"line":299,"column":6},"end":{"line":301,"column":7}}],"line":299},"26":{"loc":{"start":{"line":305,"column":6},"end":{"line":321,"column":7}},"type":"if","locations":[{"start":{"line":305,"column":6},"end":{"line":321,"column":7}},{"start":{"line":305,"column":6},"end":{"line":321,"column":7}}],"line":305},"27":{"loc":{"start":{"line":308,"column":8},"end":{"line":320,"column":9}},"type":"if","locations":[{"start":{"line":308,"column":8},"end":{"line":320,"column":9}},{"start":{"line":308,"column":8},"end":{"line":320,"column":9}}],"line":308},"28":{"loc":{"start":{"line":310,"column":10},"end":{"line":312,"column":11}},"type":"if","locations":[{"start":{"line":310,"column":10},"end":{"line":312,"column":11}},{"start":{"line":310,"column":10},"end":{"line":312,"column":11}}],"line":310},"29":{"loc":{"start":{"line":310,"column":14},"end":{"line":310,"column":68}},"type":"binary-expr","locations":[{"start":{"line":310,"column":14},"end":{"line":310,"column":40}},{"start":{"line":310,"column":44},"end":{"line":310,"column":68}}],"line":310},"30":{"loc":{"start":{"line":313,"column":10},"end":{"line":317,"column":11}},"type":"if","locations":[{"start":{"line":313,"column":10},"end":{"line":317,"column":11}},{"start":{"line":313,"column":10},"end":{"line":317,"column":11}}],"line":313},"31":{"loc":{"start":{"line":330,"column":2},"end":{"line":334,"column":3}},"type":"if","locations":[{"start":{"line":330,"column":2},"end":{"line":334,"column":3}},{"start":{"line":330,"column":2},"end":{"line":334,"column":3}}],"line":330},"32":{"loc":{"start":{"line":336,"column":10},"end":{"line":336,"column":66}},"type":"cond-expr","locations":[{"start":{"line":336,"column":43},"end":{"line":336,"column":57}},{"start":{"line":336,"column":60},"end":{"line":336,"column":66}}],"line":336},"33":{"loc":{"start":{"line":351,"column":2},"end":{"line":356,"column":3}},"type":"if","locations":[{"start":{"line":351,"column":2},"end":{"line":356,"column":3}},{"start":{"line":351,"column":2},"end":{"line":356,"column":3}}],"line":351},"34":{"loc":{"start":{"line":353,"column":9},"end":{"line":356,"column":3}},"type":"if","locations":[{"start":{"line":353,"column":9},"end":{"line":356,"column":3}},{"start":{"line":353,"column":9},"end":{"line":356,"column":3}}],"line":353},"35":{"loc":{"start":{"line":353,"column":13},"end":{"line":354,"column":73}},"type":"binary-expr","locations":[{"start":{"line":353,"column":13},"end":{"line":353,"column":42}},{"start":{"line":353,"column":46},"end":{"line":353,"column":81}},{"start":{"line":354,"column":4},"end":{"line":354,"column":34}},{"start":{"line":354,"column":38},"end":{"line":354,"column":73}}],"line":353},"36":{"loc":{"start":{"line":372,"column":2},"end":{"line":387,"column":3}},"type":"if","locations":[{"start":{"line":372,"column":2},"end":{"line":387,"column":3}},{"start":{"line":372,"column":2},"end":{"line":387,"column":3}}],"line":372},"37":{"loc":{"start":{"line":373,"column":4},"end":{"line":375,"column":5}},"type":"if","locations":[{"start":{"line":373,"column":4},"end":{"line":375,"column":5}},{"start":{"line":373,"column":4},"end":{"line":375,"column":5}}],"line":373},"38":{"loc":{"start":{"line":377,"column":4},"end":{"line":386,"column":5}},"type":"if","locations":[{"start":{"line":377,"column":4},"end":{"line":386,"column":5}},{"start":{"line":377,"column":4},"end":{"line":386,"column":5}}],"line":377},"39":{"loc":{"start":{"line":377,"column":8},"end":{"line":378,"column":82}},"type":"binary-expr","locations":[{"start":{"line":377,"column":8},"end":{"line":377,"column":29}},{"start":{"line":377,"column":33},"end":{"line":377,"column":42}},{"start":{"line":377,"column":46},"end":{"line":377,"column":63}},{"start":{"line":378,"column":6},"end":{"line":378,"column":38}},{"start":{"line":378,"column":42},"end":{"line":378,"column":82}}],"line":377},"40":{"loc":{"start":{"line":380,"column":11},"end":{"line":386,"column":5}},"type":"if","locations":[{"start":{"line":380,"column":11},"end":{"line":386,"column":5}},{"start":{"line":380,"column":11},"end":{"line":386,"column":5}}],"line":380},"41":{"loc":{"start":{"line":382,"column":11},"end":{"line":386,"column":5}},"type":"if","locations":[{"start":{"line":382,"column":11},"end":{"line":386,"column":5}},{"start":{"line":382,"column":11},"end":{"line":386,"column":5}}],"line":382},"42":{"loc":{"start":{"line":390,"column":2},"end":{"line":398,"column":3}},"type":"if","locations":[{"start":{"line":390,"column":2},"end":{"line":398,"column":3}},{"start":{"line":390,"column":2},"end":{"line":398,"column":3}}],"line":390},"43":{"loc":{"start":{"line":391,"column":4},"end":{"line":397,"column":5}},"type":"if","locations":[{"start":{"line":391,"column":4},"end":{"line":397,"column":5}},{"start":{"line":391,"column":4},"end":{"line":397,"column":5}}],"line":391},"44":{"loc":{"start":{"line":393,"column":11},"end":{"line":397,"column":5}},"type":"if","locations":[{"start":{"line":393,"column":11},"end":{"line":397,"column":5}},{"start":{"line":393,"column":11},"end":{"line":397,"column":5}}],"line":393},"45":{"loc":{"start":{"line":409,"column":2},"end":{"line":417,"column":3}},"type":"if","locations":[{"start":{"line":409,"column":2},"end":{"line":417,"column":3}},{"start":{"line":409,"column":2},"end":{"line":417,"column":3}}],"line":409},"46":{"loc":{"start":{"line":409,"column":6},"end":{"line":411,"column":79}},"type":"binary-expr","locations":[{"start":{"line":409,"column":6},"end":{"line":409,"column":15}},{"start":{"line":409,"column":20},"end":{"line":409,"column":47}},{"start":{"line":410,"column":6},"end":{"line":410,"column":31}},{"start":{"line":410,"column":35},"end":{"line":410,"column":68}},{"start":{"line":411,"column":6},"end":{"line":411,"column":43}},{"start":{"line":411,"column":47},"end":{"line":411,"column":78}}],"line":409},"47":{"loc":{"start":{"line":415,"column":9},"end":{"line":417,"column":3}},"type":"if","locations":[{"start":{"line":415,"column":9},"end":{"line":417,"column":3}},{"start":{"line":415,"column":9},"end":{"line":417,"column":3}}],"line":415},"48":{"loc":{"start":{"line":426,"column":2},"end":{"line":454,"column":3}},"type":"if","locations":[{"start":{"line":426,"column":2},"end":{"line":454,"column":3}},{"start":{"line":426,"column":2},"end":{"line":454,"column":3}}],"line":426},"49":{"loc":{"start":{"line":428,"column":4},"end":{"line":434,"column":5}},"type":"if","locations":[{"start":{"line":428,"column":4},"end":{"line":434,"column":5}},{"start":{"line":428,"column":4},"end":{"line":434,"column":5}}],"line":428},"50":{"loc":{"start":{"line":429,"column":6},"end":{"line":433,"column":7}},"type":"if","locations":[{"start":{"line":429,"column":6},"end":{"line":433,"column":7}},{"start":{"line":429,"column":6},"end":{"line":433,"column":7}}],"line":429},"51":{"loc":{"start":{"line":431,"column":13},"end":{"line":433,"column":7}},"type":"if","locations":[{"start":{"line":431,"column":13},"end":{"line":433,"column":7}},{"start":{"line":431,"column":13},"end":{"line":433,"column":7}}],"line":431},"52":{"loc":{"start":{"line":435,"column":4},"end":{"line":453,"column":5}},"type":"if","locations":[{"start":{"line":435,"column":4},"end":{"line":453,"column":5}},{"start":{"line":435,"column":4},"end":{"line":453,"column":5}}],"line":435},"53":{"loc":{"start":{"line":438,"column":8},"end":{"line":440,"column":9}},"type":"if","locations":[{"start":{"line":438,"column":8},"end":{"line":440,"column":9}},{"start":{"line":438,"column":8},"end":{"line":440,"column":9}}],"line":438},"54":{"loc":{"start":{"line":438,"column":12},"end":{"line":438,"column":82}},"type":"binary-expr","locations":[{"start":{"line":438,"column":12},"end":{"line":438,"column":45}},{"start":{"line":438,"column":49},"end":{"line":438,"column":82}}],"line":438},"55":{"loc":{"start":{"line":442,"column":6},"end":{"line":445,"column":7}},"type":"if","locations":[{"start":{"line":442,"column":6},"end":{"line":445,"column":7}},{"start":{"line":442,"column":6},"end":{"line":445,"column":7}}],"line":442},"56":{"loc":{"start":{"line":442,"column":10},"end":{"line":442,"column":80}},"type":"binary-expr","locations":[{"start":{"line":442,"column":10},"end":{"line":442,"column":43}},{"start":{"line":442,"column":47},"end":{"line":442,"column":80}}],"line":442},"57":{"loc":{"start":{"line":443,"column":22},"end":{"line":443,"column":84}},"type":"cond-expr","locations":[{"start":{"line":443,"column":41},"end":{"line":443,"column":79}},{"start":{"line":443,"column":83},"end":{"line":443,"column":84}}],"line":443},"58":{"loc":{"start":{"line":443,"column":41},"end":{"line":443,"column":79}},"type":"binary-expr","locations":[{"start":{"line":443,"column":41},"end":{"line":443,"column":74}},{"start":{"line":443,"column":78},"end":{"line":443,"column":79}}],"line":443},"59":{"loc":{"start":{"line":446,"column":6},"end":{"line":448,"column":7}},"type":"if","locations":[{"start":{"line":446,"column":6},"end":{"line":448,"column":7}},{"start":{"line":446,"column":6},"end":{"line":448,"column":7}}],"line":446},"60":{"loc":{"start":{"line":446,"column":10},"end":{"line":446,"column":74}},"type":"binary-expr","locations":[{"start":{"line":446,"column":10},"end":{"line":446,"column":40}},{"start":{"line":446,"column":44},"end":{"line":446,"column":74}}],"line":446},"61":{"loc":{"start":{"line":449,"column":6},"end":{"line":452,"column":7}},"type":"if","locations":[{"start":{"line":449,"column":6},"end":{"line":452,"column":7}},{"start":{"line":449,"column":6},"end":{"line":452,"column":7}}],"line":449},"62":{"loc":{"start":{"line":449,"column":10},"end":{"line":449,"column":70}},"type":"binary-expr","locations":[{"start":{"line":449,"column":10},"end":{"line":449,"column":38}},{"start":{"line":449,"column":42},"end":{"line":449,"column":70}}],"line":449}},"s":{"0":0,"1":0,"2":0,"3":0,"4":0,"5":0,"6":0,"7":0,"8":0,"9":0,"10":0,"11":0,"12":0,"13":0,"14":0,"15":0,"16":0,"17":0,"18":0,"19":0,"20":0,"21":0,"22":0,"23":0,"24":0,"25":0,"26":0,"27":0,"28":0,"29":0,"30":0,"31":0,"32":0,"33":0,"34":0,"35":0,"36":0,"37":0,"38":0,"39":0,"40":0,"41":0,"42":0,"43":0,"44":0,"45":0,"46":0,"47":0,"48":0,"49":0,"50":0,"51":0,"52":0,"53":0,"54":0,"55":0,"56":0,"57":0,"58":0,"59":0,"60":0,"61":0,"62":0,"63":0,"64":0,"65":0,"66":0,"67":0,"68":0,"69":0,"70":0,"71":0,"72":0,"73":0,"74":0,"75":0,"76":0,"77":0,"78":0,"79":0,"80":0,"81":0,"82":0,"83":0,"84":0,"85":0,"86":0,"87":0,"88":0,"89":0,"90":0,"91":0,"92":0,"93":0,"94":0,"95":0,"96":0,"97":0,"98":0,"99":0,"100":0,"101":0,"102":0,"103":0,"104":0,"105":0,"106":0,"107":0,"108":0,"109":0,"110":0,"111":0,"112":0,"113":0,"114":0,"115":0,"116":0,"117":0,"118":0,"119":0,"120":0,"121":0,"122":0,"123":0,"124":0,"125":0,"126":0,"127":0,"128":0,"129":0,"130":0,"131":0,"132":0,"133":0,"134":0,"135":0,"136":0,"137":0,"138":0,"139":0,"140":0,"141":0,"142":0,"143":0,"144":0,"145":0,"146":0,"147":0,"148":0,"149":0,"150":0,"151":0,"152":0,"153":0,"154":0,"155":0,"156":0,"157":0,"158":0,"159":0,"160":0,"161":0,"162":0,"163":0,"164":0,"165":0,"166":0},"f":{"0":0,"1":0,"2":0,"3":0,"4":0,"5":0,"6":0,"7":0,"8":0,"9":0,"10":0,"11":0,"12":0,"13":0,"14":0,"15":0,"16":0,"17":0,"18":0,"19":0,"20":0,"21":0,"22":0,"23":0,"24":0,"25":0,"26":0},"b":{"0":[0],"1":[0,0],"2":[0,0],"3":[0,0],"4":[0,0],"5":[0,0],"6":[0,0],"7":[0,0],"8":[0,0],"9":[0,0],"10":[0],"11":[0,0],"12":[0,0],"13":[0,0],"14":[0,0],"15":[0,0],"16":[0,0],"17":[0,0],"18":[0,0],"19":[0,0],"20":[0,0],"21":[0,0],"22":[0,0],"23":[0,0],"24":[0,0],"25":[0,0],"26":[0,0],"27":[0,0],"28":[0,0],"29":[0,0],"30":[0,0],"31":[0,0],"32":[0,0],"33":[0,0],"34":[0,0],"35":[0,0,0,0],"36":[0,0],"37":[0,0],"38":[0,0],"39":[0,0,0,0,0],"40":[0,0],"41":[0,0],"42":[0,0],"43":[0,0],"44":[0,0],"45":[0,0],"46":[0,0,0,0,0,0],"47":[0,0],"48":[0,0],"49":[0,0],"50":[0,0],"51":[0,0],"52":[0,0],"53":[0,0],"54":[0,0],"55":[0,0],"56":[0,0],"57":[0,0],"58":[0,0],"59":[0,0],"60":[0,0],"61":[0,0],"62":[0,0]}},"E:\\projects\\react-markdown\\src\\client\\components\\PlainMarkdownInput\\slate\\transforms.js":{"path":"E:\\projects\\react-markdown\\src\\client\\components\\PlainMarkdownInput\\slate\\transforms.js","statementMap":{"0":{"start":{"line":2,"column":17},"end":{"line":2,"column":30}},"1":{"start":{"line":3,"column":17},"end":{"line":3,"column":24}},"2":{"start":{"line":4,"column":17},"end":{"line":4,"column":23}},"3":{"start":{"line":5,"column":17},"end":{"line":5,"column":24}},"4":{"start":{"line":6,"column":17},"end":{"line":6,"column":25}},"5":{"start":{"line":7,"column":17},"end":{"line":7,"column":26}},"6":{"start":{"line":8,"column":17},"end":{"line":8,"column":27}},"7":{"start":{"line":9,"column":17},"end":{"line":9,"column":28}},"8":{"start":{"line":17,"column":17},"end":{"line":21,"column":1}},"9":{"start":{"line":18,"column":24},"end":{"line":18,"column":29}},"10":{"start":{"line":19,"column":22},"end":{"line":19,"column":36}},"11":{"start":{"line":20,"column":2},"end":{"line":20,"column":34}},"12":{"start":{"line":29,"column":20},"end":{"line":36,"column":1}},"13":{"start":{"line":30,"column":37},"end":{"line":30,"column":42}},"14":{"start":{"line":31,"column":2},"end":{"line":35,"column":20}},"15":{"start":{"line":45,"column":18},"end":{"line":61,"column":1}},"16":{"start":{"line":46,"column":48},"end":{"line":46,"column":53}},"17":{"start":{"line":47,"column":22},"end":{"line":47,"column":36}},"18":{"start":{"line":48,"column":12},"end":{"line":48,"column":46}},"19":{"start":{"line":49,"column":15},"end":{"line":49,"column":16}},"20":{"start":{"line":50,"column":2},"end":{"line":57,"column":3}},"21":{"start":{"line":51,"column":19},"end":{"line":51,"column":50}},"22":{"start":{"line":52,"column":4},"end":{"line":56,"column":5}},"23":{"start":{"line":53,"column":6},"end":{"line":53,"column":32}},"24":{"start":{"line":54,"column":6},"end":{"line":54,"column":30}},"25":{"start":{"line":55,"column":6},"end":{"line":55,"column":12}},"26":{"start":{"line":58,"column":2},"end":{"line":60,"column":20}},"27":{"start":{"line":68,"column":33},"end":{"line":77,"column":1}},"28":{"start":{"line":69,"column":48},"end":{"line":69,"column":53}},"29":{"start":{"line":70,"column":22},"end":{"line":70,"column":36}},"30":{"start":{"line":71,"column":2},"end":{"line":76,"column":3}},"31":{"start":{"line":72,"column":17},"end":{"line":72,"column":66}},"32":{"start":{"line":73,"column":4},"end":{"line":73,"column":62}},"33":{"start":{"line":75,"column":4},"end":{"line":75,"column":17}},"34":{"start":{"line":84,"column":34},"end":{"line":96,"column":1}},"35":{"start":{"line":85,"column":37},"end":{"line":85,"column":42}},"36":{"start":{"line":86,"column":10},"end":{"line":86,"column":27}},"37":{"start":{"line":87,"column":2},"end":{"line":94,"column":3}},"38":{"start":{"line":88,"column":17},"end":{"line":88,"column":19}},"39":{"start":{"line":89,"column":4},"end":{"line":91,"column":31}},"40":{"start":{"line":93,"column":4},"end":{"line":93,"column":25}},"41":{"start":{"line":95,"column":2},"end":{"line":95,"column":27}},"42":{"start":{"line":103,"column":36},"end":{"line":109,"column":1}},"43":{"start":{"line":104,"column":48},"end":{"line":104,"column":53}},"44":{"start":{"line":105,"column":2},"end":{"line":108,"column":20}},"45":{"start":{"line":116,"column":31},"end":{"line":125,"column":1}},"46":{"start":{"line":117,"column":48},"end":{"line":117,"column":53}},"47":{"start":{"line":118,"column":22},"end":{"line":118,"column":36}},"48":{"start":{"line":119,"column":2},"end":{"line":124,"column":3}},"49":{"start":{"line":120,"column":17},"end":{"line":120,"column":66}},"50":{"start":{"line":121,"column":4},"end":{"line":121,"column":64}},"51":{"start":{"line":123,"column":4},"end":{"line":123,"column":17}},"52":{"start":{"line":132,"column":32},"end":{"line":144,"column":1}},"53":{"start":{"line":133,"column":37},"end":{"line":133,"column":42}},"54":{"start":{"line":134,"column":10},"end":{"line":134,"column":27}},"55":{"start":{"line":135,"column":2},"end":{"line":142,"column":3}},"56":{"start":{"line":136,"column":17},"end":{"line":136,"column":19}},"57":{"start":{"line":137,"column":4},"end":{"line":139,"column":31}},"58":{"start":{"line":141,"column":4},"end":{"line":141,"column":27}},"59":{"start":{"line":143,"column":2},"end":{"line":143,"column":27}},"60":{"start":{"line":151,"column":34},"end":{"line":157,"column":1}},"61":{"start":{"line":152,"column":48},"end":{"line":152,"column":53}},"62":{"start":{"line":153,"column":2},"end":{"line":156,"column":20}},"63":{"start":{"line":164,"column":40},"end":{"line":173,"column":1}},"64":{"start":{"line":165,"column":48},"end":{"line":165,"column":53}},"65":{"start":{"line":166,"column":22},"end":{"line":166,"column":36}},"66":{"start":{"line":167,"column":2},"end":{"line":172,"column":3}},"67":{"start":{"line":168,"column":17},"end":{"line":168,"column":66}},"68":{"start":{"line":169,"column":4},"end":{"line":169,"column":64}},"69":{"start":{"line":171,"column":4},"end":{"line":171,"column":17}},"70":{"start":{"line":180,"column":41},"end":{"line":192,"column":1}},"71":{"start":{"line":181,"column":37},"end":{"line":181,"column":42}},"72":{"start":{"line":182,"column":10},"end":{"line":182,"column":27}},"73":{"start":{"line":183,"column":2},"end":{"line":190,"column":3}},"74":{"start":{"line":184,"column":17},"end":{"line":184,"column":19}},"75":{"start":{"line":185,"column":4},"end":{"line":187,"column":30}},"76":{"start":{"line":189,"column":4},"end":{"line":189,"column":27}},"77":{"start":{"line":191,"column":2},"end":{"line":191,"column":27}},"78":{"start":{"line":199,"column":43},"end":{"line":205,"column":1}},"79":{"start":{"line":200,"column":48},"end":{"line":200,"column":53}},"80":{"start":{"line":201,"column":2},"end":{"line":204,"column":19}},"81":{"start":{"line":212,"column":41},"end":{"line":218,"column":1}},"82":{"start":{"line":213,"column":24},"end":{"line":213,"column":29}},"83":{"start":{"line":214,"column":22},"end":{"line":214,"column":36}},"84":{"start":{"line":215,"column":17},"end":{"line":215,"column":43}},"85":{"start":{"line":216,"column":17},"end":{"line":216,"column":33}},"86":{"start":{"line":217,"column":2},"end":{"line":217,"column":36}},"87":{"start":{"line":225,"column":32},"end":{"line":236,"column":1}},"88":{"start":{"line":226,"column":37},"end":{"line":226,"column":42}},"89":{"start":{"line":227,"column":12},"end":{"line":227,"column":29}},"90":{"start":{"line":228,"column":14},"end":{"line":228,"column":34}},"91":{"start":{"line":229,"column":2},"end":{"line":234,"column":3}},"92":{"start":{"line":230,"column":17},"end":{"line":230,"column":38}},"93":{"start":{"line":231,"column":4},"end":{"line":231,"column":76}},"94":{"start":{"line":233,"column":4},"end":{"line":233,"column":91}},"95":{"start":{"line":235,"column":2},"end":{"line":235,"column":27}},"96":{"start":{"line":244,"column":37},"end":{"line":244,"column":97}},"97":{"start":{"line":244,"column":78},"end":{"line":244,"column":97}},"98":{"start":{"line":246,"column":40},"end":{"line":246,"column":69}},"99":{"start":{"line":247,"column":38},"end":{"line":247,"column":67}},"100":{"start":{"line":248,"column":36},"end":{"line":248,"column":65}},"101":{"start":{"line":249,"column":36},"end":{"line":249,"column":65}},"102":{"start":{"line":250,"column":38},"end":{"line":250,"column":67}},"103":{"start":{"line":251,"column":37},"end":{"line":251,"column":66}},"104":{"start":{"line":252,"column":37},"end":{"line":252,"column":66}},"105":{"start":{"line":253,"column":36},"end":{"line":253,"column":65}},"106":{"start":{"line":254,"column":39},"end":{"line":254,"column":74}},"107":{"start":{"line":255,"column":39},"end":{"line":255,"column":75}},"108":{"start":{"line":256,"column":41},"end":{"line":256,"column":78}},"109":{"start":{"line":257,"column":40},"end":{"line":257,"column":78}},"110":{"start":{"line":258,"column":40},"end":{"line":258,"column":79}},"111":{"start":{"line":259,"column":39},"end":{"line":259,"column":79}},"112":{"start":{"line":260,"column":41},"end":{"line":261,"column":79}},"113":{"start":{"line":262,"column":43},"end":{"line":262,"column":78}},"114":{"start":{"line":263,"column":39},"end":{"line":264,"column":80}},"115":{"start":{"line":265,"column":37},"end":{"line":266,"column":79}},"116":{"start":{"line":267,"column":37},"end":{"line":268,"column":80}},"117":{"start":{"line":269,"column":39},"end":{"line":270,"column":81}},"118":{"start":{"line":271,"column":38},"end":{"line":272,"column":82}},"119":{"start":{"line":273,"column":38},"end":{"line":274,"column":83}},"120":{"start":{"line":275,"column":37},"end":{"line":276,"column":84}}},"fnMap":{"0":{"name":"(anonymous_0)","decl":{"start":{"line":17,"column":17},"end":{"line":17,"column":18}},"loc":{"start":{"line":17,"column":41},"end":{"line":21,"column":1}},"line":17},"1":{"name":"(anonymous_1)","decl":{"start":{"line":29,"column":20},"end":{"line":29,"column":21}},"loc":{"start":{"line":29,"column":51},"end":{"line":36,"column":1}},"line":29},"2":{"name":"(anonymous_2)","decl":{"start":{"line":45,"column":18},"end":{"line":45,"column":19}},"loc":{"start":{"line":45,"column":52},"end":{"line":61,"column":1}},"line":45},"3":{"name":"(anonymous_3)","decl":{"start":{"line":68,"column":33},"end":{"line":68,"column":34}},"loc":{"start":{"line":68,"column":42},"end":{"line":77,"column":1}},"line":68},"4":{"name":"(anonymous_4)","decl":{"start":{"line":84,"column":34},"end":{"line":84,"column":35}},"loc":{"start":{"line":84,"column":43},"end":{"line":96,"column":1}},"line":84},"5":{"name":"(anonymous_5)","decl":{"start":{"line":103,"column":36},"end":{"line":103,"column":37}},"loc":{"start":{"line":103,"column":45},"end":{"line":109,"column":1}},"line":103},"6":{"name":"(anonymous_6)","decl":{"start":{"line":116,"column":31},"end":{"line":116,"column":32}},"loc":{"start":{"line":116,"column":40},"end":{"line":125,"column":1}},"line":116},"7":{"name":"(anonymous_7)","decl":{"start":{"line":132,"column":32},"end":{"line":132,"column":33}},"loc":{"start":{"line":132,"column":41},"end":{"line":144,"column":1}},"line":132},"8":{"name":"(anonymous_8)","decl":{"start":{"line":151,"column":34},"end":{"line":151,"column":35}},"loc":{"start":{"line":151,"column":43},"end":{"line":157,"column":1}},"line":151},"9":{"name":"(anonymous_9)","decl":{"start":{"line":164,"column":40},"end":{"line":164,"column":41}},"loc":{"start":{"line":164,"column":49},"end":{"line":173,"column":1}},"line":164},"10":{"name":"(anonymous_10)","decl":{"start":{"line":180,"column":41},"end":{"line":180,"column":42}},"loc":{"start":{"line":180,"column":50},"end":{"line":192,"column":1}},"line":180},"11":{"name":"(anonymous_11)","decl":{"start":{"line":199,"column":43},"end":{"line":199,"column":44}},"loc":{"start":{"line":199,"column":52},"end":{"line":205,"column":1}},"line":199},"12":{"name":"(anonymous_12)","decl":{"start":{"line":212,"column":41},"end":{"line":212,"column":42}},"loc":{"start":{"line":212,"column":50},"end":{"line":218,"column":1}},"line":212},"13":{"name":"(anonymous_13)","decl":{"start":{"line":225,"column":32},"end":{"line":225,"column":33}},"loc":{"start":{"line":225,"column":41},"end":{"line":236,"column":1}},"line":225},"14":{"name":"(anonymous_14)","decl":{"start":{"line":244,"column":37},"end":{"line":244,"column":38}},"loc":{"start":{"line":244,"column":78},"end":{"line":244,"column":97}},"line":244}},"branchMap":{"0":{"loc":{"start":{"line":52,"column":4},"end":{"line":56,"column":5}},"type":"if","locations":[{"start":{"line":52,"column":4},"end":{"line":56,"column":5}},{"start":{"line":52,"column":4},"end":{"line":56,"column":5}}],"line":52},"1":{"loc":{"start":{"line":71,"column":2},"end":{"line":76,"column":3}},"type":"if","locations":[{"start":{"line":71,"column":2},"end":{"line":76,"column":3}},{"start":{"line":71,"column":2},"end":{"line":76,"column":3}}],"line":71},"2":{"loc":{"start":{"line":71,"column":6},"end":{"line":71,"column":67}},"type":"binary-expr","locations":[{"start":{"line":71,"column":6},"end":{"line":71,"column":28}},{"start":{"line":71,"column":32},"end":{"line":71,"column":67}}],"line":71},"3":{"loc":{"start":{"line":73,"column":11},"end":{"line":73,"column":61}},"type":"binary-expr","locations":[{"start":{"line":73,"column":11},"end":{"line":73,"column":15}},{"start":{"line":73,"column":19},"end":{"line":73,"column":39}},{"start":{"line":73,"column":43},"end":{"line":73,"column":61}}],"line":73},"4":{"loc":{"start":{"line":87,"column":2},"end":{"line":94,"column":3}},"type":"if","locations":[{"start":{"line":87,"column":2},"end":{"line":94,"column":3}},{"start":{"line":87,"column":2},"end":{"line":94,"column":3}}],"line":87},"5":{"loc":{"start":{"line":119,"column":2},"end":{"line":124,"column":3}},"type":"if","locations":[{"start":{"line":119,"column":2},"end":{"line":124,"column":3}},{"start":{"line":119,"column":2},"end":{"line":124,"column":3}}],"line":119},"6":{"loc":{"start":{"line":119,"column":6},"end":{"line":119,"column":67}},"type":"binary-expr","locations":[{"start":{"line":119,"column":6},"end":{"line":119,"column":28}},{"start":{"line":119,"column":32},"end":{"line":119,"column":67}}],"line":119},"7":{"loc":{"start":{"line":121,"column":11},"end":{"line":121,"column":63}},"type":"binary-expr","locations":[{"start":{"line":121,"column":11},"end":{"line":121,"column":15}},{"start":{"line":121,"column":19},"end":{"line":121,"column":40}},{"start":{"line":121,"column":44},"end":{"line":121,"column":63}}],"line":121},"8":{"loc":{"start":{"line":135,"column":2},"end":{"line":142,"column":3}},"type":"if","locations":[{"start":{"line":135,"column":2},"end":{"line":142,"column":3}},{"start":{"line":135,"column":2},"end":{"line":142,"column":3}}],"line":135},"9":{"loc":{"start":{"line":167,"column":2},"end":{"line":172,"column":3}},"type":"if","locations":[{"start":{"line":167,"column":2},"end":{"line":172,"column":3}},{"start":{"line":167,"column":2},"end":{"line":172,"column":3}}],"line":167},"10":{"loc":{"start":{"line":167,"column":6},"end":{"line":167,"column":67}},"type":"binary-expr","locations":[{"start":{"line":167,"column":6},"end":{"line":167,"column":28}},{"start":{"line":167,"column":32},"end":{"line":167,"column":67}}],"line":167},"11":{"loc":{"start":{"line":169,"column":11},"end":{"line":169,"column":63}},"type":"binary-expr","locations":[{"start":{"line":169,"column":11},"end":{"line":169,"column":15}},{"start":{"line":169,"column":19},"end":{"line":169,"column":40}},{"start":{"line":169,"column":44},"end":{"line":169,"column":63}}],"line":169},"12":{"loc":{"start":{"line":183,"column":2},"end":{"line":190,"column":3}},"type":"if","locations":[{"start":{"line":183,"column":2},"end":{"line":190,"column":3}},{"start":{"line":183,"column":2},"end":{"line":190,"column":3}}],"line":183},"13":{"loc":{"start":{"line":229,"column":2},"end":{"line":234,"column":3}},"type":"if","locations":[{"start":{"line":229,"column":2},"end":{"line":234,"column":3}},{"start":{"line":229,"column":2},"end":{"line":234,"column":3}}],"line":229}},"s":{"0":0,"1":0,"2":0,"3":0,"4":0,"5":0,"6":0,"7":0,"8":0,"9":0,"10":0,"11":0,"12":0,"13":0,"14":0,"15":0,"16":0,"17":0,"18":0,"19":0,"20":0,"21":0,"22":0,"23":0,"24":0,"25":0,"26":0,"27":0,"28":0,"29":0,"30":0,"31":0,"32":0,"33":0,"34":0,"35":0,"36":0,"37":0,"38":0,"39":0,"40":0,"41":0,"42":0,"43":0,"44":0,"45":0,"46":0,"47":0,"48":0,"49":0,"50":0,"51":0,"52":0,"53":
[...]
c":{"start":{"line":64,"column":38},"end":{"line":72,"column":1}},"line":64},"24":{"name":"(anonymous_24)","decl":{"start":{"line":74,"column":27},"end":{"line":74,"column":28}},"loc":{"start":{"line":74,"column":36},"end":{"line":89,"column":1}},"line":74},"25":{"name":"(anonymous_25)","decl":{"start":{"line":91,"column":41},"end":{"line":91,"column":42}},"loc":{"start":{"line":91,"column":50},"end":{"line":104,"column":1}},"line":91},"26":{"name":"(anonymous_26)","decl":{"start":{"line":106,"column":41},"end":{"line":106,"column":42}},"loc":{"start":{"line":106,"column":50},"end":{"line":121,"column":1}},"line":106}},"branchMap":{"0":{"loc":{"start":{"line":55,"column":4},"end":{"line":59,"column":5}},"type":"if","locations":[{"start":{"line":55,"column":4},"end":{"line":59,"column":5}},{"start":{"line":55,"column":4},"end":{"line":59,"column":5}}],"line":55},"1":{"loc":{"start":{"line":66,"column":2},"end":{"line":66,"column":78}},"type":"if","locations":[{"start":{"line":66,"column":2},"end":{"line":66,"column":78}},{"start":{"line":66,"column":2},"end":{"line":66,"column":78}}],"line":66},"2":{"loc":{"start":{"line":68,"column":2},"end":{"line":68,"column":69}},"type":"if","locations":[{"start":{"line":68,"column":2},"end":{"line":68,"column":69}},{"start":{"line":68,"column":2},"end":{"line":68,"column":69}}],"line":68},"3":{"loc":{"start":{"line":69,"column":2},"end":{"line":69,"column":78}},"type":"if","locations":[{"start":{"line":69,"column":2},"end":{"line":69,"column":78}},{"start":{"line":69,"column":2},"end":{"line":69,"column":78}}],"line":69},"4":{"loc":{"start":{"line":78,"column":2},"end":{"line":78,"column":76}},"type":"if","locations":[{"start":{"line":78,"column":2},"end":{"line":78,"column":76}},{"start":{"line":78,"column":2},"end":{"line":78,"column":76}}],"line":78},"5":{"loc":{"start":{"line":81,"column":2},"end":{"line":87,"column":3}},"type":"if","locations":[{"start":{"line":81,"column":2},"end":{"line":87,"column":3}},{"start":{"line":81,"column":2},"end":{"line":87,"column":3}}],"line":81},"6":{"loc":{"start":{"line":83,"column":9},"end":{"line":87,"column":3}},"type":"if","locations":[{"start":{"line":83,"column":9},"end":{"line":87,"column":3}},{"start":{"line":83,"column":9},"end":{"line":87,"column":3}}],"line":83},"7":{"loc":{"start":{"line":93,"column":2},"end":{"line":95,"column":3}},"type":"if","locations":[{"start":{"line":93,"column":2},"end":{"line":95,"column":3}},{"start":{"line":93,"column":2},"end":{"line":95,"column":3}}],"line":93},"8":{"loc":{"start":{"line":97,"column":2},"end":{"line":99,"column":3}},"type":"if","locations":[{"start":{"line":97,"column":2},"end":{"line":99,"column":3}},{"start":{"line":97,"column":2},"end":{"line":99,"column":3}}],"line":97},"9":{"loc":{"start":{"line":100,"column":2},"end":{"line":102,"column":3}},"type":"if","locations":[{"start":{"line":100,"column":2},"end":{"line":102,"column":3}},{"start":{"line":100,"column":2},"end":{"line":102,"column":3}}],"line":100},"10":{"loc":{"start":{"line":108,"column":2},"end":{"line":110,"column":3}},"type":"if","locations":[{"start":{"line":108,"column":2},"end":{"line":110,"column":3}},{"start":{"line":108,"column":2},"end":{"line":110,"column":3}}],"line":108},"11":{"loc":{"start":{"line":114,"column":2},"end":{"line":116,"column":3}},"type":"if","locations":[{"start":{"line":114,"column":2},"end":{"line":116,"column":3}},{"start":{"line":114,"column":2},"end":{"line":116,"column":3}}],"line":114},"12":{"loc":{"start":{"line":114,"column":6},"end":{"line":114,"column":41}},"type":"binary-expr","locations":[{"start":{"line":114,"column":6},"end":{"line":114,"column":28}},{"start":{"line":114,"column":32},"end":{"line":114,"column":41}}],"line":114},"13":{"loc":{"start":{"line":117,"column":2},"end":{"line":119,"column":3}},"type":"if","locations":[{"start":{"line":117,"column":2},"end":{"line":119,"column":3}},{"start":{"line":117,"column":2},"end":{"line":119,"column":3}}],"line":117},"14":{"loc":{"start":{"line":117,"column":6},"end":{"line":117,"column":39}},"type":"binary-expr","locations":[{"start":{"line":117,"column":6},"end":{"line":117,"column":26}},{"start":{"line":117,"column":30},"end":{"line":117,"column":39}}],"line":117}},"s":{"0":0,"1":0,"2":0,"3":0,"4":0,"5":0,"6":0,"7":0,"8":0,"9":0,"10":0,"11":0,"12":0,"13":0,"14":0,"15":0,"16":0,"17":0,"18":0,"19":0,"20":0,"21":0,"22":0,"23":0,"24":0,"25":0,"26":0,"27":0,"28":0,"29":0,"30":0,"31":0,"32":0,"33":0,"34":0,"35":0,"36":0,"37":0,"38":0,"39":0,"40":0,"41":0,"42":0,"43":0,"44":0,"45":0,"46":0,"47":0,"48":0,"49":0,"50":0,"51":0,"52":0,"53":0,"54":0,"55":0,"56":0,"57":0,"58":0,"59":0,"60":0,"61":0,"62":0,"63":0,"64":0,"65":0,"66":0,"67":0,"68":0,"69":0,"70":0,"71":0,"72":0,"73":0,"74":0,"75":0,"76":0,"77":0,"78":0,"79":0,"80":0,"81":0,"82":0,"83":0,"84":0,"85":0,"86":0},"f":{"0":0,"1":0,"2":0,"3":0,"4":0,"5":0,"6":0,"7":0,"8":0,"9":0,"10":0,"11":0,"12":0,"13":0,"14":0,"15":0,"16":0,"17":0,"18":0,"19":0,"20":0,"21":0,"22":0,"23":0,"24":0,"25":0,"26":0},"b":{"0":[0,0],"1":[0,0],"2":[0,0],"3":[0,0],"4":[0,0],"5":[0,0],"6":[0,0],"7":[0,0],"8":[0,0],"9":[0,0],"10":[0,0],"11":[0,0],"12":[0,0],"13":[0,0],"14":[0,0]}},"E:\\projects\\react-markdown\\src\\client\\components\\SlateEditor\\plugins\\slate-list-plugin\\OrderedListButton.js":{"path":"E:\\projects\\react-markdown\\src\\client\\components\\SlateEditor\\plugins\\slate-list-plugin\\OrderedListButton.js","statementMap":{"0":{"start":{"line":9,"column":26},"end":{"line":17,"column":1}},"1":{"start":{"line":10,"column":2},"end":{"line":16,"column":19}},"2":{"start":{"line":12,"column":20},"end":{"line":12,"column":48}},"3":{"start":{"line":19,"column":0},"end":{"line":22,"column":2}},"4":{"start":{"line":24,"column":0},"end":{"line":26,"column":2}}},"fnMap":{"0":{"name":"(anonymous_0)","decl":{"start":{"line":9,"column":26},"end":{"line":9,"column":27}},"loc":{"start":{"line":10,"column":2},"end":{"line":16,"column":19}},"line":10},"1":{"name":"(anonymous_1)","decl":{"start":{"line":12,"column":15},"end":{"line":12,"column":16}},"loc":{"start":{"line":12,"column":20},"end":{"line":12,"column":48}},"line":12},"2":{"name":"(anonymous_2)","decl":{"start":{"line":25,"column":12},"end":{"line":25,"column":13}},"loc":{"start":{"line":25,"column":18},"end":{"line":25,"column":20}},"line":25}},"branchMap":{},"s":{"0":0,"1":0,"2":0,"3":0,"4":0},"f":{"0":0,"1":0,"2":0},"b":{}},"E:\\projects\\react-markdown\\src\\client\\components\\SlateEditor\\plugins\\slate-list-plugin\\OrderedListNode.js":{"path":"E:\\projects\\react-markdown\\src\\client\\components\\SlateEditor\\plugins\\slate-list-plugin\\OrderedListNode.js","statementMap":{"0":{"start":{"line":4,"column":24},"end":{"line":8,"column":1}},"1":{"start":{"line":5,"column":2},"end":{"line":7,"column":7}},"2":{"start":{"line":10,"column":0},"end":{"line":12,"column":2}},"3":{"start":{"line":14,"column":0},"end":{"line":16,"column":2}}},"fnMap":{"0":{"name":"(anonymous_0)","decl":{"start":{"line":4,"column":24},"end":{"line":4,"column":25}},"loc":{"start":{"line":5,"column":2},"end":{"line":7,"column":7}},"line":5}},"branchMap":{},"s":{"0":0,"1":0,"2":0,"3":0},"f":{"0":0},"b":{}},"E:\\projects\\react-markdown\\src\\client\\components\\SlateEditor\\plugins\\slate-list-plugin\\UnorderedListButton.js":{"path":"E:\\projects\\react-markdown\\src\\client\\components\\SlateEditor\\plugins\\slate-list-plugin\\UnorderedListButton.js","statementMap":{"0":{"start":{"line":8,"column":28},"end":{"line":16,"column":1}},"1":{"start":{"line":9,"column":2},"end":{"line":15,"column":19}},"2":{"start":{"line":11,"column":20},"end":{"line":11,"column":50}},"3":{"start":{"line":18,"column":0},"end":{"line":21,"column":2}},"4":{"start":{"line":23,"column":0},"end":{"line":25,"column":2}}},"fnMap":{"0":{"name":"(anonymous_0)","decl":{"start":{"line":8,"column":28},"end":{"line":8,"column":29}},"loc":{"start":{"line":9,"column":2},"end":{"line":15,"column":19}},"line":9},"1":{"name":"(anonymous_1)","decl":{"start":{"line":11,"column":15},"end":{"line":11,"column":16}},"loc":{"start":{"line":11,"column":20},"end":{"line":11,"column":50}},"line":11},"2":{"name":"(anonymous_2)","decl":{"start":{"line":24,"column":12},"end":{"line":24,"column":13}},"loc":{"start":{"line":24,"column":18},"end":{"line":24,"column":20}},"line":24}},"branchMap":{},"s":{"0":0,"1":0,"2":0,"3":0,"4":0},"f":{"0":0,"1":0,"2":0},"b":{}},"E:\\projects\\react-markdown\\src\\client\\components\\SlateEditor\\plugins\\slate-list-plugin\\UnorderedListNode.js":{"path":"E:\\projects\\react-markdown\\src\\client\\components\\SlateEditor\\plugins\\slate-list-plugin\\UnorderedListNode.js","statementMap":{"0":{"start":{"line":4,"column":26},"end":{"line":8,"column":1}},"1":{"start":{"line":5,"column":2},"end":{"line":7,"column":7}},"2":{"start":{"line":10,"column":0},"end":{"line":12,"column":2}},"3":{"start":{"line":14,"column":0},"end":{"line":16,"column":2}}},"fnMap":{"0":{"name":"(anonymous_0)","decl":{"start":{"line":4,"column":26},"end":{"line":4,"column":27}},"loc":{"start":{"line":5,"column":2},"end":{"line":7,"column":7}},"line":5}},"branchMap":{},"s":{"0":0,"1":0,"2":0,"3":0},"f":{"0":0},"b":{}},"E:\\projects\\react-markdown\\src\\client\\components\\SlateEditor\\plugins\\slate-strikethrough-plugin\\index.js":{"path":"E:\\projects\\react-markdown\\src\\client\\components\\SlateEditor\\plugins\\slate-strikethrough-plugin\\index.js","statementMap":{"0":{"start":{"line":5,"column":28},"end":{"line":11,"column":2}},"1":{"start":{"line":5,"column":40},"end":{"line":11,"column":1}},"2":{"start":{"line":9,"column":4},"end":{"line":9,"column":49}}},"fnMap":{"0":{"name":"(anonymous_0)","decl":{"start":{"line":5,"column":28},"end":{"line":5,"column":29}},"loc":{"start":{"line":5,"column":40},"end":{"line":11,"column":1}},"line":5}},"branchMap":{},"s":{"0":0,"1":0,"2":0},"f":{"0":0},"b":{}},"E:\\projects\\react-markdown\\src\\client\\components\\SlateEditor\\plugins\\slate-strikethrough-plugin\\StrikethroughButton.js":{"path":"E:\\projects\\react-markdown\\src\\client\\components\\SlateEditor\\plugins\\slate-strikethrough-plugin\\StrikethroughButton.js","statementMap":{"0":{"start":{"line":8,"column":28},"end":{"line":16,"column":1}},"1":{"start":{"line":9,"column":2},"end":{"line":15,"column":19}},"2":{"start":{"line":11,"column":20},"end":{"line":11,"column":54}},"3":{"start":{"line":18,"column":0},"end":{"line":21,"column":2}}},"fnMap":{"0":{"name":"(anonymous_0)","decl":{"start":{"line":8,"column":28},"end":{"line":8,"column":29}},"loc":{"start":{"line":9,"column":2},"end":{"line":15,"column":19}},"line":9},"1":{"name":"(anonymous_1)","decl":{"start":{"line":11,"column":15},"end":{"line":11,"column":16}},"loc":{"start":{"line":11,"column":20},"end":{"line":11,"column":54}},"line":11}},"branchMap":{},"s":{"0":0,"1":0,"2":0,"3":0},"f":{"0":0,"1":0},"b":{}},"E:\\projects\\react-markdown\\src\\client\\components\\SlateEditor\\plugins\\slate-strikethrough-plugin\\StrikethroughKeyboardShortcut.js":{"path":"E:\\projects\\react-markdown\\src\\client\\components\\SlateEditor\\plugins\\slate-strikethrough-plugin\\StrikethroughKeyboardShortcut.js","statementMap":{"0":{"start":{"line":4,"column":38},"end":{"line":14,"column":1}},"1":{"start":{"line":5,"column":14},"end":{"line":5,"column":30}},"2":{"start":{"line":6,"column":14},"end":{"line":6,"column":46}},"3":{"start":{"line":7,"column":14},"end":{"line":7,"column":46}},"4":{"start":{"line":9,"column":2},"end":{"line":11,"column":3}},"5":{"start":{"line":10,"column":4},"end":{"line":10,"column":36}},"6":{"start":{"line":13,"column":2},"end":{"line":13,"column":19}}},"fnMap":{"0":{"name":"(anonymous_0)","decl":{"start":{"line":4,"column":38},"end":{"line":4,"column":39}},"loc":{"start":{"line":4,"column":62},"end":{"line":14,"column":1}},"line":4}},"branchMap":{"0":{"loc":{"start":{"line":6,"column":14},"end":{"line":6,"column":46}},"type":"binary-expr","locations":[{"start":{"line":6,"column":14},"end":{"line":6,"column":24}},{"start":{"line":6,"column":28},"end":{"line":6,"column":39}},{"start":{"line":6,"column":43},"end":{"line":6,"column":46}}],"line":6},"1":{"loc":{"start":{"line":7,"column":14},"end":{"line":7,"column":46}},"type":"binary-expr","locations":[{"start":{"line":7,"column":14},"end":{"line":7,"column":25}},{"start":{"line":7,"column":29},"end":{"line":7,"column":39}},{"start":{"line":7,"column":43},"end":{"line":7,"column":46}}],"line":7},"2":{"loc":{"start":{"line":9,"column":2},"end":{"line":11,"column":3}},"type":"if","locations":[{"start":{"line":9,"column":2},"end":{"line":11,"column":3}},{"start":{"line":9,"column":2},"end":{"line":11,"column":3}}],"line":9},"3":{"loc":{"start":{"line":9,"column":6},"end":{"line":9,"column":16}},"type":"binary-expr","locations":[{"start":{"line":9,"column":6},"end":{"line":9,"column":9}},{"start":{"line":9,"column":13},"end":{"line":9,"column":16}}],"line":9}},"s":{"0":0,"1":0,"2":0,"3":0,"4":0,"5":0,"6":0},"f":{"0":0},"b":{"0":[0,0,0],"1":[0,0,0],"2":[0,0],"3":[0,0]}},"E:\\projects\\react-markdown\\src\\client\\components\\SlateEditor\\plugins\\slate-strikethrough-plugin\\StrikethroughMark.js":{"path":"E:\\projects\\react-markdown\\src\\client\\components\\SlateEditor\\plugins\\slate-strikethrough-plugin\\StrikethroughMark.js","statementMap":{"0":{"start":{"line":4,"column":26},"end":{"line":8,"column":1}},"1":{"start":{"line":5,"column":2},"end":{"line":7,"column":11}}},"fnMap":{"0":{"name":"(anonymous_0)","decl":{"start":{"line":4,"column":26},"end":{"line":4,"column":27}},"loc":{"start":{"line":5,"column":2},"end":{"line":7,"column":11}},"line":5}},"branchMap":{},"s":{"0":0,"1":0},"f":{"0":0},"b":{}},"E:\\projects\\react-markdown\\src\\client\\components\\SlateEditor\\plugins\\slate-strikethrough-plugin\\StrikethroughSchema.js":{"path":"E:\\projects\\react-markdown\\src\\client\\components\\SlateEditor\\plugins\\slate-strikethrough-plugin\\StrikethroughSchema.js","statementMap":{"0":{"start":{"line":4,"column":28},"end":{"line":8,"column":1}}},"fnMap":{},"branchMap":{},"s":{"0":0},"f":{},"b":{}},"E:\\projects\\react-markdown\\src\\client\\components\\SlateEditor\\plugins\\slate-strikethrough-plugin\\StrikethroughUtils.js":{"path":"E:\\projects\\react-markdown\\src\\client\\components\\SlateEditor\\plugins\\slate-strikethrough-plugin\\StrikethroughUtils.js","statementMap":{"0":{"start":{"line":1,"column":23},"end":{"line":1,"column":87}},"1":{"start":{"line":1,"column":32},"end":{"line":1,"column":87}},"2":{"start":{"line":1,"column":57},"end":{"line":1,"column":86}},"3":{"start":{"line":3,"column":33},"end":{"line":7,"column":9}},"4":{"start":{"line":3,"column":42},"end":{"line":7,"column":9}}},"fnMap":{"0":{"name":"(anonymous_0)","decl":{"start":{"line":1,"column":23},"end":{"line":1,"column":24}},"loc":{"start":{"line":1,"column":32},"end":{"line":1,"column":87}},"line":1},"1":{"name":"(anonymous_1)","decl":{"start":{"line":1,"column":49},"end":{"line":1,"column":50}},"loc":{"start":{"line":1,"column":57},"end":{"line":1,"column":86}},"line":1},"2":{"name":"(anonymous_2)","decl":{"start":{"line":3,"column":33},"end":{"line":3,"column":34}},"loc":{"start":{"line":3,"column":42},"end":{"line":7,"column":9}},"line":3}},"branchMap":{},"s":{"0":0,"1":0,"2":0,"3":0,"4":0},"f":{"0":0,"1":0,"2":0},"b":{}},"E:\\projects\\react-markdown\\src\\client\\components\\SlateEditor\\plugins\\slate-underline-plugin\\index.js":{"path":"E:\\projects\\react-markdown\\src\\client\\components\\SlateEditor\\plugins\\slate-underline-plugin\\index.js","statementMap":{"0":{"start":{"line":4,"column":24},"end":{"line":10,"column":2}},"1":{"start":{"line":4,"column":36},"end":{"line":10,"column":1}}},"fnMap":{"0":{"name":"(anonymous_0)","decl":{"start":{"line":4,"column":24},"end":{"line":4,"column":25}},"loc":{"start":{"line":4,"column":36},"end":{"line":10,"column":1}},"line":4}},"branchMap":{},"s":{"0":0,"1":0},"f":{"0":0},"b":{}},"E:\\projects\\react-markdown\\src\\client\\components\\SlateEditor\\plugins\\slate-underline-plugin\\UnderlineButton.js":{"path":"E:\\projects\\react-markdown\\src\\client\\components\\SlateEditor\\plugins\\slate-underline-plugin\\UnderlineButton.js","statementMap":{"0":{"start":{"line":6,"column":24},"end":{"line":12,"column":1}},"1":{"start":{"line":7,"column":2},"end":{"line":11,"column":11}},"2":{"start":{"line":8,"column":18},"end":{"line":8,"column":48}},"3":{"start":{"line":14,"column":0},"end":{"line":17,"column":2}}},"fnMap":{"0":{"name":"(anonymous_0)","decl":{"start":{"line":6,"column":24},"end":{"line":6,"column":25}},"loc":{"start":{"line":7,"column":2},"end":{"line":11,"column":11}},"line":7},"1":{"name":"(anonymous_1)","decl":{"start":{"line":8,"column":13},"end":{"line":8,"column":14}},"loc":{"start":{"line":8,"column":18},"end":{"line":8,"column":48}},"line":8}},"branchMap":{},"s":{"0":0,"1":0,"2":0,"3":0},"f":{"0":0,"1":0},"b":{}},"E:\\projects\\react-markdown\\src\\client\\components\\SlateEditor\\plugins\\slate-underline-plugin\\UnderlineMark.js":{"path":"E:\\projects\\react-markdown\\src\\client\\components\\SlateEditor\\plugins\\slate-underline-plugin\\UnderlineMark.js","statementMap":{"0":{"start":{"line":4,"column":22},"end":{"line":8,"column":1}},"1":{"start":{"line":5,"column":2},"end":{"line":7,"column":6}}},"fnMap":{"0":{"name":"(anonymous_0)","decl":{"start":{"line":4,"column":22},"end":{"line":4,"column":23}},"loc":{"start":{"line":5,"column":2},"end":{"line":7,"column":6}},"line":5}},"branchMap":{},"s":{"0":0,"1":0},"f":{"0":0},"b":{}},"E:\\projects\\react-markdown\\src\\client\\components\\SlateEditor\\plugins\\slate-underline-plugin\\UnderlineSchema.js":{"path":"E:\\projects\\react-markdown\\src\\client\\components\\SlateEditor\\plugins\\slate-underline-plugin\\UnderlineSchema.js","statementMap":{"0":{"start":{"line":4,"column":24},"end":{"line":8,"column":1}}},"fnMap":{},"branchMap":{},"s":{"0":0},"f":{},"b":{}},"E:\\projects\\react-markdown\\src\\client\\components\\SlateEditor\\plugins\\slate-underline-plugin\\UnderlineUtils.js":{"path":"E:\\projects\\react-markdown\\src\\client\\components\\SlateEditor\\plugins\\slate-underline-plugin\\UnderlineUtils.js","statementMap":{"0":{"start":{"line":1,"column":23},"end":{"line":1,"column":83}},"1":{"start":{"line":1,"column":32},"end":{"line":1,"column":83}},"2":{"start":{"line":1,"column":57},"end":{"line":1,"column":82}},"3":{"start":{"line":3,"column":29},"end":{"line":7,"column":9}},"4":{"start":{"line":3,"column":38},"end":{"line":7,"column":9}}},"fnMap":{"0":{"name":"(anonymous_0)","decl":{"start":{"line":1,"column":23},"end":{"line":1,"column":24}},"loc":{"start":{"line":1,"column":32},"end":{"line":1,"column":83}},"line":1},"1":{"name":"(anonymous_1)","decl":{"start":{"line":1,"column":49},"end":{"line":1,"column":50}},"loc":{"start":{"line":1,"column":57},"end":{"line":1,"column":82}},"line":1},"2":{"name":"(anonymous_2)","decl":{"start":{"line":3,"column":29},"end":{"line":3,"column":30}},"loc":{"start":{"line":3,"column":38},"end":{"line":7,"column":9}},"line":3}},"branchMap":{},"s":{"0":0,"1":0,"2":0,"3":0,"4":0},"f":{"0":0,"1":0,"2":0},"b":{}},"E:\\projects\\react-markdown\\src\\client\\components\\SlateEditor\\SlateEditor.js":{"path":"E:\\projects\\react-markdown\\src\\client\\components\\SlateEditor\\SlateEditor.js","statementMap":{"0":{"start":{"line":10,"column":81},"end":{"line":10,"column":91}},"1":{"start":{"line":11,"column":4},"end":{"line":20,"column":6}},"2":{"start":{"line":24,"column":0},"end":{"line":31,"column":2}}},"fnMap":{"0":{"name":"(anonymous_0)","decl":{"start":{"line":9,"column":2},"end":{"line":9,"column":3}},"loc":{"start":{"line":9,"column":11},"end":{"line":21,"column":3}},"line":9}},"branchMap":{},"s":{"0":0,"1":0,"2":0},"f":{"0":0},"b":{}},"E:\\projects\\react-markdown\\src\\client\\index.js":{"path":"E:\\projects\\react-markdown\\src\\client\\index.js","statementMap":{"0":{"start":{"line":3,"column":0},"end":{"line":3,"column":62}}},"fnMap":{},"branchMap":{},"s":{"0":0},"f":{},"b":{}}}