TN:
SF:E:\projects\react-markdown\src\client\index.js
FNF:0
FNH:0
DA:3,0
LF:1
LH:0
BRF:0
BRH:0
end_of_record
TN:
SF:E:\projects\react-markdown\src\client\components\MarkdownInput\index.js
FNF:0
FNH:0
LF:0
LH:0
BRF:0
BRH:0
end_of_record
TN:
SF:E:/projects/react-markdown/src/client/components/PlainMarkdownInput/PlainMarkdownInput.react.js
FN:123,(anonymous_18)
FN:204,onFullScreen
FN:205,onChange
FNF:3
FNH:2
FNDA:0,(anonymous_18)
FNDA:2,onFullScreen
FNDA:2,onChange
DA:1,1
DA:2,1
DA:3,1
DA:4,1
DA:5,1
DA:6,1
DA:7,1
DA:8,1
DA:9,1
DA:11,1
DA:16,1
DA:31,1
DA:32,1
DA:41,8
DA:42,8
DA:46,4
DA:47,3
DA:52,11
DA:53,11
DA:54,11
DA:55,11
DA:56,11
DA:58,11
DA:59,11
DA:63,13
DA:64,13
DA:65,13
DA:69,13
DA:73,13
DA:74,13
DA:75,13
DA:76,13
DA:77,13
DA:83,2
DA:85,2
DA:86,2
DA:87,2
DA:88,2
DA:89,2
DA:90,2
DA:91,2
DA:95,2
DA:96,2
DA:97,2
DA:98,2
DA:99,2
DA:101,2
DA:103,2
DA:107,2
DA:109,2
DA:111,2
DA:112,2
DA:116,0
DA:119,80
DA:120,16
DA:121,16
DA:123,16
DA:124,0
DA:133,16
DA:193,1
DA:201,1
LF:61
LH:59
BRDA:83,0,0,2
BRDA:83,0,1,1
BRDA:89,1,0,2
BRDA:89,1,1,0
BRDA:95,2,0,2
BRDA:95,2,1,0
BRDA:109,3,0,1
BRDA:109,3,1,1
BRDA:46,4,0,3
BRDA:46,4,1,1
BRDA:64,5,0,13
BRDA:64,5,1,11
BRDA:160,6,0,16
BRDA:160,6,1,16
BRF:14
BRH:12
end_of_record
TN:
SF:E:/projects/react-markdown/src/client/components/PlainMarkdownInput/buttons/BoldButton.js
FN:6,MarkdownBoldButton
FN:13,onClick
FNF:2
FNH:2
FNDA:22,MarkdownBoldButton
FNDA:2,onClick
DA:1,1
DA:2,1
DA:3,1
DA:4,1
DA:6,66
DA:7,22
DA:9,22
DA:13,2
DA:22,1
LF:9
LH:9
BRDA:12,0,0,22
BRDA:12,0,1,15
BRDA:13,1,0,1
BRDA:13,1,1,1
BRF:4
BRH:4
end_of_record
TN:
SF:E:/projects/react-markdown/src/client/components/PlainMarkdownInput/buttons/HeaderFiveButton.js
FN:11,MarkdownHeaderFiveButton
FN:15,onClick
FNF:2
FNH:2
FNDA:18,MarkdownHeaderFiveButton
FNDA:2,onClick
DA:1,1
DA:2,1
DA:3,1
DA:5,1
DA:11,36
DA:12,18
DA:13,18
DA:15,2
DA:22,1
LF:9
LH:9
BRDA:15,0,0,1
BRDA:15,0,1,1
BRF:2
BRH:2
end_of_record
TN:
SF:E:/projects/react-markdown/src/client/components/PlainMarkdownInput/buttons/HeaderFourButton.js
FN:11,MarkdownHeaderFourButton
FN:15,onClick
FNF:2
FNH:2
FNDA:18,MarkdownHeaderFourButton
FNDA:2,onClick
DA:1,1
DA:2,1
DA:3,1
DA:5,1
DA:11,36
DA:12,18
DA:13,18
DA:15,2
DA:22,1
LF:9
LH:9
BRDA:15,0,0,1
BRDA:15,0,1,1
BRF:2
BRH:2
end_of_record
TN:
SF:E:/projects/react-markdown/src/client/components/PlainMarkdownInput/buttons/HeaderOneButton.js
FN:11,MarkdownHeaderOneButton
FN:15,onClick
FNF:2
FNH:2
FNDA:18,MarkdownHeaderOneButton
FNDA:2,onClick
DA:1,1
DA:2,1
DA:3,1
DA:5,1
DA:11,36
DA:12,18
DA:13,18
DA:15,2
DA:22,1
LF:9
LH:9
BRDA:15,0,0,1
BRDA:15,0,1,1
BRF:2
BRH:2
end_of_record
TN:
SF:E:/projects/react-markdown/src/client/components/PlainMarkdownInput/buttons/HeaderSixButton.js
FN:11,MarkdownHeaderSixButton
FN:15,onClick
FNF:2
FNH:2
FNDA:18,MarkdownHeaderSixButton
FNDA:2,onClick
DA:1,1
DA:2,1
DA:3,1
DA:5,1
DA:11,36
DA:12,18
DA:13,18
DA:15,2
DA:22,1
LF:9
LH:9
BRDA:15,0,0,1
BRDA:15,0,1,1
BRF:2
BRH:2
end_of_record
TN:
SF:E:/projects/react-markdown/src/client/components/PlainMarkdownInput/buttons/HeaderThreeButton.js
FN:11,MarkdownHeaderThreeButton
FN:15,onClick
FNF:2
FNH:2
FNDA:18,MarkdownHeaderThreeButton
FNDA:2,onClick
DA:1,1
DA:2,1
DA:3,1
DA:5,1
DA:11,36
DA:12,18
DA:13,18
DA:15,2
DA:22,1
LF:9
LH:9
BRDA:15,0,0,1
BRDA:15,0,1,1
BRF:2
BRH:2
end_of_record
TN:
SF:E:/projects/react-markdown/src/client/components/PlainMarkdownInput/buttons/HeaderTwoButton.js
FN:11,MarkdownHeaderTwoButton
FN:15,onClick
FNF:2
FNH:2
FNDA:18,MarkdownHeaderTwoButton
FNDA:2,onClick
DA:1,1
DA:2,1
DA:3,1
DA:5,1
DA:11,36
DA:12,18
DA:13,18
DA:15,2
DA:22,1
LF:9
LH:9
BRDA:15,0,0,1
BRDA:15,0,1,1
BRF:2
BRH:2
end_of_record
TN:
SF:E:/projects/react-markdown/src/client/components/PlainMarkdownInput/buttons/ItalicButton.js
FN:12,MarkdownItalicButton
FN:18,onClick
FNF:2
FNH:2
FNDA:22,MarkdownItalicButton
FNDA:2,onClick
DA:1,1
DA:2,1
DA:3,1
DA:5,1
DA:12,66
DA:13,22
DA:14,22
DA:18,2
DA:27,1
LF:9
LH:9
BRDA:17,0,0,22
BRDA:17,0,1,15
BRDA:18,1,0,1
BRDA:18,1,1,1
BRF:4
BRH:4
end_of_record
TN:
SF:E:/projects/react-markdown/src/client/components/PlainMarkdownInput/buttons/LinkButton.js
FN:6,MarkdownLinkButton
FN:10,onClick
FNF:2
FNH:2
FNDA:18,MarkdownLinkButton
FNDA:2,onClick
DA:1,1
DA:2,1
DA:4,1
DA:6,54
DA:10,2
DA:18,1
LF:6
LH:6
BRDA:9,0,0,18
BRDA:9,0,1,11
BRF:2
BRH:2
end_of_record
TN:
SF:E:/projects/react-markdown/src/client/components/PlainMarkdownInput/buttons/OrderedListButton.js
FN:12,MarkdownOrderedListButton
FN:18,onClick
FNF:2
FNH:2
FNDA:20,MarkdownOrderedListButton
FNDA:2,onClick
DA:1,1
DA:2,1
DA:3,1
DA:5,1
DA:12,60
DA:13,20
DA:14,20
DA:18,2
DA:27,1
LF:9
LH:9
BRDA:17,0,0,20
BRDA:17,0,1,13
BRDA:18,1,0,1
BRDA:18,1,1,1
BRF:4
BRH:4
end_of_record
TN:
SF:E:/projects/react-markdown/src/client/components/PlainMarkdownInput/buttons/StrikethroughButton.js
FN:12,MarkdownStrikethroughButton
FN:18,onClick
FNF:2
FNH:2
FNDA:22,MarkdownStrikethroughButton
FNDA:2,onClick
DA:1,1
DA:2,1
DA:3,1
DA:5,1
DA:12,66
DA:13,22
DA:14,22
DA:18,2
DA:27,1
LF:9
LH:9
BRDA:17,0,0,22
BRDA:17,0,1,15
BRDA:18,1,0,1
BRDA:18,1,1,1
BRF:4
BRH:4
end_of_record
TN:
SF:E:/projects/react-markdown/src/client/components/PlainMarkdownInput/buttons/UnorderedListButton.js
FN:12,MarkdownUnorderedListButton
FN:18,onClick
FNF:2
FNH:2
FNDA:20,MarkdownUnorderedListButton
FNDA:2,onClick
DA:1,1
DA:2,1
DA:3,1
DA:5,1
DA:12,60
DA:13,20
DA:14,20
DA:18,2
DA:27,1
LF:9
LH:9
BRDA:17,0,0,20
BRDA:17,0,1,13
BRDA:18,1,0,1
BRDA:18,1,1,1
BRF:4
BRH:4
end_of_record
TN:
SF:E:/projects/react-markdown/src/client/components/PlainMarkdownInput/buttons/index.js
FNF:0
FNH:0
DA:1,1
DA:2,1
DA:3,1
DA:4,1
DA:5,1
DA:6,1
DA:7,1
DA:8,1
DA:9,1
DA:10,1
DA:11,1
DA:12,1
LF:12
LH:12
BRF:0
BRH:0
end_of_record
TN:
SF:E:/projects/react-markdown/src/client/components/PlainMarkdownInput/slate/schema.js
FN:9,addMarks
FN:35,markdownDecorator
FN:51,rendererComponent
FN:78,match
FNF:4
FNH:4
FNDA:22,addMarks
FNDA:28,markdownDecorator
FNDA:28,rendererComponent
FNDA:50,match
DA:1,1
DA:2,1
DA:3,1
DA:9,1
DA:10,22
DA:12,22
DA:13,22
DA:14,22
DA:15,12
DA:16,12
DA:19,30
DA:20,10
DA:21,10
DA:22,93
DA:23,93
DA:24,93
DA:26,93
DA:27,93
DA:28,93
DA:31,10
DA:36,28
DA:37,15
DA:39,13
DA:40,12
DA:41,12
DA:42,12
DA:46,12
DA:48,1
DA:51,1
DA:52,28
DA:53,28
DA:55,28
DA:56,14
DA:59,14
DA:60,13
DA:61,13
DA:68,1
DA:71,1
DA:76,1
DA:78,50
LF:40
LH:40
BRDA:14,0,0,12
BRDA:14,0,1,10
BRDA:36,1,0,15
BRDA:36,1,1,13
BRDA:36,2,0,28
BRDA:36,2,1,15
BRDA:39,3,0,12
BRDA:39,3,1,1
BRDA:55,4,0,14
BRDA:55,4,1,14
BRDA:59,5,0,13
BRDA:59,5,1,1
BRDA:60,6,0,12
BRDA:60,6,1,1
BRF:14
BRH:14
end_of_record
TN:
SF:E:/projects/react-markdown/src/client/components/PlainMarkdownInput/slate/shortcuts.js
FN:22,splitListBlocksAutoHandler
FNF:1
FNH:0
FNDA:0,splitListBlocksAutoHandler
DA:1,1
DA:16,1
DA:17,1
DA:22,1
DA:23,0
DA:24,0
DA:25,0
DA:27,0
DA:28,0
DA:29,0
DA:30,0
DA:31,0
DA:33,0
DA:35,0
DA:36,0
DA:37,0
DA:39,0
DA:40,0
DA:41,0
DA:43,0
DA:44,0
DA:46,0
DA:47,0
DA:49,0
DA:53,0
DA:57,0
DA:59,0
DA:60,0
DA:63,0
DA:64,0
DA:65,0
DA:66,0
DA:68,0
DA:70,0
DA:71,0
DA:72,0
DA:74,0
DA:76,0
DA:77,0
DA:78,0
DA:79,0
DA:81,0
DA:86,0
LF:43
LH:4
BRDA:23,0,0,0
BRDA:23,0,1,0
BRDA:24,1,0,0
BRDA:24,1,1,0
BRDA:30,2,0,0
BRDA:30,2,1,0
BRDA:36,3,0,0
BRDA:36,3,1,0
BRDA:43,4,0,0
BRDA:43,4,1,0
BRDA:59,5,0,0
BRDA:59,5,1,0
BRDA:63,6,0,0
BRDA:63,6,1,0
BRDA:64,7,0,0
BRDA:64,7,1,0
BRDA:65,8,0,0
BRDA:65,8,1,0
BRDA:70,9,0,0
BRDA:70,9,1,0
BRDA:71,10,0,0
BRDA:71,10,1,0
BRDA:76,11,0,0
BRDA:76,11,1,0
BRDA:78,12,0,0
BRDA:78,12,1,0
BRF:26
BRH:0
end_of_record
TN:
SF:E:/projects/react-markdown/src/client/components/PlainMarkdownInput/slate/tokenizer.js
FN:42,changeText
FN:69,getTokensLength
FN:73,(anonymous_3)
FN:78,getEmptyText
FN:105,getHeaderContent
FN:119,getBlockContent
FN:131,joinArrString
FN:151,parseBlockquote
FN:161,getHRToken
FN:169,getList
FN:177,parseCodeBlock
FN:189,getEmphasisType
FN:193,getCloseTag
FN:197,getClosePos
FN:207,getAttr
FN:216,getOneEmphasis
FN:236,getUrlToken
FN:273,getEmphasisToken
FN:294,parseEmphasis
FN:329,getListToken
FN:342,getBlockquoteToken
FN:350,parseBlock
FN:370,restoreSpaces
FN:403,processEmphasis
FN:408,processInline
FN:423,processBlockTokens
FN:459,parse
FNF:27
FNH:27
FNDA:199,changeText
FNDA:404,getTokensLength
FNDA:695,(anonymous_3)
FNDA:2,getEmptyText
FNDA:58,getHeaderContent
FNDA:49,getBlockContent
FNDA:427,joinArrString
FNDA:32,parseBlockquote
FNDA:11,getHRToken
FNDA:4,getList
FNDA:8,parseCodeBlock
FNDA:179,getEmphasisType
FNDA:201,getCloseTag
FNDA:201,getClosePos
FNDA:25,getAttr
FNDA:201,getOneEmphasis
FNDA:22,getUrlToken
FNDA:179,getEmphasisToken
FNDA:421,parseEmphasis
FNDA:15,getListToken
FNDA:13,getBlockquoteToken
FNDA:220,parseBlock
FNDA:220,restoreSpaces
FNDA:220,processEmphasis
FNDA:220,processInline
FNDA:269,processBlockTokens
FNDA:220,parse
DA:1,1
DA:4,1
DA:15,1
DA:21,1
DA:24,1
DA:42,199
DA:43,199
DA:44,841
DA:45,418
DA:46,423
DA:47,21
DA:48,21
DA:49,21
DA:50,7
DA:52,21
DA:59,199
DA:70,404
DA:71,0
DA:73,404
DA:74,695
DA:79,2
DA:106,58
DA:107,0
DA:108,58
DA:109,2
DA:111,58
DA:112,58
DA:119,49
DA:120,49
DA:125,49
DA:126,5
DA:128,49
DA:132,427
DA:133,427
DA:134,427
DA:135,1600
DA:136,1061
DA:138,539
DA:139,421
DA:140,421
DA:142,539
DA:145,427
DA:146,314
DA:148,427
DA:152,32
DA:153,19
DA:154,19
DA:156,13
DA:158,32
DA:162,11
DA:170,4
DA:178,8
DA:179,8
DA:180,3
DA:182,5
DA:183,5
DA:184,1
DA:186,4
DA:190,179
DA:194,201
DA:198,201
DA:199,625
DA:200,201
DA:204,0
DA:208,25
DA:209,25
DA:210,25
DA:213,0
DA:217,201
DA:218,201
DA:219,178
DA:221,201
DA:222,64
DA:224,201
DA:236,66
DA:237,22
DA:238,22
DA:239,22
DA:273,716
DA:274,179
DA:279,179
DA:280,179
DA:295,421
DA:296,421
DA:297,421
DA:298,675
DA:299,442
DA:300,336
DA:302,442
DA:304,233
DA:305,233
DA:306,201
DA:307,201
DA:308,201
DA:309,201
DA:310,201
DA:311,2
DA:313,201
DA:314,22
DA:316,179
DA:318,201
DA:319,201
DA:322,32
DA:323,32
DA:326,421
DA:330,15
DA:331,5
DA:333,10
DA:335,15
DA:343,13
DA:344,13
DA:345,13
DA:346,13
DA:351,220
DA:352,13
DA:353,207
DA:355,15
DA:357,192
DA:371,220
DA:372,220
DA:373,24
DA:374,6
DA:377,24
DA:379,12
DA:380,12
DA:381,12
DA:382,0
DA:383,0
DA:385,0
DA:389,220
DA:390,220
DA:391,0
DA:392,0
DA:393,0
DA:394,0
DA:396,0
DA:400,220
DA:404,220
DA:409,220
DA:412,90
DA:413,90
DA:414,90
DA:415,130
DA:416,130
DA:419,220
DA:424,269
DA:426,269
DA:427,267
DA:428,267
DA:429,19
DA:430,11
DA:431,8
DA:432,8
DA:435,248
DA:436,248
DA:437,248
DA:438,696
DA:439,44
DA:442,204
DA:443,5
DA:444,5
DA:446,199
DA:447,141
DA:449,58
DA:450,58
DA:456,2
DA:459,1
DA:460,220
DA:461,220
DA:462,220
DA:463,220
DA:464,220
LF:172
LH:160
BRDA:42,0,0,58
BRDA:42,0,1,141
BRDA:42,1,0,199
BRDA:42,1,1,58
BRDA:44,2,0,418
BRDA:44,2,1,423
BRDA:45,3,0,58
BRDA:45,3,1,360
BRDA:45,4,0,418
BRDA:45,4,1,142
BRDA:46,5,0,21
BRDA:46,5,1,402
BRDA:49,6,0,7
BRDA:49,6,1,14
BRDA:70,7,0,0
BRDA:70,7,1,404
BRDA:74,8,0,607
BRDA:74,8,1,NaN
BRDA:106,9,0,0
BRDA:106,9,1,58
BRDA:108,10,0,2
BRDA:108,10,1,56
BRDA:119,11,0,5
BRDA:119,11,1,44
BRDA:119,12,0,49
BRDA:119,12,1,5
BRDA:125,13,0,5
BRDA:125,13,1,44
BRDA:135,14,0,1061
BRDA:135,14,1,539
BRDA:138,15,0,421
BRDA:138,15,1,118
BRDA:145,16,0,314
BRDA:145,16,1,113
BRDA:152,17,0,19
BRDA:152,17,1,13
BRDA:179,18,0,3
BRDA:179,18,1,5
BRDA:183,19,0,1
BRDA:183,19,1,4
BRDA:199,20,0,201
BRDA:199,20,1,424
BRDA:199,21,0,625
BRDA:199,21,1,202
BRDA:209,22,0,25
BRDA:209,22,1,0
BRDA:218,23,0,178
BRDA:218,23,1,23
BRDA:218,24,0,201
BRDA:218,24,1,201
BRDA:221,25,0,64
BRDA:221,25,1,137
BRDA:298,26,0,442
BRDA:298,26,1,233
BRDA:299,27,0,336
BRDA:299,27,1,106
BRDA:305,28,0,201
BRDA:305,28,1,32
BRDA:308,29,0,201
BRDA:308,29,1,0
BRDA:310,30,0,2
BRDA:310,30,1,199
BRDA:310,31,0,201
BRDA:310,31,1,23
BRDA:313,32,0,22
BRDA:313,32,1,179
BRDA:330,33,0,5
BRDA:330,33,1,10
BRDA:336,34,0,5
BRDA:336,34,1,10
BRDA:351,35,0,13
BRDA:351,35,1,207
BRDA:353,36,0,15
BRDA:353,36,1,192
BRDA:353,37,0,207
BRDA:353,37,1,10
BRDA:353,37,2,197
BRDA:353,37,3,5
BRDA:372,38,0,24
BRDA:372,38,1,196
BRDA:373,39,0,6
BRDA:373,39,1,18
BRDA:377,40,0,12
BRDA:377,40,1,12
BRDA:377,41,0,24
BRDA:377,41,1,24
BRDA:377,41,2,NaN
BRDA:377,41,3,NaN
BRDA:377,41,4,NaN
BRDA:380,42,0,12
BRDA:380,42,1,0
BRDA:382,43,0,0
BRDA:382,43,1,0
BRDA:390,44,0,0
BRDA:390,44,1,220
BRDA:391,45,0,0
BRDA:391,45,1,0
BRDA:393,46,0,0
BRDA:393,46,1,0
BRDA:409,47,0,90
BRDA:409,47,1,130
BRDA:409,48,0,220
BRDA:409,48,1,188
BRDA:409,48,2,NaN
BRDA:409,48,3,NaN
BRDA:409,48,4,NaN
BRDA:409,48,5,NaN
BRDA:415,49,0,130
BRDA:415,49,1,0
BRDA:426,50,0,267
BRDA:426,50,1,2
BRDA:428,51,0,19
BRDA:428,51,1,248
BRDA:429,52,0,11
BRDA:429,52,1,8
BRDA:431,53,0,8
BRDA:431,53,1,0
BRDA:435,54,0,248
BRDA:435,54,1,0
BRDA:438,55,0,44
BRDA:438,55,1,652
BRDA:438,56,0,696
BRDA:438,56,1,44
BRDA:442,57,0,5
BRDA:442,57,1,199
BRDA:442,58,0,204
BRDA:442,58,1,5
BRDA:443,59,0,3
BRDA:443,59,1,2
BRDA:443,60,0,3
BRDA:443,60,1,0
BRDA:446,61,0,141
BRDA:446,61,1,58
BRDA:446,62,0,199
BRDA:446,62,1,141
BRDA:449,63,0,58
BRDA:449,63,1,0
BRDA:449,64,0,58
BRDA:449,64,1,58
BRF:139
BRH:114
end_of_record
TN:
SF:E:/projects/react-markdown/src/client/components/PlainMarkdownInput/slate/transforms.js
FN:17,hasBlock
FN:29,unwrapBlock
FN:45,wrapBlock
FN:68,hasItalicMarkdown
FN:84,wrapItalicMarkdown
FN:103,unwrapItalicMarkdown
FN:116,hasBoldMarkdown
FN:132,wrapBoldMarkdown
FN:151,unwrapBoldMarkdown
FN:164,hasStrikethroughMarkdown
FN:180,wrapStrikethroughMarkdown
FN:199,unwrapStrikethroughMarkdown
FN:212,unwrapOrderedListMarkdown
FN:225,wrapLinkMarkdown
FN:244,hasMultiLineSelection
FNF:15
FNH:15
FNDA:148,hasBlock
FNDA:8,unwrapBlock
FNDA:8,wrapBlock
FNDA:22,hasItalicMarkdown
FNDA:1,wrapItalicMarkdown
FNDA:1,unwrapItalicMarkdown
FNDA:22,hasBoldMarkdown
FNDA:1,wrapBoldMarkdown
FNDA:1,unwrapBoldMarkdown
FNDA:22,hasStrikethroughMarkdown
FNDA:1,wrapStrikethroughMarkdown
FNDA:1,unwrapStrikethroughMarkdown
FNDA:1,unwrapOrderedListMarkdown
FNDA:2,wrapLinkMarkdown
FNDA:98,hasMultiLineSelection
DA:2,1
DA:3,1
DA:4,1
DA:5,1
DA:6,1
DA:7,1
DA:8,1
DA:9,1
DA:17,1
DA:18,148
DA:19,148
DA:20,148
DA:29,1
DA:30,16
DA:31,8
DA:45,1
DA:46,24
DA:47,8
DA:48,8
DA:49,8
DA:50,8
DA:51,20
DA:52,20
DA:53,8
DA:54,8
DA:55,8
DA:58,8
DA:68,1
DA:69,66
DA:70,22
DA:71,22
DA:72,3
DA:73,3
DA:75,19
DA:84,1
DA:85,2
DA:86,1
DA:87,1
DA:88,0
DA:89,0
DA:93,1
DA:95,1
DA:103,1
DA:104,3
DA:105,1
DA:116,1
DA:117,66
DA:118,22
DA:119,22
DA:120,3
DA:121,3
DA:123,19
DA:132,1
DA:133,2
DA:134,1
DA:135,1
DA:136,0
DA:137,0
DA:141,1
DA:143,1
DA:151,1
DA:152,3
DA:153,1
DA:164,1
DA:165,66
DA:166,22
DA:167,22
DA:168,3
DA:169,3
DA:171,19
DA:180,1
DA:181,2
DA:182,1
DA:183,1
DA:184,0
DA:185,0
DA:189,1
DA:191,1
DA:199,1
DA:200,3
DA:201,1
DA:212,1
DA:213,1
DA:214,1
DA:215,1
DA:216,1
DA:217,1
DA:225,1
DA:226,4
DA:227,2
DA:228,2
DA:229,2
DA:230,1
DA:231,1
DA:233,1
DA:235,2
DA:244,294
DA:246,1
DA:247,1
DA:248,1
DA:249,1
DA:250,1
DA:251,1
DA:252,1
DA:253,1
DA:254,1
DA:255,1
DA:256,1
DA:257,1
DA:258,1
DA:259,1
DA:260,1
DA:262,1
DA:263,1
DA:265,1
DA:267,1
DA:269,1
DA:271,1
DA:273,1
DA:275,1
LF:120
LH:114
BRDA:52,0,0,8
BRDA:52,0,1,12
BRDA:71,1,0,3
BRDA:71,1,1,19
BRDA:71,2,0,22
BRDA:71,2,1,4
BRDA:73,3,0,3
BRDA:73,3,1,3
BRDA:73,3,2,3
BRDA:87,4,0,0
BRDA:87,4,1,1
BRDA:119,5,0,3
BRDA:119,5,1,19
BRDA:119,6,0,22
BRDA:119,6,1,4
BRDA:121,7,0,3
BRDA:121,7,1,3
BRDA:121,7,2,3
BRDA:135,8,0,0
BRDA:135,8,1,1
BRDA:167,9,0,3
BRDA:167,9,1,19
BRDA:167,10,0,22
BRDA:167,10,1,4
BRDA:169,11,0,3
BRDA:169,11,1,3
BRDA:169,11,2,3
BRDA:183,12,0,0
BRDA:183,12,1,1
BRDA:229,13,0,1
BRDA:229,13,1,1
BRF:31
BRH:28
end_of_record
TN:
SF:E:/projects/react-markdown/src/client/components/SlateEditor/SlateContent.js
FN:6,SlateContent
FN:41,onChange
FNF:2
FNH:1
FNDA:16,SlateContent
FNDA:0,onChange
DA:1,1
DA:2,1
DA:3,1
DA:4,1
DA:6,1
DA:14,96
DA:15,16
DA:32,1
DA:40,1
LF:9
LH:9
BRF:0
BRH:0
end_of_record
TN:
SF:E:/projects/react-markdown/src/client/components/SlateEditor/SlateEditor.js
FNF:0
FNH:0
DA:1,1
DA:2,1
DA:3,1
DA:4,1
DA:6,1
DA:9,112
DA:10,16
DA:11,16
DA:24,1
LF:9
LH:9
BRF:0
BRH:0
end_of_record
TN:
SF:E:/projects/react-markdown/src/client/components/SlateEditor/SlateToolbar.js
FNF:0
FNH:0
DA:1,1
DA:2,1
DA:3,1
DA:5,32
LF:4
LH:4
BRF:0
BRH:0
end_of_record
TN:
SF:E:/projects/react-markdown/src/client/components/SlateEditor/SlateToolbarGroup.js
FN:13,SlateToolbar
FNF:1
FNH:1
FNDA:96,SlateToolbar
DA:1,1
DA:2,1
DA:3,1
DA:5,1
DA:9,1
DA:13,192
DA:19,1
DA:20,1
LF:8
LH:8
BRF:0
BRH:0
end_of_record
TN:
SF:E:/projects/react-markdown/src/client/components/SlateEditor/Utils.js
FN:4,cloneElement
FN:9,(anonymous_3)
FN:10,(anonymous_4)
FNF:3
FNH:3
FNDA:128,cloneElement
FNDA:288,(anonymous_3)
FNDA:256,(anonymous_4)
DA:1,1
DA:2,1
DA:4,1
DA:5,128
DA:6,128
DA:7,64
DA:9,288
DA:10,256
LF:8
LH:8
BRDA:6,0,0,64
BRDA:6,0,1,64
BRDA:6,1,0,128
BRDA:6,1,1,128
BRF:4
BRH:4
end_of_record
TN:
SF:E:/projects/react-markdown/src/client/components/SlateEditor/plugins/index.js
FN:1,(anonymous_0)
FN:2,(anonymous_2)
FN:3,(anonymous_4)
FN:4,(anonymous_6)
FN:5,(anonymous_8)
FN:6,(anonymous_10)
FN:7,(anonymous_12)
FN:8,(anonymous_14)
FN:9,(anonymous_16)
FN:10,(anonymous_18)
FN:11,(anonymous_20)
FN:12,(anonymous_22)
FNF:12
FNH:12
FNDA:3,(anonymous_0)
FNDA:4,(anonymous_2)
FNDA:3,(anonymous_4)
FNDA:3,(anonymous_6)
FNDA:3,(anonymous_8)
FNDA:3,(anonymous_10)
FNDA:3,(anonymous_12)
FNDA:3,(anonymous_14)
FNDA:8,(anonymous_16)
FNDA:1,(anonymous_18)
FNDA:17,(anonymous_20)
FNDA:2,(anonymous_22)
DA:1,7
DA:2,9
DA:3,7
DA:4,7
DA:5,7
DA:6,7
DA:7,7
DA:8,7
DA:9,17
DA:10,3
DA:11,19
DA:12,5
LF:12
LH:12
BRDA:1,0,0,3
BRDA:1,0,1,6
BRDA:2,1,0,4
BRDA:2,1,1,8
BRDA:3,2,0,3
BRDA:3,2,1,6
BRDA:4,3,0,3
BRDA:4,3,1,6
BRDA:5,4,0,3
BRDA:5,4,1,6
BRDA:6,5,0,3
BRDA:6,5,1,6
BRDA:7,6,0,3
BRDA:7,6,1,6
BRDA:8,7,0,3
BRDA:8,7,1,6
BRDA:9,8,0,8
BRDA:9,8,1,16
BRDA:10,9,0,1
BRDA:10,9,1,2
BRDA:11,10,0,1
BRDA:11,10,1,2
BRDA:12,11,0,2
BRDA:12,11,1,4
BRF:24
BRH:24
end_of_record
TN:
SF:E:/projects/react-markdown/src/client/components/SlateEditor/plugins/slate-autocomplete-plugin/AutocompleteContainer.js
FN:147,(anonymous_17)
FN:21,onChange
FNF:2
FNH:0
FNDA:0,(anonymous_17)
FNDA:0,onChange
DA:1,1
DA:2,1
DA:4,1
DA:6,1
DA:7,1
DA:8,1
DA:9,1
DA:34,8
DA:38,8
DA:39,8
DA:43,1
DA:48,0
DA:49,0
DA:51,0
DA:52,0
DA:55,0
DA:59,17
DA:60,17
DA:62,17
DA:63,17
DA:65,17
DA:66,0
DA:68,0
DA:69,0
DA:71,0
DA:72,0
DA:73,0
DA:78,17
DA:82,0
DA:83,0
DA:85,0
DA:89,0
DA:90,0
DA:92,0
DA:93,0
DA:94,0
DA:96,0
DA:97,0
DA:98,0
DA:100,0
DA:101,0
DA:102,0
DA:104,0
DA:105,0
DA:106,0
DA:107,0
DA:108,0
DA:109,0
DA:115,3
DA:116,1
DA:117,1
DA:118,1
DA:120,1
DA:121,0
DA:123,0
DA:124,0
DA:126,0
DA:127,0
DA:128,0
DA:129,0
DA:131,0
DA:135,1
DA:138,48
DA:139,16
DA:141,16
DA:142,0
DA:143,0
DA:144,0
DA:145,0
DA:146,0
DA:147,0
DA:148,0
DA:149,0
DA:152,16
DA:157,8
DA:160,192
DA:161,24
DA:162,24
DA:164,24
LF:79
LH:32
BRDA:39,0,0,1
BRDA:39,0,1,7
BRDA:39,1,0,8
BRDA:39,1,1,8
BRDA:39,1,2,8
BRDA:39,1,3,3
BRDA:51,2,0,0
BRDA:51,2,1,0
BRDA:65,3,0,0
BRDA:65,3,1,17
BRDA:65,4,0,17
BRDA:65,4,1,14
BRDA:68,5,0,0
BRDA:68,5,1,0
BRDA:71,6,0,0
BRDA:71,6,1,0
BRDA:82,7,0,0
BRDA:82,7,1,0
BRDA:92,8,0,0
BRDA:92,8,1,0
BRDA:92,9,0,0
BRDA:92,9,1,0
BRDA:93,10,0,0
BRDA:93,10,1,0
BRDA:97,11,0,0
BRDA:97,11,1,0
BRDA:101,12,0,0
BRDA:101,12,1,0
BRDA:101,13,0,0
BRDA:101,13,1,0
BRDA:106,14,0,0
BRDA:106,14,1,0
BRDA:106,15,0,0
BRDA:106,15,1,0
BRDA:108,16,0,0
BRDA:108,16,1,0
BRDA:108,17,0,0
BRDA:108,17,1,0
BRDA:120,18,0,0
BRDA:120,18,1,1
BRDA:126,19,0,0
BRDA:126,19,1,0
BRDA:141,20,0,0
BRDA:141,20,1,16
BRDA:145,21,0,0
BRDA:145,21,1,0
BRDA:148,22,0,0
BRDA:148,22,1,0
BRDA:170,23,0,0
BRDA:170,23,1,24
BRDA:169,24,0,24
BRDA:169,24,1,0
BRF:52
BRH:13
end_of_record
TN:
SF:E:/projects/react-markdown/src/client/components/SlateEditor/plugins/slate-autocomplete-plugin/AutocompleteWidget.js
FN:17,onSelectedIndexChange
FN:19,onSelectItem
FN:27,AutocompleteWidget
FN:36,(anonymous_12)
FN:40,(anonymous_13)
FN:45,(anonymous_14)
FN:60,(anonymous_15)
FN:64,(anonymous_16)
FN:91,(anonymous_17)
FN:94,(anonymous_18)
FN:100,(anonymous_19)
FN:112,ref
FN:121,(anonymous_22)
FN:125,ref
FN:126,onClick
FN:127,onMouseMove
FNF:16
FNH:0
FNDA:0,onSelectedIndexChange
FNDA:0,onSelectItem
FNDA:0,AutocompleteWidget
FNDA:0,(anonymous_12)
FNDA:0,(anonymous_13)
FNDA:0,(anonymous_14)
FNDA:0,(anonymous_15)
FNDA:0,(anonymous_16)
FNDA:0,(anonymous_17)
FNDA:0,(anonymous_18)
FNDA:0,(anonymous_19)
FNDA:0,ref
FNDA:0,(anonymous_22)
FNDA:0,ref
FNDA:0,onClick
FNDA:0,onMouseMove
DA:1,1
DA:2,1
DA:3,1
DA:5,1
DA:15,1
DA:24,1
DA:27,0
DA:29,0
DA:37,0
DA:41,0
DA:42,0
DA:46,0
DA:47,0
DA:48,0
DA:50,0
DA:51,0
DA:52,0
DA:54,0
DA:55,0
DA:61,0
DA:65,0
DA:67,0
DA:68,0
DA:71,0
DA:72,0
DA:73,0
DA:74,0
DA:75,0
DA:77,0
DA:79,0
DA:85,0
DA:87,0
DA:88,0
DA:91,0
DA:95,0
DA:96,0
DA:101,0
DA:104,0
DA:105,0
DA:106,0
DA:108,0
DA:109,0
DA:112,0
DA:122,0
DA:125,0
DA:126,0
DA:127,0
DA:145,0
DA:149,1
DA:150,1
LF:50
LH:8
BRDA:27,0,0,0
BRDA:27,0,1,0
BRDA:50,1,0,0
BRDA:50,1,1,0
BRDA:50,2,0,0
BRDA:50,2,1,0
BRDA:50,2,2,0
BRDA:51,3,0,0
BRDA:51,3,1,0
BRDA:51,4,0,0
BRDA:51,4,1,0
BRDA:54,5,0,0
BRDA:54,5,1,0
BRDA:54,6,0,0
BRDA:54,6,1,0
BRDA:67,7,0,0
BRDA:67,7,1,0
BRDA:81,8,0,0
BRDA:81,8,1,0
BRDA:82,9,0,0
BRDA:82,9,1,0
BRDA:85,10,0,0
BRDA:85,10,1,0
BRDA:87,11,0,0
BRDA:87,11,1,0
BRDA:95,12,0,0
BRDA:95,12,1,0
BRDA:108,13,0,0
BRDA:108,13,1,0
BRDA:130,14,0,0
BRDA:130,14,1,0
BRDA:139,15,0,0
BRDA:139,15,1,0
BRF:33
BRH:0
end_of_record
TN:
SF:E:/projects/react-markdown/src/client/components/SlateEditor/plugins/slate-autocomplete-plugin/index.js
FN:5,AutocompletePlugin
FN:5,render
FNF:2
FNH:2
FNDA:16,AutocompletePlugin
FNDA:16,render
DA:1,1
DA:3,1
DA:5,16
DA:7,16
DA:9,16
LF:5
LH:5
BRF:0
BRH:0
end_of_record
TN:
SF:E:/projects/react-markdown/src/client/components/SlateEditor/plugins/slate-blockquote-plugin/BlockquoteButton.js
FN:8,BlockquoteButton
FN:13,onClick
FNF:2
FNH:0
FNDA:0,BlockquoteButton
FNDA:0,onClick
DA:1,1
DA:2,1
DA:3,1
DA:4,1
DA:5,1
DA:6,1
DA:8,1
DA:9,0
DA:10,0
DA:13,0
DA:21,1
LF:11
LH:8
BRDA:13,0,0,0
BRDA:13,0,1,0
BRF:2
BRH:0
end_of_record
TN:
SF:E:/projects/react-markdown/src/client/components/SlateEditor/plugins/slate-blockquote-plugin/BlockquoteNode.js
FN:3,BlockquoteNode
FNF:1
FNH:0
FNDA:0,BlockquoteNode
DA:1,1
DA:3,1
LF:2
LH:2
BRF:0
BRH:0
end_of_record
TN:
SF:E:/projects/react-markdown/src/client/components/SlateEditor/plugins/slate-blockquote-plugin/BlockquoteSchema.js
FNF:0
FNH:0
DA:1,1
DA:3,1
LF:2
LH:2
BRF:0
BRH:0
end_of_record
TN:
SF:E:/projects/react-markdown/src/client/components/SlateEditor/plugins/slate-blockquote-plugin/BlockquoteUtils.js
FN:1,hasBlock
FN:1,(anonymous_1)
FN:5,unwrapBlock
FN:12,wrapBlock
FNF:4
FNH:0
FNDA:0,hasBlock
FNDA:0,(anonymous_1)
FNDA:0,unwrapBlock
FNDA:0,wrapBlock
DA:1,1
DA:3,1
DA:5,1
DA:12,1
LF:4
LH:4
BRF:0
BRH:0
end_of_record
TN:
SF:E:/projects/react-markdown/src/client/components/SlateEditor/plugins/slate-blockquote-plugin/index.js
FN:5,BlockquotePlugin
FNF:1
FNH:0
FNDA:0,BlockquotePlugin
DA:1,1
DA:2,1
DA:5,1
LF:3
LH:3
BRF:0
BRH:0
end_of_record
TN:
SF:E:/projects/react-markdown/src/client/components/SlateEditor/plugins/slate-bold-plugin/BoldButton.js
FN:8,BoldButton
FN:11,onClick
FNF:2
FNH:0
FNDA:0,BoldButton
FNDA:0,onClick
DA:1,1
DA:2,1
DA:3,1
DA:4,1
DA:5,1
DA:6,1
DA:8,1
DA:11,0
DA:18,1
LF:9
LH:8
BRF:0
BRH:0
end_of_record
TN:
SF:E:/projects/react-markdown/src/client/components/SlateEditor/plugins/slate-bold-plugin/BoldKeyboardShortcut.js
FN:4,BoldKeyboardShortcut
FNF:1
FNH:0
FNDA:0,BoldKeyboardShortcut
DA:1,1
DA:4,1
DA:5,0
DA:6,0
DA:8,0
LF:5
LH:2
BRDA:5,0,0,0
BRDA:5,0,1,0
BRDA:5,1,0,0
BRDA:5,1,1,0
BRF:4
BRH:0
end_of_record
TN:
SF:E:/projects/react-markdown/src/client/components/SlateEditor/plugins/slate-bold-plugin/BoldMark.js
FN:3,BoldNode
FNF:1
FNH:0
FNDA:0,BoldNode
DA:1,1
DA:3,1
LF:2
LH:2
BRF:0
BRH:0
end_of_record
TN:
SF:E:/projects/react-markdown/src/client/components/SlateEditor/plugins/slate-bold-plugin/BoldSchema.js
FNF:0
FNH:0
DA:1,1
DA:4,1
LF:2
LH:2
BRF:0
BRH:0
end_of_record
TN:
SF:E:/projects/react-markdown/src/client/components/SlateEditor/plugins/slate-bold-plugin/BoldUtils.js
FN:1,hasMark
FN:1,(anonymous_1)
FN:3,boldMark
FNF:3
FNH:0
FNDA:0,hasMark
FNDA:0,(anonymous_1)
FNDA:0,boldMark
DA:1,1
DA:3,1
LF:2
LH:2
BRF:0
BRH:0
end_of_record
TN:
SF:E:/projects/react-markdown/src/client/components/SlateEditor/plugins/slate-bold-plugin/index.js
FN:5,BoldPlugin
FN:5,onKeyDown
FNF:2
FNH:0
FNDA:0,BoldPlugin
FNDA:0,onKeyDown
DA:1,1
DA:2,1
DA:3,1
DA:5,1
DA:9,0
LF:5
LH:4
BRF:0
BRH:0
end_of_record
TN:
SF:E:/projects/react-markdown/src/client/components/SlateEditor/plugins/slate-code-plugin/CodeButton.js
FN:6,CodeButton
FN:8,onClick
FNF:2
FNH:0
FNDA:0,CodeButton
FNDA:0,onClick
DA:1,1
DA:2,1
DA:3,1
DA:4,1
DA:6,1
DA:8,0
DA:14,1
LF:7
LH:6
BRF:0
BRH:0
end_of_record
TN:
SF:E:/projects/react-markdown/src/client/components/SlateEditor/plugins/slate-code-plugin/CodeMark.js
FN:10,CodeMark
FNF:1
FNH:0
FNDA:0,CodeMark
DA:1,1
DA:3,1
DA:10,1
LF:3
LH:3
BRF:0
BRH:0
end_of_record
TN:
SF:E:/projects/react-markdown/src/client/components/SlateEditor/plugins/slate-code-plugin/CodeSchema.js
FNF:0
FNH:0
DA:1,1
DA:3,1
LF:2
LH:2
BRF:0
BRH:0
end_of_record
TN:
SF:E:/projects/react-markdown/src/client/components/SlateEditor/plugins/slate-code-plugin/CodeUtils.js
FN:1,hasMark
FN:1,(anonymous_1)
FN:3,codeMark
FNF:3
FNH:0
FNDA:0,hasMark
FNDA:0,(anonymous_1)
FNDA:0,codeMark
DA:1,1
DA:3,1
LF:2
LH:2
BRF:0
BRH:0
end_of_record
TN:
SF:E:/projects/react-markdown/src/client/components/SlateEditor/plugins/slate-code-plugin/index.js
FN:4,CodePlugin
FNF:1
FNH:0
FNDA:0,CodePlugin
DA:1,1
DA:2,1
DA:4,1
LF:3
LH:3
BRF:0
BRH:0
end_of_record
TN:
SF:E:/projects/react-markdown/src/client/components/SlateEditor/plugins/slate-extension-plugin/ObjectReferenceButton.js
FN:26,onClick
FN:15,onChange
FNF:2
FNH:0
FNDA:0,onClick
FNDA:0,onChange
DA:1,1
DA:2,1
DA:3,1
DA:19,0
DA:20,0
DA:22,0
DA:26,0
LF:7
LH:3
BRF:0
BRH:0
end_of_record
TN:
SF:E:\projects\react-markdown\src\client\components\SlateEditor\plugins\slate-extension-plugin\ObjectReferenceSchema.js
FN:3,(anonymous_0)
FNF:1
FNH:0
FNDA:0,(anonymous_0)
DA:4,0
LF:1
LH:0
BRF:0
BRH:0
end_of_record
TN:
SF:E:/projects/react-markdown/src/client/components/SlateEditor/plugins/slate-extension-plugin/ObjectReferenceUtils.js
FN:1,addSpecialCharacter
FN:22,addObjectReference
FN:31,removeObjectReference
FN:34,updateObjectReferenceText
FNF:4
FNH:0
FNDA:0,addSpecialCharacter
FNDA:0,addObjectReference
FNDA:0,removeObjectReference
FNDA:0,updateObjectReferenceText
DA:1,1
DA:2,0
DA:3,0
DA:4,0
DA:5,0
DA:6,0
DA:7,0
DA:9,0
DA:10,0
DA:12,0
DA:22,1
DA:23,0
DA:24,0
DA:26,0
DA:31,1
DA:32,0
DA:34,1
DA:35,0
DA:36,0
DA:38,0
LF:20
LH:4
BRDA:5,0,0,0
BRDA:5,0,1,0
BRDA:5,1,0,0
BRDA:5,1,1,0
BRDA:23,2,0,0
BRDA:23,2,1,0
BRDA:35,3,0,0
BRDA:35,3,1,0
BRF:8
BRH:0
end_of_record
TN:
SF:E:/projects/react-markdown/src/client/components/SlateEditor/plugins/slate-extension-plugin/index.js
FN:3,ObjectReferencePlugin
FNF:1
FNH:0
FNDA:0,ObjectReferencePlugin
DA:1,1
DA:3,1
LF:2
LH:2
BRF:0
BRH:0
end_of_record
TN:
SF:E:/projects/react-markdown/src/client/components/SlateEditor/plugins/slate-format-plugin/AbbrDefNode.js
FN:3,AbbrDefNode
FNF:1
FNH:0
FNDA:0,AbbrDefNode
DA:1,1
DA:3,1
DA:4,0
LF:3
LH:2
BRF:0
BRH:0
end_of_record
TN:
SF:E:/projects/react-markdown/src/client/components/SlateEditor/plugins/slate-format-plugin/AbbrNode.js
FN:14,AbbrNode
FNF:1
FNH:0
FNDA:0,AbbrNode
DA:1,1
DA:2,1
DA:4,1
DA:9,1
DA:14,1
DA:15,0
DA:16,0
DA:18,0
DA:23,1
LF:9
LH:6
BRF:0
BRH:0
end_of_record
TN:
SF:E:/projects/react-markdown/src/client/components/SlateEditor/plugins/slate-format-plugin/AnchorNode.js
FN:13,AnchorNode
FNF:1
FNH:0
FNDA:0,AnchorNode
DA:1,1
DA:2,1
DA:4,1
DA:8,1
DA:13,1
DA:14,0
DA:15,0
DA:17,0
DA:22,1
LF:9
LH:6
BRF:0
BRH:0
end_of_record
TN:
SF:E:/projects/react-markdown/src/client/components/SlateEditor/plugins/slate-format-plugin/CodeNode.js
FN:3,CodeNode
FNF:1
FNH:0
FNDA:0,CodeNode
DA:1,1
DA:3,1
DA:4,0
LF:3
LH:2
BRF:0
BRH:0
end_of_record
TN:
SF:E:/projects/react-markdown/src/client/components/SlateEditor/plugins/slate-format-plugin/DefinitionListNode.js
FN:8,DefinitionListNode
FNF:1
FNH:0
FNDA:0,DefinitionListNode
DA:1,1
DA:3,1
DA:8,1
DA:9,0
LF:4
LH:3
BRF:0
BRH:0
end_of_record
TN:
SF:E:/projects/react-markdown/src/client/components/SlateEditor/plugins/slate-format-plugin/DefinitionListSimpleNode.js
FN:8,DefinitionListSimpleNode
FNF:1
FNH:0
FNDA:0,DefinitionListSimpleNode
DA:1,1
DA:3,1
DA:8,1
DA:9,0
LF:4
LH:3
BRF:0
BRH:0
end_of_record
TN:
SF:E:/projects/react-markdown/src/client/components/SlateEditor/plugins/slate-format-plugin/DefinitionNode.js
FN:8,DefinitionNode
FNF:1
FNH:0
FNDA:0,DefinitionNode
DA:1,1
DA:3,1
DA:8,1
DA:9,0
LF:4
LH:3
BRF:0
BRH:0
end_of_record
TN:
SF:E:/projects/react-markdown/src/client/components/SlateEditor/plugins/slate-format-plugin/DefinitionSimpleNode.js
FN:9,DefinitionSimpleNode
FNF:1
FNH:0
FNDA:0,DefinitionSimpleNode
DA:1,1
DA:3,1
DA:9,1
DA:10,0
LF:4
LH:3
BRF:0
BRH:0
end_of_record
TN:
SF:E:/projects/react-markdown/src/client/components/SlateEditor/plugins/slate-format-plugin/DefinitionTermNode.js
FN:8,DefinitionTermNode
FNF:1
FNH:0
FNDA:0,DefinitionTermNode
DA:1,1
DA:3,1
DA:8,1
DA:9,0
LF:4
LH:3
BRF:0
BRH:0
end_of_record
TN:
SF:E:/projects/react-markdown/src/client/components/SlateEditor/plugins/slate-format-plugin/DefinitionTermSimpleNode.js
FN:8,DefinitionTermSimpleNode
FNF:1
FNH:0
FNDA:0,DefinitionTermSimpleNode
DA:1,1
DA:3,1
DA:8,1
DA:9,0
LF:4
LH:3
BRF:0
BRH:0
end_of_record
TN:
SF:E:/projects/react-markdown/src/client/components/SlateEditor/plugins/slate-format-plugin/EmojiesMark.js
FN:7,EmojiesMark
FNF:1
FNH:0
FNDA:0,EmojiesMark
DA:1,1
DA:3,1
DA:7,1
DA:8,0
LF:4
LH:3
BRF:0
BRH:0
end_of_record
TN:
SF:E:/projects/react-markdown/src/client/components/SlateEditor/plugins/slate-format-plugin/EmptyNode.js
FN:3,EmptyNode
FNF:1
FNH:0
FNDA:0,EmptyNode
DA:1,1
DA:3,1
DA:4,0
LF:3
LH:2
BRF:0
BRH:0
end_of_record
TN:
SF:E:/projects/react-markdown/src/client/components/SlateEditor/plugins/slate-format-plugin/FormatSchema.js
FNF:0
FNH:0
DA:1,1
DA:2,1
DA:3,1
DA:4,1
DA:5,1
DA:6,1
DA:7,1
DA:8,1
DA:9,1
DA:10,1
DA:11,1
DA:12,1
DA:13,1
DA:14,1
DA:15,1
DA:16,1
DA:17,1
DA:18,1
DA:19,1
DA:20,1
DA:21,1
DA:22,1
DA:23,1
DA:24,1
DA:25,1
DA:27,1
LF:26
LH:26
BRF:0
BRH:0
end_of_record
TN:
SF:E:/projects/react-markdown/src/client/components/SlateEditor/plugins/slate-format-plugin/HighlightMark.js
FN:8,HighlightMark
FNF:1
FNH:0
FNDA:0,HighlightMark
DA:1,1
DA:3,1
DA:8,1
DA:9,0
LF:4
LH:3
BRF:0
BRH:0
end_of_record
TN:
SF:E:/projects/react-markdown/src/client/components/SlateEditor/plugins/slate-format-plugin/HorizontalLineNode.js
FN:3,HorizontalLineNode
FNF:1
FNH:0
FNDA:0,HorizontalLineNode
DA:1,1
DA:3,1
DA:4,0
LF:3
LH:2
BRF:0
BRH:0
end_of_record
TN:
SF:E:/projects/react-markdown/src/client/components/SlateEditor/plugins/slate-format-plugin/ImgNode.js
FN:13,ImgNode
FNF:1
FNH:0
FNDA:0,ImgNode
DA:1,1
DA:2,1
DA:4,1
DA:9,1
DA:13,1
DA:14,0
DA:15,0
DA:16,0
DA:18,0
DA:23,1
DA:24,1
LF:11
LH:7
BRF:0
BRH:0
end_of_record
TN:
SF:E:/projects/react-markdown/src/client/components/SlateEditor/plugins/slate-format-plugin/ParagraphNode.js
FN:7,ParagraphNode
FNF:1
FNH:0
FNDA:0,ParagraphNode
DA:1,1
DA:3,1
DA:7,1
DA:8,0
LF:4
LH:3
BRF:0
BRH:0
end_of_record
TN:
SF:E:/projects/react-markdown/src/client/components/SlateEditor/plugins/slate-format-plugin/SoftBreakNode.js
FN:3,SoftBreakNode
FNF:1
FNH:0
FNDA:0,SoftBreakNode
DA:1,1
DA:3,1
DA:4,0
LF:3
LH:2
BRF:0
BRH:0
end_of_record
TN:
SF:E:/projects/react-markdown/src/client/components/SlateEditor/plugins/slate-format-plugin/SubscriptMark.js
FN:8,SubscriptMark
FNF:1
FNH:0
FNDA:0,SubscriptMark
DA:1,1
DA:3,1
DA:8,1
DA:9,0
LF:4
LH:3
BRF:0
BRH:0
end_of_record
TN:
SF:E:/projects/react-markdown/src/client/components/SlateEditor/plugins/slate-format-plugin/SuperscriptMark.js
FN:8,SuperscriptMark
FNF:1
FNH:0
FNDA:0,SuperscriptMark
DA:1,1
DA:3,1
DA:8,1
DA:9,0
LF:4
LH:3
BRF:0
BRH:0
end_of_record
TN:
SF:E:/projects/react-markdown/src/client/components/SlateEditor/plugins/slate-format-plugin/TableBodyNode.js
FN:3,TableBodyNode
FNF:1
FNH:0
FNDA:0,TableBodyNode
DA:1,1
DA:3,1
DA:4,0
LF:3
LH:2
BRF:0
BRH:0
end_of_record
TN:
SF:E:/projects/react-markdown/src/client/components/SlateEditor/plugins/slate-format-plugin/TableHeadCellNode.js
FN:3,TableHeadCellNode
FNF:1
FNH:0
FNDA:0,TableHeadCellNode
DA:1,1
DA:3,1
DA:4,0
LF:3
LH:2
BRF:0
BRH:0
end_of_record
TN:
SF:E:/projects/react-markdown/src/client/components/SlateEditor/plugins/slate-format-plugin/TableHeadNode.js
FN:3,TableHeadNode
FNF:1
FNH:0
FNDA:0,TableHeadNode
DA:1,1
DA:3,1
DA:4,0
LF:3
LH:2
BRF:0
BRH:0
end_of_record
TN:
SF:E:/projects/react-markdown/src/client/components/SlateEditor/plugins/slate-format-plugin/TableNode.js
FN:3,TableNode
FNF:1
FNH:0
FNDA:0,TableNode
DA:1,1
DA:3,1
DA:4,0
LF:3
LH:2
BRF:0
BRH:0
end_of_record
TN:
SF:E:/projects/react-markdown/src/client/components/SlateEditor/plugins/slate-format-plugin/TableRowCellNode.js
FN:3,TableRowCellNode
FNF:1
FNH:0
FNDA:0,TableRowCellNode
DA:1,1
DA:3,1
DA:4,0
LF:3
LH:2
BRF:0
BRH:0
end_of_record
TN:
SF:E:/projects/react-markdown/src/client/components/SlateEditor/plugins/slate-format-plugin/TableRowNode.js
FN:3,TableRowNode
FNF:1
FNH:0
FNDA:0,TableRowNode
DA:1,1
DA:3,1
DA:4,0
LF:3
LH:2
BRF:0
BRH:0
end_of_record
TN:
SF:E:/projects/react-markdown/src/client/components/SlateEditor/plugins/slate-format-plugin/index.js
FN:3,FormatPlugin
FNF:1
FNH:0
FNDA:0,FormatPlugin
DA:1,1
DA:3,1
LF:2
LH:2
BRF:0
BRH:0
end_of_record
TN:
SF:E:/projects/react-markdown/src/client/components/SlateEditor/plugins/slate-fullscreen-plugin/FullScreenButton.js
FN:7,FullScreenButton
FN:23,onClick
FNF:2
FNH:1
FNDA:16,FullScreenButton
FNDA:0,onClick
DA:1,1
DA:2,1
DA:3,1
DA:4,1
DA:5,1
DA:7,32
DA:8,16
DA:17,1
DA:22,1
LF:9
LH:9
BRF:0
BRH:0
end_of_record
TN:
SF:E:\projects\react-markdown\src\client\components\SlateEditor\plugins\slate-fullscreen-plugin\index.js
FNF:0
FNH:0
LF:0
LH:0
BRF:0
BRH:0
end_of_record
TN:
SF:E:/projects/react-markdown/src/client/components/SlateEditor/plugins/slate-header-plugin/HeaderFiveButton.js
FN:9,HeaderFiveButton
FN:14,onClick
FNF:2
FNH:0
FNDA:0,HeaderFiveButton
FNDA:0,onClick
DA:1,1
DA:2,1
DA:3,1
DA:4,1
DA:6,1
DA:9,1
DA:10,0
DA:11,0
DA:12,0
DA:14,0
DA:21,1
LF:11
LH:7
BRDA:14,0,0,0
BRDA:14,0,1,0
BRF:2
BRH:0
end_of_record
TN:
SF:E:/projects/react-markdown/src/client/components/SlateEditor/plugins/slate-header-plugin/HeaderFiveNode.js
FN:3,HeaderFiveNode
FNF:1
FNH:0
FNDA:0,HeaderFiveNode
DA:1,1
DA:3,1
LF:2
LH:2
BRF:0
BRH:0
end_of_record
TN:
SF:E:/projects/react-markdown/src/client/components/SlateEditor/plugins/slate-header-plugin/HeaderFourButton.js
FN:9,HeaderFourButton
FN:14,onClick
FNF:2
FNH:0
FNDA:0,HeaderFourButton
FNDA:0,onClick
DA:1,1
DA:2,1
DA:3,1
DA:4,1
DA:6,1
DA:9,1
DA:10,0
DA:11,0
DA:12,0
DA:14,0
DA:21,1
LF:11
LH:7
BRDA:14,0,0,0
BRDA:14,0,1,0
BRF:2
BRH:0
end_of_record
TN:
SF:E:/projects/react-markdown/src/client/components/SlateEditor/plugins/slate-header-plugin/HeaderFourNode.js
FN:3,HeaderFourNode
FNF:1
FNH:0
FNDA:0,HeaderFourNode
DA:1,1
DA:3,1
LF:2
LH:2
BRF:0
BRH:0
end_of_record
TN:
SF:E:/projects/react-markdown/src/client/components/SlateEditor/plugins/slate-header-plugin/HeaderOneButton.js
FN:9,HeaderOneButton
FN:14,onClick
FNF:2
FNH:0
FNDA:0,HeaderOneButton
FNDA:0,onClick
DA:1,1
DA:2,1
DA:3,1
DA:4,1
DA:6,1
DA:9,1
DA:10,0
DA:11,0
DA:12,0
DA:14,0
DA:21,1
LF:11
LH:7
BRDA:14,0,0,0
BRDA:14,0,1,0
BRF:2
BRH:0
end_of_record
TN:
SF:E:/projects/react-markdown/src/client/components/SlateEditor/plugins/slate-header-plugin/HeaderOneNode.js
FN:3,HeaderOneNode
FNF:1
FNH:0
FNDA:0,HeaderOneNode
DA:1,1
DA:3,1
LF:2
LH:2
BRF:0
BRH:0
end_of_record
TN:
SF:E:/projects/react-markdown/src/client/components/SlateEditor/plugins/slate-header-plugin/HeaderSchema.js
FNF:0
FNH:0
DA:1,1
DA:2,1
DA:3,1
DA:4,1
DA:5,1
DA:6,1
DA:8,1
LF:7
LH:7
BRF:0
BRH:0
end_of_record
TN:
SF:E:/projects/react-markdown/src/client/components/SlateEditor/plugins/slate-header-plugin/HeaderSixButton.js
FN:9,HeaderSixButton
FN:14,onClick
FNF:2
FNH:0
FNDA:0,HeaderSixButton
FNDA:0,onClick
DA:1,1
DA:2,1
DA:3,1
DA:4,1
DA:6,1
DA:9,1
DA:10,0
DA:11,0
DA:12,0
DA:14,0
DA:21,1
LF:11
LH:7
BRDA:14,0,0,0
BRDA:14,0,1,0
BRF:2
BRH:0
end_of_record
TN:
SF:E:/projects/react-markdown/src/client/components/SlateEditor/plugins/slate-header-plugin/HeaderSixNode.js
FN:3,HeaderSixNode
FNF:1
FNH:0
FNDA:0,HeaderSixNode
DA:1,1
DA:3,1
LF:2
LH:2
BRF:0
BRH:0
end_of_record
TN:
SF:E:/projects/react-markdown/src/client/components/SlateEditor/plugins/slate-header-plugin/HeaderThreeButton.js
FN:9,HeaderThreeButton
FN:14,onClick
FNF:2
FNH:0
FNDA:0,HeaderThreeButton
FNDA:0,onClick
DA:1,1
DA:2,1
DA:3,1
DA:4,1
DA:6,1
DA:9,1
DA:10,0
DA:11,0
DA:12,0
DA:14,0
DA:21,1
LF:11
LH:7
BRDA:14,0,0,0
BRDA:14,0,1,0
BRF:2
BRH:0
end_of_record
TN:
SF:E:/projects/react-markdown/src/client/components/SlateEditor/plugins/slate-header-plugin/HeaderThreeNode.js
FN:3,HeaderThreeNode
FNF:1
FNH:0
FNDA:0,HeaderThreeNode
DA:1,1
DA:3,1
LF:2
LH:2
BRF:0
BRH:0
end_of_record
TN:
SF:E:/projects/react-markdown/src/client/components/SlateEditor/plugins/slate-header-plugin/HeaderTwoButton.js
FN:9,HeaderTwoButton
FN:14,onClick
FNF:2
FNH:0
FNDA:0,HeaderTwoButton
FNDA:0,onClick
DA:1,1
DA:2,1
DA:3,1
DA:4,1
DA:6,1
DA:9,1
DA:10,0
DA:11,0
DA:12,0
DA:14,0
DA:21,1
LF:11
LH:7
BRDA:14,0,0,0
BRDA:14,0,1,0
BRF:2
BRH:0
end_of_record
TN:
SF:E:/projects/react-markdown/src/client/components/SlateEditor/plugins/slate-header-plugin/HeaderTwoNode.js
FN:3,HeaderTwoNode
FNF:1
FNH:0
FNDA:0,HeaderTwoNode
DA:1,1
DA:3,1
LF:2
LH:2
BRF:0
BRH:0
end_of_record
TN:
SF:E:/projects/react-markdown/src/client/components/SlateEditor/plugins/slate-header-plugin/HeaderUtils.js
FN:1,hasBlock
FN:1,(anonymous_1)
FN:5,unwrapBlock
FN:12,wrapBlock
FNF:4
FNH:0
FNDA:0,hasBlock
FNDA:0,(anonymous_1)
FNDA:0,unwrapBlock
FNDA:0,wrapBlock
DA:1,1
DA:3,1
DA:5,1
DA:12,1
LF:4
LH:4
BRF:0
BRH:0
end_of_record
TN:
SF:E:/projects/react-markdown/src/client/components/SlateEditor/plugins/slate-header-plugin/index.js
FN:9,HeaderPlugin
FNF:1
FNH:0
FNDA:0,HeaderPlugin
DA:1,1
DA:2,1
DA:3,1
DA:4,1
DA:5,1
DA:6,1
DA:7,1
DA:9,1
LF:8
LH:8
BRF:0
BRH:0
end_of_record
TN:
SF:E:/projects/react-markdown/src/client/components/SlateEditor/plugins/slate-italic-plugin/ItalicButton.js
FN:8,ItalicButton
FN:11,onClick
FNF:2
FNH:0
FNDA:0,ItalicButton
FNDA:0,onClick
DA:1,1
DA:2,1
DA:3,1
DA:4,1
DA:5,1
DA:6,1
DA:8,1
DA:11,0
DA:18,1
LF:9
LH:8
BRF:0
BRH:0
end_of_record
TN:
SF:E:/projects/react-markdown/src/client/components/SlateEditor/plugins/slate-italic-plugin/ItalicKeyboardShortcut.js
FN:4,ItalicKeyboardShortcut
FNF:1
FNH:0
FNDA:0,ItalicKeyboardShortcut
DA:1,1
DA:4,1
DA:5,0
DA:6,0
DA:8,0
LF:5
LH:2
BRDA:5,0,0,0
BRDA:5,0,1,0
BRDA:5,1,0,0
BRDA:5,1,1,0
BRDA:5,1,2,0
BRF:5
BRH:0
end_of_record
TN:
SF:E:/projects/react-markdown/src/client/components/SlateEditor/plugins/slate-italic-plugin/ItalicMark.js
FN:3,ItalicMark
FNF:1
FNH:0
FNDA:0,ItalicMark
DA:1,1
DA:3,1
LF:2
LH:2
BRF:0
BRH:0
end_of_record
TN:
SF:E:/projects/react-markdown/src/client/components/SlateEditor/plugins/slate-italic-plugin/ItalicSchema.js
FNF:0
FNH:0
DA:1,1
DA:3,1
LF:2
LH:2
BRF:0
BRH:0
end_of_record
TN:
SF:E:/projects/react-markdown/src/client/components/SlateEditor/plugins/slate-italic-plugin/ItalicUtils.js
FN:1,hasMark
FN:1,(anonymous_1)
FN:3,italicMark
FNF:3
FNH:0
FNDA:0,hasMark
FNDA:0,(anonymous_1)
FNDA:0,italicMark
DA:1,1
DA:3,1
LF:2
LH:2
BRF:0
BRH:0
end_of_record
TN:
SF:E:/projects/react-markdown/src/client/components/SlateEditor/plugins/slate-italic-plugin/index.js
FN:5,ItalicPlugin
FN:5,onKeyDown
FNF:2
FNH:0
FNDA:0,ItalicPlugin
FNDA:0,onKeyDown
DA:1,1
DA:2,1
DA:3,1
DA:5,1
DA:9,0
LF:5
LH:4
BRF:0
BRH:0
end_of_record
TN:
SF:E:/projects/react-markdown/src/client/components/SlateEditor/plugins/slate-link-plugin/LinkButton.js
FN:58,onClick
FN:17,onChange
FNF:2
FNH:0
FNDA:0,onClick
FNDA:0,onChange
DA:1,1
DA:2,1
DA:3,1
DA:5,1
DA:6,1
DA:7,1
DA:8,1
DA:25,0
DA:26,0
DA:28,0
DA:29,0
DA:34,0
DA:35,0
DA:37,0
DA:38,0
DA:41,0
DA:42,0
DA:43,0
DA:46,0
DA:47,0
DA:49,0
DA:50,0
DA:53,0
DA:55,0
DA:58,0
LF:25
LH:7
BRDA:47,0,0,0
BRDA:47,0,1,0
BRDA:49,1,0,0
BRDA:49,1,1,0
BRDA:49,2,0,0
BRDA:49,2,1,0
BRDA:53,3,0,0
BRDA:53,3,1,0
BRDA:62,4,0,0
BRDA:62,4,1,0
BRDA:64,5,0,0
BRDA:64,5,1,0
BRF:12
BRH:0
end_of_record
TN:
SF:E:/projects/react-markdown/src/client/components/SlateEditor/plugins/slate-link-plugin/LinkEditor.js
FN:68,onChange
FN:81,onChange
FN:20,onCancel
FN:21,onChange
FNF:4
FNH:0
FNDA:0,onChange
FNDA:0,onChange
FNDA:0,onCancel
FNDA:0,onChange
DA:1,1
DA:2,1
DA:3,1
DA:31,0
DA:33,0
DA:34,0
DA:37,0
DA:38,0
DA:42,0
DA:43,0
DA:44,0
DA:45,0
DA:46,0
DA:50,0
DA:51,0
DA:52,0
DA:54,0
DA:55,0
DA:68,0
DA:81,0
LF:20
LH:3
BRDA:33,0,0,0
BRDA:33,0,1,0
BRDA:37,1,0,0
BRDA:37,1,1,0
BRDA:44,2,0,0
BRDA:44,2,1,0
BRDA:44,3,0,0
BRDA:44,3,1,0
BRDA:54,4,0,0
BRDA:54,4,1,0
BRDA:94,5,0,0
BRDA:94,5,1,0
BRDA:100,6,0,0
BRDA:100,6,1,0
BRF:14
BRH:0
end_of_record
TN:
SF:E:/projects/react-markdown/src/client/components/SlateEditor/plugins/slate-link-plugin/LinkNode.js
FN:13,(anonymous_5)
FN:19,(anonymous_7)
FN:27,(anonymous_8)
FN:35,(anonymous_9)
FN:39,(anonymous_10)
FN:43,(anonymous_11)
FN:13,render
FNF:7
FNH:0
FNDA:0,(anonymous_5)
FNDA:0,(anonymous_7)
FNDA:0,(anonymous_8)
FNDA:0,(anonymous_9)
FNDA:0,(anonymous_10)
FNDA:0,(anonymous_11)
FNDA:0,render
DA:1,1
DA:2,1
DA:3,1
DA:4,1
DA:5,1
DA:7,1
DA:9,1
DA:11,1
DA:13,0
DA:20,0
DA:22,0
DA:23,0
DA:24,0
DA:28,0
DA:30,0
DA:32,0
DA:36,0
DA:40,0
DA:43,0
DA:44,0
DA:45,0
DA:46,0
DA:48,0
DA:53,0
DA:54,0
DA:55,0
DA:56,0
DA:57,0
DA:58,0
DA:61,0
DA:82,0
DA:102,0
DA:108,0
LF:33
LH:8
BRDA:13,0,0,0
BRDA:13,0,1,0
BRDA:85,1,0,0
BRDA:85,1,1,0
BRF:4
BRH:0
end_of_record
TN:
SF:E:/projects/react-markdown/src/client/components/SlateEditor/plugins/slate-link-plugin/LinkSchema.js
FNF:0
FNH:0
DA:1,1
DA:4,0
LF:2
LH:1
BRF:0
BRH:0
end_of_record
TN:
SF:E:/projects/react-markdown/src/client/components/SlateEditor/plugins/slate-link-plugin/LinkUtils.js
FN:1,getLink
FN:2,(anonymous_1)
FN:4,getSelectedText
FN:9,unlink
FN:16,updateLink
FN:23,(anonymous_5)
FNF:6
FNH:0
FNDA:0,getLink
FNDA:0,(anonymous_1)
FNDA:0,getSelectedText
FNDA:0,unlink
FNDA:0,updateLink
FNDA:0,(anonymous_5)
DA:1,1
DA:2,0
DA:4,1
DA:5,0
DA:6,0
DA:9,1
DA:16,1
DA:17,0
DA:18,0
DA:20,0
DA:22,0
DA:23,0
DA:24,0
DA:26,0
DA:30,0
DA:32,0
LF:16
LH:4
BRDA:22,0,0,0
BRDA:22,0,1,0
BRDA:24,1,0,0
BRDA:24,1,1,0
BRF:4
BRH:0
end_of_record
TN:
SF:E:/projects/react-markdown/src/client/components/SlateEditor/plugins/slate-link-plugin/index.js
FN:4,LinkPlugin
FNF:1
FNH:0
FNDA:0,LinkPlugin
DA:1,1
DA:2,1
DA:4,1
LF:3
LH:3
BRF:0
BRH:0
end_of_record
TN:
SF:E:/projects/react-markdown/src/client/components/SlateEditor/plugins/slate-list-plugin/ListItemNode.js
FN:4,ListItemNode
FNF:1
FNH:0
FNDA:0,ListItemNode
DA:1,1
DA:2,1
DA:4,1
DA:10,1
DA:14,1
LF:5
LH:5
BRF:0
BRH:0
end_of_record
TN:
SF:E:/projects/react-markdown/src/client/components/SlateEditor/plugins/slate-list-plugin/ListSchema.js
FNF:0
FNH:0
DA:1,1
DA:2,1
DA:3,1
DA:5,1
LF:4
LH:4
BRF:0
BRH:0
end_of_record
TN:
SF:E:/projects/react-markdown/src/client/components/SlateEditor/plugins/slate-list-plugin/ListUtils.js
FN:3,isList
FN:3,(anonymous_2)
FN:5,hasParentOfType
FN:6,(anonymous_4)
FN:6,(anonymous_5)
FN:8,isUnorderedList
FN:9,isOrderedList
FN:11,getNodeOfType
FN:11,(anonymous_9)
FN:12,getUnorderedListNode
FN:13,getOrderedListNode
FN:15,removeUnorderedList
FN:20,switchToOrderedList
FN:25,removeOrderedList
FN:30,switchToUnorderedList
FN:35,applyList
FN:40,onlyRemove
FN:41,onlyRemoveUnorderedList
FN:42,onlyRemoveOrderedList
FN:44,applyUnorderedList
FN:45,applyOrderedList
FN:47,deepRemoveList
FN:53,(anonymous_23)
FN:64,unorderedList
FN:74,orderedList
FN:91,increaseListDepthStrategy
FN:106,decreaseListDepthStrategy
FNF:27
FNH:0
FNDA:0,isList
FNDA:0,(anonymous_2)
FNDA:0,hasParentOfType
FNDA:0,(anonymous_4)
FNDA:0,(anonymous_5)
FNDA:0,isUnorderedList
FNDA:0,isOrderedList
FNDA:0,getNodeOfType
FNDA:0,(anonymous_9)
FNDA:0,getUnorderedListNode
FNDA:0,getOrderedListNode
FNDA:0,removeUnorderedList
FNDA:0,switchToOrderedList
FNDA:0,removeOrderedList
FNDA:0,switchToUnorderedList
FNDA:0,applyList
FNDA:0,onlyRemove
FNDA:0,onlyRemoveUnorderedList
FNDA:0,onlyRemoveOrderedList
FNDA:0,applyUnorderedList
FNDA:0,applyOrderedList
FNDA:0,deepRemoveList
FNDA:0,(anonymous_23)
FNDA:0,unorderedList
FNDA:0,orderedList
FNDA:0,increaseListDepthStrategy
FNDA:0,decreaseListDepthStrategy
DA:1,1
DA:3,1
DA:5,1
DA:6,0
DA:8,1
DA:9,1
DA:11,1
DA:12,1
DA:13,1
DA:15,1
DA:20,1
DA:25,1
DA:30,1
DA:35,1
DA:40,1
DA:41,1
DA:42,1
DA:44,1
DA:45,1
DA:47,1
DA:48,0
DA:49,0
DA:50,0
DA:52,0
DA:53,0
DA:54,0
DA:55,0
DA:56,0
DA:58,0
DA:61,0
DA:64,1
DA:65,0
DA:66,0
DA:68,0
DA:69,0
DA:70,0
DA:71,0
DA:74,1
DA:75,0
DA:78,0
DA:81,0
DA:82,0
DA:83,0
DA:84,0
DA:86,0
DA:88,0
DA:91,1
DA:93,0
DA:94,0
DA:97,0
DA:98,0
DA:100,0
DA:101,0
DA:103,0
DA:106,1
DA:108,0
DA:109,0
DA:112,0
DA:113,0
DA:114,0
DA:115,0
DA:117,0
DA:118,0
DA:120,0
LF:64
LH:23
BRDA:55,0,0,0
BRDA:55,0,1,0
BRDA:66,1,0,0
BRDA:66,1,1,0
BRDA:68,2,0,0
BRDA:68,2,1,0
BRDA:69,3,0,0
BRDA:69,3,1,0
BRDA:78,4,0,0
BRDA:78,4,1,0
BRDA:81,5,0,0
BRDA:81,5,1,0
BRDA:83,6,0,0
BRDA:83,6,1,0
BRDA:93,7,0,0
BRDA:93,7,1,0
BRDA:97,8,0,0
BRDA:97,8,1,0
BRDA:100,9,0,0
BRDA:100,9,1,0
BRDA:108,10,0,0
BRDA:108,10,1,0
BRDA:114,11,0,0
BRDA:114,11,1,0
BRDA:114,12,0,0
BRDA:114,12,1,0
BRDA:117,13,0,0
BRDA:117,13,1,0
BRDA:117,14,0,0
BRDA:117,14,1,0
BRF:30
BRH:0
end_of_record
TN:
SF:E:/projects/react-markdown/src/client/components/SlateEditor/plugins/slate-list-plugin/OrderedListButton.js
FN:9,OrderedListButton
FN:12,onClick
FN:25,onChange
FNF:3
FNH:0
FNDA:0,OrderedListButton
FNDA:0,onClick
FNDA:0,onChange
DA:1,1
DA:2,1
DA:3,1
DA:5,1
DA:6,1
DA:7,1
DA:9,1
DA:12,0
DA:19,1
DA:24,1
LF:10
LH:9
BRF:0
BRH:0
end_of_record
TN:
SF:E:/projects/react-markdown/src/client/components/SlateEditor/plugins/slate-list-plugin/OrderedListNode.js
FN:4,OrderedListNode
FNF:1
FNH:0
FNDA:0,OrderedListNode
DA:1,1
DA:2,1
DA:4,1
DA:10,1
DA:14,1
LF:5
LH:5
BRF:0
BRH:0
end_of_record
TN:
SF:E:/projects/react-markdown/src/client/components/SlateEditor/plugins/slate-list-plugin/UnorderedListButton.js
FN:8,UnorderedListButton
FN:11,onClick
FN:24,onChange
FNF:3
FNH:0
FNDA:0,UnorderedListButton
FNDA:0,onClick
FNDA:0,onChange
DA:1,1
DA:2,1
DA:3,1
DA:4,1
DA:5,1
DA:6,1
DA:8,1
DA:11,0
DA:18,1
DA:23,1
LF:10
LH:9
BRF:0
BRH:0
end_of_record
TN:
SF:E:/projects/react-markdown/src/client/components/SlateEditor/plugins/slate-list-plugin/UnorderedListNode.js
FN:4,UnorderedListNode
FNF:1
FNH:0
FNDA:0,UnorderedListNode
DA:1,1
DA:2,1
DA:4,1
DA:10,1
DA:14,1
LF:5
LH:5
BRF:0
BRH:0
end_of_record
TN:
SF:E:/projects/react-markdown/src/client/components/SlateEditor/plugins/slate-list-plugin/index.js
FN:5,ListPlugin
FNF:1
FNH:0
FNDA:0,ListPlugin
DA:1,1
DA:2,1
DA:3,1
DA:5,1
LF:4
LH:4
BRF:0
BRH:0
end_of_record
TN:
SF:E:/projects/react-markdown/src/client/components/SlateEditor/plugins/slate-strikethrough-plugin/StrikethroughButton.js
FN:8,StrikethroughButton
FN:11,onClick
FNF:2
FNH:0
FNDA:0,StrikethroughButton
FNDA:0,onClick
DA:1,1
DA:2,1
DA:3,1
DA:4,1
DA:5,1
DA:6,1
DA:8,1
DA:11,0
DA:18,1
LF:9
LH:8
BRF:0
BRH:0
end_of_record
TN:
SF:E:/projects/react-markdown/src/client/components/SlateEditor/plugins/slate-strikethrough-plugin/StrikethroughKeyboardShortcut.js
FN:4,StrikethroughKeyboardShortcut
FNF:1
FNH:0
FNDA:0,StrikethroughKeyboardShortcut
DA:1,1
DA:4,1
DA:5,0
DA:6,0
DA:7,0
DA:9,0
DA:10,0
DA:13,0
LF:8
LH:2
BRDA:6,0,0,0
BRDA:6,0,1,0
BRDA:6,0,2,0
BRDA:7,1,0,0
BRDA:7,1,1,0
BRDA:7,1,2,0
BRDA:9,2,0,0
BRDA:9,2,1,0
BRDA:9,3,0,0
BRDA:9,3,1,0
BRF:10
BRH:0
end_of_record
TN:
SF:E:/projects/react-markdown/src/client/components/SlateEditor/plugins/slate-strikethrough-plugin/StrikethroughMark.js
FN:4,StrikethroughMark
FNF:1
FNH:0
FNDA:0,StrikethroughMark
DA:1,1
DA:4,1
LF:2
LH:2
BRF:0
BRH:0
end_of_record
TN:
SF:E:/projects/react-markdown/src/client/components/SlateEditor/plugins/slate-strikethrough-plugin/StrikethroughSchema.js
FNF:0
FNH:0
DA:1,1
DA:4,1
LF:2
LH:2
BRF:0
BRH:0
end_of_record
TN:
SF:E:/projects/react-markdown/src/client/components/SlateEditor/plugins/slate-strikethrough-plugin/StrikethroughUtils.js
FN:1,hasMark
FN:1,(anonymous_1)
FN:3,strikethroughMark
FNF:3
FNH:0
FNDA:0,hasMark
FNDA:0,(anonymous_1)
FNDA:0,strikethroughMark
DA:1,1
DA:3,1
LF:2
LH:2
BRF:0
BRH:0
end_of_record
TN:
SF:E:/projects/react-markdown/src/client/components/SlateEditor/plugins/slate-strikethrough-plugin/index.js
FN:5,StrikethroughPlugin
FN:5,onKeyDown
FNF:2
FNH:0
FNDA:0,StrikethroughPlugin
FNDA:0,onKeyDown
DA:1,1
DA:2,1
DA:3,1
DA:5,1
DA:9,0
LF:5
LH:4
BRF:0
BRH:0
end_of_record
TN:
SF:E:/projects/react-markdown/src/client/components/SlateEditor/plugins/slate-underline-plugin/UnderlineButton.js
FN:6,UnderlineButton
FN:8,onClick
FNF:2
FNH:0
FNDA:0,UnderlineButton
FNDA:0,onClick
DA:1,1
DA:2,1
DA:3,1
DA:4,1
DA:6,1
DA:8,0
DA:14,1
LF:7
LH:6
BRF:0
BRH:0
end_of_record
TN:
SF:E:/projects/react-markdown/src/client/components/SlateEditor/plugins/slate-underline-plugin/UnderlineMark.js
FN:4,UnderlineMark
FNF:1
FNH:0
FNDA:0,UnderlineMark
DA:1,1
DA:4,1
LF:2
LH:2
BRF:0
BRH:0
end_of_record
TN:
SF:E:/projects/react-markdown/src/client/components/SlateEditor/plugins/slate-underline-plugin/UnderlineSchema.js
FNF:0
FNH:0
DA:1,1
DA:4,1
LF:2
LH:2
BRF:0
BRH:0
end_of_record
TN:
SF:E:/projects/react-markdown/src/client/components/SlateEditor/plugins/slate-underline-plugin/UnderlineUtils.js
FN:1,hasMark
FN:1,(anonymous_1)
FN:3,underlineMark
FNF:3
FNH:0
FNDA:0,hasMark
FNDA:0,(anonymous_1)
FNDA:0,underlineMark
DA:1,1
DA:3,1
LF:2
LH:2
BRF:0
BRH:0
end_of_record
TN:
SF:E:/projects/react-markdown/src/client/components/SlateEditor/plugins/slate-underline-plugin/index.js
FN:4,UnderlinePlugin
FNF:1
FNH:0
FNDA:0,UnderlinePlugin
DA:1,1
DA:2,1
DA:4,1
LF:3
LH:3
BRF:0
BRH:0
end_of_record
